-- The C compiler identification is GNU 11.4.0
-- The CXX compiler identification is GNU 11.4.0
-- Detecting C compiler ABI info
-- Detecting C compiler ABI info - done
-- Check for working C compiler: /usr/bin/cc - skipped
-- Detecting C compile features
-- Detecting C compile features - done
-- Detecting CXX compiler ABI info
-- Detecting CXX compiler ABI info - done
-- Check for working CXX compiler: /usr/bin/c++ - skipped
-- Detecting CXX compile features
-- Detecting CXX compile features - done
-- Found ament_cmake: 1.3.7 (/opt/ros/humble/share/ament_cmake/cmake)
-- Found Python3: /usr/bin/python3.10 (found version "3.10.12") found components: Interpreter 
-- Found ament_lint_auto: 0.12.10 (/opt/ros/humble/share/ament_lint_auto/cmake)
-- Added test 'lint_cmake' to check CMake code style
-- Added test 'xmllint' to check XML markup files
-- Configuring done
-- Generating done
-- Build files have been written to: /home/shubham/be_project_ws/build/robotic_arm_controller
-- Install configuration: ""
-- Installing: /home/shubham/be_project_ws/install/robotic_arm_controller/share/ament_index/resource_index/package_run_dependencies/robotic_arm_controller
-- Installing: /home/shubham/be_project_ws/install/robotic_arm_controller/share/ament_index/resource_index/parent_prefix_path/robotic_arm_controller
-- Installing: /home/shubham/be_project_ws/install/robotic_arm_controller/share/robotic_arm_controller/environment/ament_prefix_path.sh
-- Installing: /home/shubham/be_project_ws/install/robotic_arm_controller/share/robotic_arm_controller/environment/ament_prefix_path.dsv
-- Installing: /home/shubham/be_project_ws/install/robotic_arm_controller/share/robotic_arm_controller/environment/path.sh
-- Installing: /home/shubham/be_project_ws/install/robotic_arm_controller/share/robotic_arm_controller/environment/path.dsv
-- Installing: /home/shubham/be_project_ws/install/robotic_arm_controller/share/robotic_arm_controller/local_setup.bash
-- Installing: /home/shubham/be_project_ws/install/robotic_arm_controller/share/robotic_arm_controller/local_setup.sh
-- Installing: /home/shubham/be_project_ws/install/robotic_arm_controller/share/robotic_arm_controller/local_setup.zsh
-- Installing: /home/shubham/be_project_ws/install/robotic_arm_controller/share/robotic_arm_controller/local_setup.dsv
-- Installing: /home/shubham/be_project_ws/install/robotic_arm_controller/share/robotic_arm_controller/package.dsv
-- Installing: /home/shubham/be_project_ws/install/robotic_arm_controller/share/ament_index/resource_index/packages/robotic_arm_controller
-- Installing: /home/shubham/be_project_ws/install/robotic_arm_controller/share/robotic_arm_controller/cmake/robotic_arm_controllerConfig.cmake
-- Installing: /home/shubham/be_project_ws/install/robotic_arm_controller/share/robotic_arm_controller/cmake/robotic_arm_controllerConfig-version.cmake
-- Installing: /home/shubham/be_project_ws/install/robotic_arm_controller/share/robotic_arm_controller/package.xml
