[0.231s] Invoking command in '/home/shubham/be_project_ws/build/robotic_arm_controller': CMAKE_PREFIX_PATH=${CMAKE_PREFIX_PATH}:/home/shubham/arduinobot_ws/install/arduinobot_py_examples:/opt/ros/humble /usr/bin/cmake /home/shubham/be_project_ws/src/robotic_arm_controller -DCMAKE_INSTALL_PREFIX=/home/shubham/be_project_ws/install/robotic_arm_controller
[0.339s] -- The C compiler identification is GNU 11.4.0
[0.417s] -- The CXX compiler identification is GNU 11.4.0
[0.426s] -- Detecting C compiler ABI info
[0.481s] -- Detecting C compiler ABI info - done
[0.487s] -- Check for working C compiler: /usr/bin/cc - skipped
[0.487s] -- Detecting C compile features
[0.489s] -- Detecting C compile features - done
[0.492s] -- Detecting CXX compiler ABI info
[0.553s] -- Detecting CXX compiler ABI info - done
[0.559s] -- Check for working CXX compiler: /usr/bin/c++ - skipped
[0.559s] -- Detecting CXX compile features
[0.559s] -- Detecting CXX compile features - done
[0.564s] -- Found ament_cmake: 1.3.7 (/opt/ros/humble/share/ament_cmake/cmake)
[0.691s] -- Found Python3: /usr/bin/python3.10 (found version "3.10.12") found components: Interpreter 
[0.796s] -- Found ament_lint_auto: 0.12.10 (/opt/ros/humble/share/ament_lint_auto/cmake)
[0.867s] -- Added test 'lint_cmake' to check CMake code style
[0.868s] -- Added test 'xmllint' to check XML markup files
[0.869s] -- Configuring done
[0.871s] -- Generating done
[0.871s] -- Build files have been written to: /home/shubham/be_project_ws/build/robotic_arm_controller
[0.874s] Invoked command in '/home/shubham/be_project_ws/build/robotic_arm_controller' returned '0': CMAKE_PREFIX_PATH=${CMAKE_PREFIX_PATH}:/home/shubham/arduinobot_ws/install/arduinobot_py_examples:/opt/ros/humble /usr/bin/cmake /home/shubham/be_project_ws/src/robotic_arm_controller -DCMAKE_INSTALL_PREFIX=/home/shubham/be_project_ws/install/robotic_arm_controller
[0.875s] Invoking command in '/home/shubham/be_project_ws/build/robotic_arm_controller': CMAKE_PREFIX_PATH=${CMAKE_PREFIX_PATH}:/home/shubham/arduinobot_ws/install/arduinobot_py_examples:/opt/ros/humble /usr/bin/cmake --build /home/shubham/be_project_ws/build/robotic_arm_controller -- -j16 -l16
[0.902s] Invoked command in '/home/shubham/be_project_ws/build/robotic_arm_controller' returned '0': CMAKE_PREFIX_PATH=${CMAKE_PREFIX_PATH}:/home/shubham/arduinobot_ws/install/arduinobot_py_examples:/opt/ros/humble /usr/bin/cmake --build /home/shubham/be_project_ws/build/robotic_arm_controller -- -j16 -l16
[0.916s] Invoking command in '/home/shubham/be_project_ws/build/robotic_arm_controller': CMAKE_PREFIX_PATH=${CMAKE_PREFIX_PATH}:/home/shubham/arduinobot_ws/install/arduinobot_py_examples:/opt/ros/humble /usr/bin/cmake --install /home/shubham/be_project_ws/build/robotic_arm_controller
[0.921s] -- Install configuration: ""
[0.921s] -- Installing: /home/shubham/be_project_ws/install/robotic_arm_controller/share/ament_index/resource_index/package_run_dependencies/robotic_arm_controller
[0.921s] -- Installing: /home/shubham/be_project_ws/install/robotic_arm_controller/share/ament_index/resource_index/parent_prefix_path/robotic_arm_controller
[0.921s] -- Installing: /home/shubham/be_project_ws/install/robotic_arm_controller/share/robotic_arm_controller/environment/ament_prefix_path.sh
[0.921s] -- Installing: /home/shubham/be_project_ws/install/robotic_arm_controller/share/robotic_arm_controller/environment/ament_prefix_path.dsv
[0.921s] -- Installing: /home/shubham/be_project_ws/install/robotic_arm_controller/share/robotic_arm_controller/environment/path.sh
[0.921s] -- Installing: /home/shubham/be_project_ws/install/robotic_arm_controller/share/robotic_arm_controller/environment/path.dsv
[0.921s] -- Installing: /home/shubham/be_project_ws/install/robotic_arm_controller/share/robotic_arm_controller/local_setup.bash
[0.921s] -- Installing: /home/shubham/be_project_ws/install/robotic_arm_controller/share/robotic_arm_controller/local_setup.sh
[0.922s] -- Installing: /home/shubham/be_project_ws/install/robotic_arm_controller/share/robotic_arm_controller/local_setup.zsh
[0.922s] -- Installing: /home/shubham/be_project_ws/install/robotic_arm_controller/share/robotic_arm_controller/local_setup.dsv
[0.922s] -- Installing: /home/shubham/be_project_ws/install/robotic_arm_controller/share/robotic_arm_controller/package.dsv
[0.922s] -- Installing: /home/shubham/be_project_ws/install/robotic_arm_controller/share/ament_index/resource_index/packages/robotic_arm_controller
[0.922s] -- Installing: /home/shubham/be_project_ws/install/robotic_arm_controller/share/robotic_arm_controller/cmake/robotic_arm_controllerConfig.cmake
[0.922s] -- Installing: /home/shubham/be_project_ws/install/robotic_arm_controller/share/robotic_arm_controller/cmake/robotic_arm_controllerConfig-version.cmake
[0.922s] -- Installing: /home/shubham/be_project_ws/install/robotic_arm_controller/share/robotic_arm_controller/package.xml
[0.923s] Invoked command in '/home/shubham/be_project_ws/build/robotic_arm_controller' returned '0': CMAKE_PREFIX_PATH=${CMAKE_PREFIX_PATH}:/home/shubham/arduinobot_ws/install/arduinobot_py_examples:/opt/ros/humble /usr/bin/cmake --install /home/shubham/be_project_ws/build/robotic_arm_controller
