-- Install configuration: ""
-- Up-to-date: /home/shubham/be_project_ws/install/ros_robot_controller/share/ros_robot_controller/config
-- Up-to-date: /home/shubham/be_project_ws/install/ros_robot_controller/share/ros_robot_controller/config/ros_robot_controllers.yaml
-- Installing: /home/shubham/be_project_ws/install/ros_robot_controller/share/ros_robot_controller/config/joystick.yaml
-- Up-to-date: /home/shubham/be_project_ws/install/ros_robot_controller/share/ros_robot_controller/config/mapper_params_online_async.yaml
-- Up-to-date: /home/shubham/be_project_ws/install/ros_robot_controller/share/ros_robot_controller/launch
-- Up-to-date: /home/shubham/be_project_ws/install/ros_robot_controller/share/ros_robot_controller/launch/controller.launch.py
-- Up-to-date: /home/shubham/be_project_ws/install/ros_robot_controller/share/ros_robot_controller/launch/joystick.launch.py
-- Up-to-date: /home/shubham/be_project_ws/install/ros_robot_controller/share/ament_index/resource_index/package_run_dependencies/ros_robot_controller
-- Up-to-date: /home/shubham/be_project_ws/install/ros_robot_controller/share/ament_index/resource_index/parent_prefix_path/ros_robot_controller
-- Up-to-date: /home/shubham/be_project_ws/install/ros_robot_controller/share/ros_robot_controller/environment/ament_prefix_path.sh
-- Up-to-date: /home/shubham/be_project_ws/install/ros_robot_controller/share/ros_robot_controller/environment/ament_prefix_path.dsv
-- Up-to-date: /home/shubham/be_project_ws/install/ros_robot_controller/share/ros_robot_controller/environment/path.sh
-- Up-to-date: /home/shubham/be_project_ws/install/ros_robot_controller/share/ros_robot_controller/environment/path.dsv
-- Up-to-date: /home/shubham/be_project_ws/install/ros_robot_controller/share/ros_robot_controller/local_setup.bash
-- Up-to-date: /home/shubham/be_project_ws/install/ros_robot_controller/share/ros_robot_controller/local_setup.sh
-- Up-to-date: /home/shubham/be_project_ws/install/ros_robot_controller/share/ros_robot_controller/local_setup.zsh
-- Up-to-date: /home/shubham/be_project_ws/install/ros_robot_controller/share/ros_robot_controller/local_setup.dsv
-- Installing: /home/shubham/be_project_ws/install/ros_robot_controller/share/ros_robot_controller/package.dsv
-- Up-to-date: /home/shubham/be_project_ws/install/ros_robot_controller/share/ament_index/resource_index/packages/ros_robot_controller
-- Up-to-date: /home/shubham/be_project_ws/install/ros_robot_controller/share/ros_robot_controller/cmake/ros_robot_controllerConfig.cmake
-- Up-to-date: /home/shubham/be_project_ws/install/ros_robot_controller/share/ros_robot_controller/cmake/ros_robot_controllerConfig-version.cmake
-- Up-to-date: /home/shubham/be_project_ws/install/ros_robot_controller/share/ros_robot_controller/package.xml
