[0.861s] Invoking command in '/home/shubham/be_project_ws/build/ros_robot_controller': CMAKE_PREFIX_PATH=${CMAKE_PREFIX_PATH}:/home/shubham/arduinobot_ws/install/arduinobot_py_examples:/opt/ros/humble /usr/bin/cmake --build /home/shubham/be_project_ws/build/ros_robot_controller -- -j16 -l16
[1.023s] Invoked command in '/home/shubham/be_project_ws/build/ros_robot_controller' returned '0': CMAKE_PREFIX_PATH=${CMAKE_PREFIX_PATH}:/home/shubham/arduinobot_ws/install/arduinobot_py_examples:/opt/ros/humble /usr/bin/cmake --build /home/shubham/be_project_ws/build/ros_robot_controller -- -j16 -l16
[1.147s] Invoking command in '/home/shubham/be_project_ws/build/ros_robot_controller': CMAKE_PREFIX_PATH=${CMAKE_PREFIX_PATH}:/home/shubham/arduinobot_ws/install/arduinobot_py_examples:/opt/ros/humble /usr/bin/cmake --install /home/shubham/be_project_ws/build/ros_robot_controller
[1.217s] -- Install configuration: ""
[1.217s] -- Up-to-date: /home/shubham/be_project_ws/install/ros_robot_controller/share/ros_robot_controller/config
[1.219s] -- Up-to-date: /home/shubham/be_project_ws/install/ros_robot_controller/share/ros_robot_controller/config/ros_robot_controllers.yaml
[1.220s] -- Up-to-date: /home/shubham/be_project_ws/install/ros_robot_controller/share/ros_robot_controller/config/joystick.yaml
[1.223s] -- Up-to-date: /home/shubham/be_project_ws/install/ros_robot_controller/share/ros_robot_controller/launch
[1.224s] -- Up-to-date: /home/shubham/be_project_ws/install/ros_robot_controller/share/ros_robot_controller/launch/controller.launch.py
[1.224s] -- Up-to-date: /home/shubham/be_project_ws/install/ros_robot_controller/share/ros_robot_controller/launch/joystick.launch.py
[1.225s] -- Up-to-date: /home/shubham/be_project_ws/install/ros_robot_controller/share/ament_index/resource_index/package_run_dependencies/ros_robot_controller
[1.226s] -- Up-to-date: /home/shubham/be_project_ws/install/ros_robot_controller/share/ament_index/resource_index/parent_prefix_path/ros_robot_controller
[1.227s] -- Up-to-date: /home/shubham/be_project_ws/install/ros_robot_controller/share/ros_robot_controller/environment/ament_prefix_path.sh
[1.228s] -- Up-to-date: /home/shubham/be_project_ws/install/ros_robot_controller/share/ros_robot_controller/environment/ament_prefix_path.dsv
[1.235s] -- Up-to-date: /home/shubham/be_project_ws/install/ros_robot_controller/share/ros_robot_controller/environment/path.sh
[1.236s] -- Up-to-date: /home/shubham/be_project_ws/install/ros_robot_controller/share/ros_robot_controller/environment/path.dsv
[1.237s] -- Up-to-date: /home/shubham/be_project_ws/install/ros_robot_controller/share/ros_robot_controller/local_setup.bash
[1.237s] -- Up-to-date: /home/shubham/be_project_ws/install/ros_robot_controller/share/ros_robot_controller/local_setup.sh
[1.238s] -- Up-to-date: /home/shubham/be_project_ws/install/ros_robot_controller/share/ros_robot_controller/local_setup.zsh
[1.240s] -- Up-to-date: /home/shubham/be_project_ws/install/ros_robot_controller/share/ros_robot_controller/local_setup.dsv
[1.241s] -- Installing: /home/shubham/be_project_ws/install/ros_robot_controller/share/ros_robot_controller/package.dsv
[1.257s] -- Up-to-date: /home/shubham/be_project_ws/install/ros_robot_controller/share/ament_index/resource_index/packages/ros_robot_controller
[1.275s] -- Up-to-date: /home/shubham/be_project_ws/install/ros_robot_controller/share/ros_robot_controller/cmake/ros_robot_controllerConfig.cmake
[1.275s] -- Up-to-date: /home/shubham/be_project_ws/install/ros_robot_controller/share/ros_robot_controller/cmake/ros_robot_controllerConfig-version.cmake
[1.275s] -- Up-to-date: /home/shubham/be_project_ws/install/ros_robot_controller/share/ros_robot_controller/package.xml
[1.917s] Invoked command in '/home/shubham/be_project_ws/build/ros_robot_controller' returned '0': CMAKE_PREFIX_PATH=${CMAKE_PREFIX_PATH}:/home/shubham/arduinobot_ws/install/arduinobot_py_examples:/opt/ros/humble /usr/bin/cmake --install /home/shubham/be_project_ws/build/ros_robot_controller
