[0.082s] Invoking command in '/home/shubham/be_project_ws/build/ros_robot_description': CMAKE_PREFIX_PATH=${CMAKE_PREFIX_PATH}:/home/shubham/arduinobot_ws/install/arduinobot_py_examples:/opt/ros/humble /usr/bin/cmake /home/shubham/be_project_ws/src/ros_robot_description -DCMAKE_INSTALL_PREFIX=/home/shubham/be_project_ws/install/ros_robot_description
[0.288s] -- The C compiler identification is GNU 11.4.0
[0.398s] -- The CXX compiler identification is GNU 11.4.0
[0.407s] -- Detecting C compiler ABI info
[0.462s] -- Detecting C compiler ABI info - done
[0.469s] -- Check for working C compiler: /usr/bin/cc - skipped
[0.471s] -- Detecting C compile features
[0.472s] -- Detecting C compile features - done
[0.475s] -- Detecting CXX compiler ABI info
[0.551s] -- Detecting CXX compiler ABI info - done
[0.559s] -- Check for working CXX compiler: /usr/bin/c++ - skipped
[0.559s] -- Detecting CXX compile features
[0.559s] -- Detecting CXX compile features - done
[0.564s] -- Found ament_cmake: 1.3.7 (/opt/ros/humble/share/ament_cmake/cmake)
[0.696s] -- Found Python3: /usr/bin/python3.10 (found version "3.10.12") found components: Interpreter 
[0.790s] -- Found ament_lint_auto: 0.12.10 (/opt/ros/humble/share/ament_lint_auto/cmake)
[0.858s] -- Added test 'lint_cmake' to check CMake code style
[0.859s] -- Added test 'xmllint' to check XML markup files
[0.860s] -- Configuring done
[0.862s] -- Generating done
[0.862s] -- Build files have been written to: /home/shubham/be_project_ws/build/ros_robot_description
[0.866s] Invoked command in '/home/shubham/be_project_ws/build/ros_robot_description' returned '0': CMAKE_PREFIX_PATH=${CMAKE_PREFIX_PATH}:/home/shubham/arduinobot_ws/install/arduinobot_py_examples:/opt/ros/humble /usr/bin/cmake /home/shubham/be_project_ws/src/ros_robot_description -DCMAKE_INSTALL_PREFIX=/home/shubham/be_project_ws/install/ros_robot_description
[0.867s] Invoking command in '/home/shubham/be_project_ws/build/ros_robot_description': CMAKE_PREFIX_PATH=${CMAKE_PREFIX_PATH}:/home/shubham/arduinobot_ws/install/arduinobot_py_examples:/opt/ros/humble /usr/bin/cmake --build /home/shubham/be_project_ws/build/ros_robot_description -- -j16 -l16
[0.894s] Invoked command in '/home/shubham/be_project_ws/build/ros_robot_description' returned '0': CMAKE_PREFIX_PATH=${CMAKE_PREFIX_PATH}:/home/shubham/arduinobot_ws/install/arduinobot_py_examples:/opt/ros/humble /usr/bin/cmake --build /home/shubham/be_project_ws/build/ros_robot_description -- -j16 -l16
[0.916s] Invoking command in '/home/shubham/be_project_ws/build/ros_robot_description': CMAKE_PREFIX_PATH=${CMAKE_PREFIX_PATH}:/home/shubham/arduinobot_ws/install/arduinobot_py_examples:/opt/ros/humble /usr/bin/cmake --install /home/shubham/be_project_ws/build/ros_robot_description
[0.928s] -- Install configuration: ""
[0.928s] -- Installing: /home/shubham/be_project_ws/install/ros_robot_description/share/ament_index/resource_index/package_run_dependencies/ros_robot_description
[0.928s] -- Installing: /home/shubham/be_project_ws/install/ros_robot_description/share/ament_index/resource_index/parent_prefix_path/ros_robot_description
[0.928s] -- Installing: /home/shubham/be_project_ws/install/ros_robot_description/share/ros_robot_description/environment/ament_prefix_path.sh
[0.929s] -- Installing: /home/shubham/be_project_ws/install/ros_robot_description/share/ros_robot_description/environment/ament_prefix_path.dsv
[0.929s] -- Installing: /home/shubham/be_project_ws/install/ros_robot_description/share/ros_robot_description/environment/path.sh
[0.929s] -- Installing: /home/shubham/be_project_ws/install/ros_robot_description/share/ros_robot_description/environment/path.dsv
[0.929s] -- Installing: /home/shubham/be_project_ws/install/ros_robot_description/share/ros_robot_description/local_setup.bash
[0.929s] -- Installing: /home/shubham/be_project_ws/install/ros_robot_description/share/ros_robot_description/local_setup.sh
[0.929s] -- Installing: /home/shubham/be_project_ws/install/ros_robot_description/share/ros_robot_description/local_setup.zsh
[0.929s] -- Installing: /home/shubham/be_project_ws/install/ros_robot_description/share/ros_robot_description/local_setup.dsv
[0.929s] -- Installing: /home/shubham/be_project_ws/install/ros_robot_description/share/ros_robot_description/package.dsv
[0.929s] -- Installing: /home/shubham/be_project_ws/install/ros_robot_description/share/ament_index/resource_index/packages/ros_robot_description
[0.930s] -- Installing: /home/shubham/be_project_ws/install/ros_robot_description/share/ros_robot_description/cmake/ros_robot_descriptionConfig.cmake
[0.930s] -- Installing: /home/shubham/be_project_ws/install/ros_robot_description/share/ros_robot_description/cmake/ros_robot_descriptionConfig-version.cmake
[0.930s] -- Installing: /home/shubham/be_project_ws/install/ros_robot_description/share/ros_robot_description/package.xml
[0.932s] Invoked command in '/home/shubham/be_project_ws/build/ros_robot_description' returned '0': CMAKE_PREFIX_PATH=${CMAKE_PREFIX_PATH}:/home/shubham/arduinobot_ws/install/arduinobot_py_examples:/opt/ros/humble /usr/bin/cmake --install /home/shubham/be_project_ws/build/ros_robot_description
