[0.218s] Invoking command in '/home/shubham/be_project_ws/build/robotic_arm_description': CMAKE_PREFIX_PATH=${CMAKE_PREFIX_PATH}:/home/shubham/arduinobot_ws/install/arduinobot_py_examples:/opt/ros/humble /usr/bin/cmake --build /home/shubham/be_project_ws/build/robotic_arm_description -- -j16 -l16
[0.247s] Invoked command in '/home/shubham/be_project_ws/build/robotic_arm_description' returned '0': CMAKE_PREFIX_PATH=${CMAKE_PREFIX_PATH}:/home/shubham/arduinobot_ws/install/arduinobot_py_examples:/opt/ros/humble /usr/bin/cmake --build /home/shubham/be_project_ws/build/robotic_arm_description -- -j16 -l16
[0.271s] Invoking command in '/home/shubham/be_project_ws/build/robotic_arm_description': CMAKE_PREFIX_PATH=${CMAKE_PREFIX_PATH}:/home/shubham/arduinobot_ws/install/arduinobot_py_examples:/opt/ros/humble /usr/bin/cmake --install /home/shubham/be_project_ws/build/robotic_arm_description
[0.277s] -- Install configuration: ""
[0.278s] -- Up-to-date: /home/shubham/be_project_ws/install/robotic_arm_description/share/robotic_arm_description/launch
[0.278s] -- Up-to-date: /home/shubham/be_project_ws/install/robotic_arm_description/share/robotic_arm_description/launch/gazebo.launch.py
[0.279s] -- Up-to-date: /home/shubham/be_project_ws/install/robotic_arm_description/share/robotic_arm_description/launch/display.launch.py
[0.279s] -- Up-to-date: /home/shubham/be_project_ws/install/robotic_arm_description/share/robotic_arm_description/meshes
[0.280s] -- Up-to-date: /home/shubham/be_project_ws/install/robotic_arm_description/share/robotic_arm_description/meshes/gripper_plate_1.stl
[0.280s] -- Up-to-date: /home/shubham/be_project_ws/install/robotic_arm_description/share/robotic_arm_description/meshes/servo_2_horn_2_1.stl
[0.280s] -- Up-to-date: /home/shubham/be_project_ws/install/robotic_arm_description/share/robotic_arm_description/meshes/wrist_servo_plate_1.stl
[0.280s] -- Up-to-date: /home/shubham/be_project_ws/install/robotic_arm_description/share/robotic_arm_description/meshes/base_horn_1.stl
[0.280s] -- Up-to-date: /home/shubham/be_project_ws/install/robotic_arm_description/share/robotic_arm_description/meshes/right_arm_1.stl
[0.280s] -- Up-to-date: /home/shubham/be_project_ws/install/robotic_arm_description/share/robotic_arm_description/meshes/right_gear_1.stl
[0.280s] -- Up-to-date: /home/shubham/be_project_ws/install/robotic_arm_description/share/robotic_arm_description/meshes/servo_1_horn_1_1.stl
[0.281s] -- Up-to-date: /home/shubham/be_project_ws/install/robotic_arm_description/share/robotic_arm_description/meshes/middle_servo_plate_1.stl
[0.281s] -- Up-to-date: /home/shubham/be_project_ws/install/robotic_arm_description/share/robotic_arm_description/meshes/base_servo_1.stl
[0.281s] -- Up-to-date: /home/shubham/be_project_ws/install/robotic_arm_description/share/robotic_arm_description/meshes/left_arm_1.stl
[0.281s] -- Up-to-date: /home/shubham/be_project_ws/install/robotic_arm_description/share/robotic_arm_description/meshes/gripper_servo_1.stl
[0.281s] -- Up-to-date: /home/shubham/be_project_ws/install/robotic_arm_description/share/robotic_arm_description/meshes/servo_3_horn_1_1.stl
[0.281s] -- Up-to-date: /home/shubham/be_project_ws/install/robotic_arm_description/share/robotic_arm_description/meshes/middle_plate_upper_1.stl
[0.281s] -- Up-to-date: /home/shubham/be_project_ws/install/robotic_arm_description/share/robotic_arm_description/meshes/servo_2_horn_1_1.stl
[0.282s] -- Up-to-date: /home/shubham/be_project_ws/install/robotic_arm_description/share/robotic_arm_description/meshes/servo_3_horn_2_1.stl
[0.282s] -- Up-to-date: /home/shubham/be_project_ws/install/robotic_arm_description/share/robotic_arm_description/meshes/servo_2_1.stl
[0.282s] -- Up-to-date: /home/shubham/be_project_ws/install/robotic_arm_description/share/robotic_arm_description/meshes/camera_1.stl
[0.282s] -- Up-to-date: /home/shubham/be_project_ws/install/robotic_arm_description/share/robotic_arm_description/meshes/upper_arm_1.stl
[0.282s] -- Up-to-date: /home/shubham/be_project_ws/install/robotic_arm_description/share/robotic_arm_description/meshes/wrist_end_plate_1.stl
[0.283s] -- Up-to-date: /home/shubham/be_project_ws/install/robotic_arm_description/share/robotic_arm_description/meshes/servo_1_horn_2_1.stl
[0.283s] -- Up-to-date: /home/shubham/be_project_ws/install/robotic_arm_description/share/robotic_arm_description/meshes/base_link.stl
[0.283s] -- Up-to-date: /home/shubham/be_project_ws/install/robotic_arm_description/share/robotic_arm_description/meshes/servo_3_1.stl
[0.283s] -- Up-to-date: /home/shubham/be_project_ws/install/robotic_arm_description/share/robotic_arm_description/meshes/left_gear_1.stl
[0.283s] -- Up-to-date: /home/shubham/be_project_ws/install/robotic_arm_description/share/robotic_arm_description/meshes/servo_1_1.stl
[0.283s] -- Up-to-date: /home/shubham/be_project_ws/install/robotic_arm_description/share/robotic_arm_description/meshes/base_servo_rotate_plate_1.stl
[0.283s] -- Up-to-date: /home/shubham/be_project_ws/install/robotic_arm_description/share/robotic_arm_description/urdf
[0.284s] -- Up-to-date: /home/shubham/be_project_ws/install/robotic_arm_description/share/robotic_arm_description/urdf/robotic_arm_gazebo.xacro
[0.284s] -- Up-to-date: /home/shubham/be_project_ws/install/robotic_arm_description/share/robotic_arm_description/urdf/robotic_arm.xacro
[0.284s] -- Up-to-date: /home/shubham/be_project_ws/install/robotic_arm_description/share/robotic_arm_description/urdf/materials.xacro
[0.284s] -- Up-to-date: /home/shubham/be_project_ws/install/robotic_arm_description/share/robotic_arm_description/urdf/robotic_arm_ros2_control.xacro
[0.284s] -- Up-to-date: /home/shubham/be_project_ws/install/robotic_arm_description/share/robotic_arm_description/rviz
[0.284s] -- Up-to-date: /home/shubham/be_project_ws/install/robotic_arm_description/share/robotic_arm_description/rviz/display.rviz
[0.285s] -- Up-to-date: /home/shubham/be_project_ws/install/robotic_arm_description/share/ament_index/resource_index/package_run_dependencies/robotic_arm_description
[0.285s] -- Up-to-date: /home/shubham/be_project_ws/install/robotic_arm_description/share/ament_index/resource_index/parent_prefix_path/robotic_arm_description
[0.285s] -- Up-to-date: /home/shubham/be_project_ws/install/robotic_arm_description/share/robotic_arm_description/environment/ament_prefix_path.sh
[0.287s] -- Up-to-date: /home/shubham/be_project_ws/install/robotic_arm_description/share/robotic_arm_description/environment/ament_prefix_path.dsv
[0.287s] -- Up-to-date: /home/shubham/be_project_ws/install/robotic_arm_description/share/robotic_arm_description/environment/path.sh
[0.287s] -- Up-to-date: /home/shubham/be_project_ws/install/robotic_arm_description/share/robotic_arm_description/environment/path.dsv
[0.288s] -- Up-to-date: /home/shubham/be_project_ws/install/robotic_arm_description/share/robotic_arm_description/local_setup.bash
[0.288s] -- Up-to-date: /home/shubham/be_project_ws/install/robotic_arm_description/share/robotic_arm_description/local_setup.sh
[0.288s] -- Up-to-date: /home/shubham/be_project_ws/install/robotic_arm_description/share/robotic_arm_description/local_setup.zsh
[0.290s] -- Up-to-date: /home/shubham/be_project_ws/install/robotic_arm_description/share/robotic_arm_description/local_setup.dsv
[0.290s] -- Installing: /home/shubham/be_project_ws/install/robotic_arm_description/share/robotic_arm_description/package.dsv
[0.291s] -- Up-to-date: /home/shubham/be_project_ws/install/robotic_arm_description/share/ament_index/resource_index/packages/robotic_arm_description
[0.291s] -- Up-to-date: /home/shubham/be_project_ws/install/robotic_arm_description/share/robotic_arm_description/cmake/robotic_arm_descriptionConfig.cmake
[0.291s] -- Up-to-date: /home/shubham/be_project_ws/install/robotic_arm_description/share/robotic_arm_description/cmake/robotic_arm_descriptionConfig-version.cmake
[0.291s] -- Up-to-date: /home/shubham/be_project_ws/install/robotic_arm_description/share/robotic_arm_description/package.xml
[0.343s] Invoked command in '/home/shubham/be_project_ws/build/robotic_arm_description' returned '0': CMAKE_PREFIX_PATH=${CMAKE_PREFIX_PATH}:/home/shubham/arduinobot_ws/install/arduinobot_py_examples:/opt/ros/humble /usr/bin/cmake --install /home/shubham/be_project_ws/build/robotic_arm_description
