[0.237s] Invoking command in '/home/shubham/be_project_ws/build/ros_robot_controller': CMAKE_PREFIX_PATH=${CMAKE_PREFIX_PATH}:/home/shubham/arduinobot_ws/install/arduinobot_py_examples:/opt/ros/humble /usr/bin/cmake --build /home/shubham/be_project_ws/build/ros_robot_controller -- -j16 -l16
[0.325s] Invoked command in '/home/shubham/be_project_ws/build/ros_robot_controller' returned '0': CMAKE_PREFIX_PATH=${CMAKE_PREFIX_PATH}:/home/shubham/arduinobot_ws/install/arduinobot_py_examples:/opt/ros/humble /usr/bin/cmake --build /home/shubham/be_project_ws/build/ros_robot_controller -- -j16 -l16
[0.349s] Invoking command in '/home/shubham/be_project_ws/build/ros_robot_controller': CMAKE_PREFIX_PATH=${CMAKE_PREFIX_PATH}:/home/shubham/arduinobot_ws/install/arduinobot_py_examples:/opt/ros/humble /usr/bin/cmake --install /home/shubham/be_project_ws/build/ros_robot_controller
[0.355s] -- Install configuration: ""
[0.356s] -- Up-to-date: /home/shubham/be_project_ws/install/ros_robot_controller/share/ros_robot_controller/config
[0.358s] -- Up-to-date: /home/shubham/be_project_ws/install/ros_robot_controller/share/ros_robot_controller/config/ros_robot_controllers.yaml
[0.358s] -- Up-to-date: /home/shubham/be_project_ws/install/ros_robot_controller/share/ros_robot_controller/config/joystick.yaml
[0.358s] -- Up-to-date: /home/shubham/be_project_ws/install/ros_robot_controller/share/ros_robot_controller/launch
[0.359s] -- Up-to-date: /home/shubham/be_project_ws/install/ros_robot_controller/share/ros_robot_controller/launch/controller.launch.py
[0.359s] -- Up-to-date: /home/shubham/be_project_ws/install/ros_robot_controller/share/ros_robot_controller/launch/joystick.launch.py
[0.359s] -- Up-to-date: /home/shubham/be_project_ws/install/ros_robot_controller/share/ament_index/resource_index/package_run_dependencies/ros_robot_controller
[0.360s] -- Up-to-date: /home/shubham/be_project_ws/install/ros_robot_controller/share/ament_index/resource_index/parent_prefix_path/ros_robot_controller
[0.361s] -- Up-to-date: /home/shubham/be_project_ws/install/ros_robot_controller/share/ros_robot_controller/environment/ament_prefix_path.sh
[0.361s] -- Up-to-date: /home/shubham/be_project_ws/install/ros_robot_controller/share/ros_robot_controller/environment/ament_prefix_path.dsv
[0.361s] -- Up-to-date: /home/shubham/be_project_ws/install/ros_robot_controller/share/ros_robot_controller/environment/path.sh
[0.361s] -- Up-to-date: /home/shubham/be_project_ws/install/ros_robot_controller/share/ros_robot_controller/environment/path.dsv
[0.361s] -- Up-to-date: /home/shubham/be_project_ws/install/ros_robot_controller/share/ros_robot_controller/local_setup.bash
[0.361s] -- Up-to-date: /home/shubham/be_project_ws/install/ros_robot_controller/share/ros_robot_controller/local_setup.sh
[0.361s] -- Up-to-date: /home/shubham/be_project_ws/install/ros_robot_controller/share/ros_robot_controller/local_setup.zsh
[0.361s] -- Up-to-date: /home/shubham/be_project_ws/install/ros_robot_controller/share/ros_robot_controller/local_setup.dsv
[0.362s] -- Installing: /home/shubham/be_project_ws/install/ros_robot_controller/share/ros_robot_controller/package.dsv
[0.365s] -- Up-to-date: /home/shubham/be_project_ws/install/ros_robot_controller/share/ament_index/resource_index/packages/ros_robot_controller
[0.366s] -- Up-to-date: /home/shubham/be_project_ws/install/ros_robot_controller/share/ros_robot_controller/cmake/ros_robot_controllerConfig.cmake
[0.366s] -- Up-to-date: /home/shubham/be_project_ws/install/ros_robot_controller/share/ros_robot_controller/cmake/ros_robot_controllerConfig-version.cmake
[0.366s] -- Up-to-date: /home/shubham/be_project_ws/install/ros_robot_controller/share/ros_robot_controller/package.xml
[0.366s] Invoked command in '/home/shubham/be_project_ws/build/ros_robot_controller' returned '0': CMAKE_PREFIX_PATH=${CMAKE_PREFIX_PATH}:/home/shubham/arduinobot_ws/install/arduinobot_py_examples:/opt/ros/humble /usr/bin/cmake --install /home/shubham/be_project_ws/build/ros_robot_controller
