[0.883s] DEBUG:colcon:Command line arguments: ['/usr/bin/colcon', 'build']
[0.883s] DEBUG:colcon:Parsed command line arguments: Namespace(log_base=None, log_level=None, verb_name='build', build_base='build', install_base='install', merge_install=False, symlink_install=False, test_result_base=None, continue_on_error=False, executor='parallel', parallel_workers=16, event_handlers=None, ignore_user_meta=False, metas=['./colcon.meta'], base_paths=['.'], packages_ignore=None, packages_ignore_regex=None, paths=None, packages_up_to=None, packages_up_to_regex=None, packages_above=None, packages_above_and_dependencies=None, packages_above_depth=None, packages_select_by_dep=None, packages_skip_by_dep=None, packages_skip_up_to=None, packages_select_build_failed=False, packages_skip_build_finished=False, packages_select_test_failures=False, packages_skip_test_passed=False, packages_select=None, packages_skip=None, packages_select_regex=None, packages_skip_regex=None, packages_start=None, packages_end=None, allow_overriding=[], cmake_args=None, cmake_target=None, cmake_target_skip_unavailable=False, cmake_clean_cache=False, cmake_clean_first=False, cmake_force_configure=False, ament_cmake_args=None, catkin_cmake_args=None, catkin_skip_building_tests=False, verb_parser=<colcon_defaults.argument_parser.defaults.DefaultArgumentsDecorator object at 0x7fa3d29637c0>, verb_extension=<colcon_core.verb.build.BuildVerb object at 0x7fa3d29635b0>, main=<bound method BuildVerb.main of <colcon_core.verb.build.BuildVerb object at 0x7fa3d29635b0>>)
[0.921s] Level 1:colcon.colcon_core.package_discovery:discover_packages(colcon_meta) check parameters
[0.921s] Level 1:colcon.colcon_core.package_discovery:discover_packages(recursive) check parameters
[0.921s] Level 1:colcon.colcon_core.package_discovery:discover_packages(ignore) check parameters
[0.921s] Level 1:colcon.colcon_core.package_discovery:discover_packages(path) check parameters
[0.921s] Level 1:colcon.colcon_core.package_discovery:discover_packages(colcon_meta) discover
[0.921s] Level 1:colcon.colcon_core.package_discovery:discover_packages(recursive) discover
[0.921s] INFO:colcon.colcon_core.package_discovery:Crawling recursively for packages in '/home/shubham/be_project_ws'
[0.921s] Level 1:colcon.colcon_core.package_identification:_identify(.) by extensions ['ignore', 'ignore_ament_install']
[0.921s] Level 1:colcon.colcon_core.package_identification:_identify(.) by extension 'ignore'
[0.921s] Level 1:colcon.colcon_core.package_identification:_identify(.) by extension 'ignore_ament_install'
[0.921s] Level 1:colcon.colcon_core.package_identification:_identify(.) by extensions ['colcon_pkg']
[0.921s] Level 1:colcon.colcon_core.package_identification:_identify(.) by extension 'colcon_pkg'
[0.921s] Level 1:colcon.colcon_core.package_identification:_identify(.) by extensions ['colcon_meta']
[0.921s] Level 1:colcon.colcon_core.package_identification:_identify(.) by extension 'colcon_meta'
[0.921s] Level 1:colcon.colcon_core.package_identification:_identify(.) by extensions ['ros']
[0.921s] Level 1:colcon.colcon_core.package_identification:_identify(.) by extension 'ros'
[0.929s] Level 1:colcon.colcon_core.package_identification:_identify(.) by extensions ['cmake', 'python']
[0.929s] Level 1:colcon.colcon_core.package_identification:_identify(.) by extension 'cmake'
[0.929s] Level 1:colcon.colcon_core.package_identification:_identify(.) by extension 'python'
[0.929s] Level 1:colcon.colcon_core.package_identification:_identify(.) by extensions ['python_setup_py']
[0.929s] Level 1:colcon.colcon_core.package_identification:_identify(.) by extension 'python_setup_py'
[0.929s] Level 1:colcon.colcon_core.package_identification:_identify(build) by extensions ['ignore', 'ignore_ament_install']
[0.929s] Level 1:colcon.colcon_core.package_identification:_identify(build) by extension 'ignore'
[0.929s] Level 1:colcon.colcon_core.package_identification:_identify(build) ignored
[0.929s] Level 1:colcon.colcon_core.package_identification:_identify(install) by extensions ['ignore', 'ignore_ament_install']
[0.929s] Level 1:colcon.colcon_core.package_identification:_identify(install) by extension 'ignore'
[0.929s] Level 1:colcon.colcon_core.package_identification:_identify(install) ignored
[0.929s] Level 1:colcon.colcon_core.package_identification:_identify(log) by extensions ['ignore', 'ignore_ament_install']
[0.929s] Level 1:colcon.colcon_core.package_identification:_identify(log) by extension 'ignore'
[0.930s] Level 1:colcon.colcon_core.package_identification:_identify(log) ignored
[0.930s] Level 1:colcon.colcon_core.package_identification:_identify(src) by extensions ['ignore', 'ignore_ament_install']
[0.930s] Level 1:colcon.colcon_core.package_identification:_identify(src) by extension 'ignore'
[0.930s] Level 1:colcon.colcon_core.package_identification:_identify(src) by extension 'ignore_ament_install'
[0.930s] Level 1:colcon.colcon_core.package_identification:_identify(src) by extensions ['colcon_pkg']
[0.930s] Level 1:colcon.colcon_core.package_identification:_identify(src) by extension 'colcon_pkg'
[0.930s] Level 1:colcon.colcon_core.package_identification:_identify(src) by extensions ['colcon_meta']
[0.930s] Level 1:colcon.colcon_core.package_identification:_identify(src) by extension 'colcon_meta'
[0.930s] Level 1:colcon.colcon_core.package_identification:_identify(src) by extensions ['ros']
[0.930s] Level 1:colcon.colcon_core.package_identification:_identify(src) by extension 'ros'
[0.930s] Level 1:colcon.colcon_core.package_identification:_identify(src) by extensions ['cmake', 'python']
[0.930s] Level 1:colcon.colcon_core.package_identification:_identify(src) by extension 'cmake'
[0.930s] Level 1:colcon.colcon_core.package_identification:_identify(src) by extension 'python'
[0.930s] Level 1:colcon.colcon_core.package_identification:_identify(src) by extensions ['python_setup_py']
[0.930s] Level 1:colcon.colcon_core.package_identification:_identify(src) by extension 'python_setup_py'
[0.930s] Level 1:colcon.colcon_core.package_identification:_identify(src/robotic_arm_controller) by extensions ['ignore', 'ignore_ament_install']
[0.930s] Level 1:colcon.colcon_core.package_identification:_identify(src/robotic_arm_controller) by extension 'ignore'
[0.930s] Level 1:colcon.colcon_core.package_identification:_identify(src/robotic_arm_controller) by extension 'ignore_ament_install'
[0.930s] Level 1:colcon.colcon_core.package_identification:_identify(src/robotic_arm_controller) by extensions ['colcon_pkg']
[0.930s] Level 1:colcon.colcon_core.package_identification:_identify(src/robotic_arm_controller) by extension 'colcon_pkg'
[0.930s] Level 1:colcon.colcon_core.package_identification:_identify(src/robotic_arm_controller) by extensions ['colcon_meta']
[0.930s] Level 1:colcon.colcon_core.package_identification:_identify(src/robotic_arm_controller) by extension 'colcon_meta'
[0.930s] Level 1:colcon.colcon_core.package_identification:_identify(src/robotic_arm_controller) by extensions ['ros']
[0.930s] Level 1:colcon.colcon_core.package_identification:_identify(src/robotic_arm_controller) by extension 'ros'
[0.932s] DEBUG:colcon.colcon_core.package_identification:Package 'src/robotic_arm_controller' with type 'ros.ament_cmake' and name 'robotic_arm_controller'
[0.932s] Level 1:colcon.colcon_core.package_identification:_identify(src/robotic_arm_description) by extensions ['ignore', 'ignore_ament_install']
[0.932s] Level 1:colcon.colcon_core.package_identification:_identify(src/robotic_arm_description) by extension 'ignore'
[0.932s] Level 1:colcon.colcon_core.package_identification:_identify(src/robotic_arm_description) by extension 'ignore_ament_install'
[0.932s] Level 1:colcon.colcon_core.package_identification:_identify(src/robotic_arm_description) by extensions ['colcon_pkg']
[0.932s] Level 1:colcon.colcon_core.package_identification:_identify(src/robotic_arm_description) by extension 'colcon_pkg'
[0.932s] Level 1:colcon.colcon_core.package_identification:_identify(src/robotic_arm_description) by extensions ['colcon_meta']
[0.932s] Level 1:colcon.colcon_core.package_identification:_identify(src/robotic_arm_description) by extension 'colcon_meta'
[0.932s] Level 1:colcon.colcon_core.package_identification:_identify(src/robotic_arm_description) by extensions ['ros']
[0.932s] Level 1:colcon.colcon_core.package_identification:_identify(src/robotic_arm_description) by extension 'ros'
[0.933s] DEBUG:colcon.colcon_core.package_identification:Package 'src/robotic_arm_description' with type 'ros.ament_cmake' and name 'robotic_arm_description'
[0.933s] Level 1:colcon.colcon_core.package_identification:_identify(src/ros_robot_controller) by extensions ['ignore', 'ignore_ament_install']
[0.933s] Level 1:colcon.colcon_core.package_identification:_identify(src/ros_robot_controller) by extension 'ignore'
[0.933s] Level 1:colcon.colcon_core.package_identification:_identify(src/ros_robot_controller) by extension 'ignore_ament_install'
[0.933s] Level 1:colcon.colcon_core.package_identification:_identify(src/ros_robot_controller) by extensions ['colcon_pkg']
[0.933s] Level 1:colcon.colcon_core.package_identification:_identify(src/ros_robot_controller) by extension 'colcon_pkg'
[0.933s] Level 1:colcon.colcon_core.package_identification:_identify(src/ros_robot_controller) by extensions ['colcon_meta']
[0.933s] Level 1:colcon.colcon_core.package_identification:_identify(src/ros_robot_controller) by extension 'colcon_meta'
[0.933s] Level 1:colcon.colcon_core.package_identification:_identify(src/ros_robot_controller) by extensions ['ros']
[0.933s] Level 1:colcon.colcon_core.package_identification:_identify(src/ros_robot_controller) by extension 'ros'
[0.933s] DEBUG:colcon.colcon_core.package_identification:Package 'src/ros_robot_controller' with type 'ros.ament_cmake' and name 'ros_robot_controller'
[0.934s] Level 1:colcon.colcon_core.package_identification:_identify(src/ros_robot_description) by extensions ['ignore', 'ignore_ament_install']
[0.934s] Level 1:colcon.colcon_core.package_identification:_identify(src/ros_robot_description) by extension 'ignore'
[0.934s] Level 1:colcon.colcon_core.package_identification:_identify(src/ros_robot_description) by extension 'ignore_ament_install'
[0.934s] Level 1:colcon.colcon_core.package_identification:_identify(src/ros_robot_description) by extensions ['colcon_pkg']
[0.934s] Level 1:colcon.colcon_core.package_identification:_identify(src/ros_robot_description) by extension 'colcon_pkg'
[0.934s] Level 1:colcon.colcon_core.package_identification:_identify(src/ros_robot_description) by extensions ['colcon_meta']
[0.934s] Level 1:colcon.colcon_core.package_identification:_identify(src/ros_robot_description) by extension 'colcon_meta'
[0.934s] Level 1:colcon.colcon_core.package_identification:_identify(src/ros_robot_description) by extensions ['ros']
[0.934s] Level 1:colcon.colcon_core.package_identification:_identify(src/ros_robot_description) by extension 'ros'
[0.934s] DEBUG:colcon.colcon_core.package_identification:Package 'src/ros_robot_description' with type 'ros.ament_cmake' and name 'ros_robot_description'
[0.934s] Level 1:colcon.colcon_core.package_discovery:discover_packages(recursive) using defaults
[0.934s] Level 1:colcon.colcon_core.package_discovery:discover_packages(ignore) discover
[0.934s] Level 1:colcon.colcon_core.package_discovery:discover_packages(ignore) using defaults
[0.934s] Level 1:colcon.colcon_core.package_discovery:discover_packages(path) discover
[0.934s] Level 1:colcon.colcon_core.package_discovery:discover_packages(path) using defaults
[1.012s] Level 1:colcon.colcon_core.package_discovery:discover_packages(prefix_path) check parameters
[1.012s] Level 1:colcon.colcon_core.package_discovery:discover_packages(prefix_path) discover
[1.039s] DEBUG:colcon.colcon_installed_package_information.package_discovery:Found 3 installed packages in /home/shubham/be_project_ws/install
[1.058s] DEBUG:colcon.colcon_installed_package_information.package_discovery:Found 4 installed packages in /home/shubham/arduinobot_ws/install
[1.072s] DEBUG:colcon.colcon_installed_package_information.package_discovery:Found 409 installed packages in /opt/ros/humble
[1.073s] Level 1:colcon.colcon_core.package_discovery:discover_packages(prefix_path) using defaults
[1.159s] Level 5:colcon.colcon_core.verb:set package 'robotic_arm_controller' build argument 'cmake_args' from command line to 'None'
[1.159s] Level 5:colcon.colcon_core.verb:set package 'robotic_arm_controller' build argument 'cmake_target' from command line to 'None'
[1.159s] Level 5:colcon.colcon_core.verb:set package 'robotic_arm_controller' build argument 'cmake_target_skip_unavailable' from command line to 'False'
[1.159s] Level 5:colcon.colcon_core.verb:set package 'robotic_arm_controller' build argument 'cmake_clean_cache' from command line to 'False'
[1.159s] Level 5:colcon.colcon_core.verb:set package 'robotic_arm_controller' build argument 'cmake_clean_first' from command line to 'False'
[1.159s] Level 5:colcon.colcon_core.verb:set package 'robotic_arm_controller' build argument 'cmake_force_configure' from command line to 'False'
[1.159s] Level 5:colcon.colcon_core.verb:set package 'robotic_arm_controller' build argument 'ament_cmake_args' from command line to 'None'
[1.159s] Level 5:colcon.colcon_core.verb:set package 'robotic_arm_controller' build argument 'catkin_cmake_args' from command line to 'None'
[1.159s] Level 5:colcon.colcon_core.verb:set package 'robotic_arm_controller' build argument 'catkin_skip_building_tests' from command line to 'False'
[1.159s] DEBUG:colcon.colcon_core.verb:Building package 'robotic_arm_controller' with the following arguments: {'ament_cmake_args': None, 'build_base': '/home/shubham/be_project_ws/build/robotic_arm_controller', 'catkin_cmake_args': None, 'catkin_skip_building_tests': False, 'cmake_args': None, 'cmake_clean_cache': False, 'cmake_clean_first': False, 'cmake_force_configure': False, 'cmake_target': None, 'cmake_target_skip_unavailable': False, 'install_base': '/home/shubham/be_project_ws/install/robotic_arm_controller', 'merge_install': False, 'path': '/home/shubham/be_project_ws/src/robotic_arm_controller', 'symlink_install': False, 'test_result_base': None}
[1.173s] Level 5:colcon.colcon_core.verb:set package 'robotic_arm_description' build argument 'cmake_args' from command line to 'None'
[1.173s] Level 5:colcon.colcon_core.verb:set package 'robotic_arm_description' build argument 'cmake_target' from command line to 'None'
[1.173s] Level 5:colcon.colcon_core.verb:set package 'robotic_arm_description' build argument 'cmake_target_skip_unavailable' from command line to 'False'
[1.173s] Level 5:colcon.colcon_core.verb:set package 'robotic_arm_description' build argument 'cmake_clean_cache' from command line to 'False'
[1.173s] Level 5:colcon.colcon_core.verb:set package 'robotic_arm_description' build argument 'cmake_clean_first' from command line to 'False'
[1.173s] Level 5:colcon.colcon_core.verb:set package 'robotic_arm_description' build argument 'cmake_force_configure' from command line to 'False'
[1.173s] Level 5:colcon.colcon_core.verb:set package 'robotic_arm_description' build argument 'ament_cmake_args' from command line to 'None'
[1.173s] Level 5:colcon.colcon_core.verb:set package 'robotic_arm_description' build argument 'catkin_cmake_args' from command line to 'None'
[1.173s] Level 5:colcon.colcon_core.verb:set package 'robotic_arm_description' build argument 'catkin_skip_building_tests' from command line to 'False'
[1.173s] DEBUG:colcon.colcon_core.verb:Building package 'robotic_arm_description' with the following arguments: {'ament_cmake_args': None, 'build_base': '/home/shubham/be_project_ws/build/robotic_arm_description', 'catkin_cmake_args': None, 'catkin_skip_building_tests': False, 'cmake_args': None, 'cmake_clean_cache': False, 'cmake_clean_first': False, 'cmake_force_configure': False, 'cmake_target': None, 'cmake_target_skip_unavailable': False, 'install_base': '/home/shubham/be_project_ws/install/robotic_arm_description', 'merge_install': False, 'path': '/home/shubham/be_project_ws/src/robotic_arm_description', 'symlink_install': False, 'test_result_base': None}
[1.186s] Level 5:colcon.colcon_core.verb:set package 'ros_robot_controller' build argument 'cmake_args' from command line to 'None'
[1.186s] Level 5:colcon.colcon_core.verb:set package 'ros_robot_controller' build argument 'cmake_target' from command line to 'None'
[1.186s] Level 5:colcon.colcon_core.verb:set package 'ros_robot_controller' build argument 'cmake_target_skip_unavailable' from command line to 'False'
[1.186s] Level 5:colcon.colcon_core.verb:set package 'ros_robot_controller' build argument 'cmake_clean_cache' from command line to 'False'
[1.186s] Level 5:colcon.colcon_core.verb:set package 'ros_robot_controller' build argument 'cmake_clean_first' from command line to 'False'
[1.186s] Level 5:colcon.colcon_core.verb:set package 'ros_robot_controller' build argument 'cmake_force_configure' from command line to 'False'
[1.186s] Level 5:colcon.colcon_core.verb:set package 'ros_robot_controller' build argument 'ament_cmake_args' from command line to 'None'
[1.186s] Level 5:colcon.colcon_core.verb:set package 'ros_robot_controller' build argument 'catkin_cmake_args' from command line to 'None'
[1.186s] Level 5:colcon.colcon_core.verb:set package 'ros_robot_controller' build argument 'catkin_skip_building_tests' from command line to 'False'
[1.186s] DEBUG:colcon.colcon_core.verb:Building package 'ros_robot_controller' with the following arguments: {'ament_cmake_args': None, 'build_base': '/home/shubham/be_project_ws/build/ros_robot_controller', 'catkin_cmake_args': None, 'catkin_skip_building_tests': False, 'cmake_args': None, 'cmake_clean_cache': False, 'cmake_clean_first': False, 'cmake_force_configure': False, 'cmake_target': None, 'cmake_target_skip_unavailable': False, 'install_base': '/home/shubham/be_project_ws/install/ros_robot_controller', 'merge_install': False, 'path': '/home/shubham/be_project_ws/src/ros_robot_controller', 'symlink_install': False, 'test_result_base': None}
[1.199s] Level 5:colcon.colcon_core.verb:set package 'ros_robot_description' build argument 'cmake_args' from command line to 'None'
[1.199s] Level 5:colcon.colcon_core.verb:set package 'ros_robot_description' build argument 'cmake_target' from command line to 'None'
[1.199s] Level 5:colcon.colcon_core.verb:set package 'ros_robot_description' build argument 'cmake_target_skip_unavailable' from command line to 'False'
[1.199s] Level 5:colcon.colcon_core.verb:set package 'ros_robot_description' build argument 'cmake_clean_cache' from command line to 'False'
[1.199s] Level 5:colcon.colcon_core.verb:set package 'ros_robot_description' build argument 'cmake_clean_first' from command line to 'False'
[1.199s] Level 5:colcon.colcon_core.verb:set package 'ros_robot_description' build argument 'cmake_force_configure' from command line to 'False'
[1.200s] Level 5:colcon.colcon_core.verb:set package 'ros_robot_description' build argument 'ament_cmake_args' from command line to 'None'
[1.200s] Level 5:colcon.colcon_core.verb:set package 'ros_robot_description' build argument 'catkin_cmake_args' from command line to 'None'
[1.200s] Level 5:colcon.colcon_core.verb:set package 'ros_robot_description' build argument 'catkin_skip_building_tests' from command line to 'False'
[1.200s] DEBUG:colcon.colcon_core.verb:Building package 'ros_robot_description' with the following arguments: {'ament_cmake_args': None, 'build_base': '/home/shubham/be_project_ws/build/ros_robot_description', 'catkin_cmake_args': None, 'catkin_skip_building_tests': False, 'cmake_args': None, 'cmake_clean_cache': False, 'cmake_clean_first': False, 'cmake_force_configure': False, 'cmake_target': None, 'cmake_target_skip_unavailable': False, 'install_base': '/home/shubham/be_project_ws/install/ros_robot_description', 'merge_install': False, 'path': '/home/shubham/be_project_ws/src/ros_robot_description', 'symlink_install': False, 'test_result_base': None}
[1.212s] INFO:colcon.colcon_core.executor:Executing jobs using 'parallel' executor
[1.226s] DEBUG:colcon.colcon_parallel_executor.executor.parallel:run_until_complete
[1.226s] INFO:colcon.colcon_ros.task.ament_cmake.build:Building ROS package in '/home/shubham/be_project_ws/src/robotic_arm_controller' with build type 'ament_cmake'
[1.226s] INFO:colcon.colcon_cmake.task.cmake.build:Building CMake package in '/home/shubham/be_project_ws/src/robotic_arm_controller'
[1.241s] INFO:colcon.colcon_core.plugin_system:Skipping extension 'colcon_core.shell.bat': Not used on non-Windows systems
[1.241s] INFO:colcon.colcon_core.shell:Skip shell extension 'powershell' for command environment: Not usable outside of PowerShell
[1.241s] DEBUG:colcon.colcon_core.shell:Skip shell extension 'dsv' for command environment
[1.296s] INFO:colcon.colcon_ros.task.ament_cmake.build:Building ROS package in '/home/shubham/be_project_ws/src/robotic_arm_description' with build type 'ament_cmake'
[1.296s] INFO:colcon.colcon_cmake.task.cmake.build:Building CMake package in '/home/shubham/be_project_ws/src/robotic_arm_description'
[1.310s] INFO:colcon.colcon_core.shell:Skip shell extension 'powershell' for command environment: Not usable outside of PowerShell
[1.310s] DEBUG:colcon.colcon_core.shell:Skip shell extension 'dsv' for command environment
[1.367s] INFO:colcon.colcon_ros.task.ament_cmake.build:Building ROS package in '/home/shubham/be_project_ws/src/ros_robot_controller' with build type 'ament_cmake'
[1.367s] INFO:colcon.colcon_cmake.task.cmake.build:Building CMake package in '/home/shubham/be_project_ws/src/ros_robot_controller'
[1.381s] INFO:colcon.colcon_core.shell:Skip shell extension 'powershell' for command environment: Not usable outside of PowerShell
[1.381s] DEBUG:colcon.colcon_core.shell:Skip shell extension 'dsv' for command environment
[1.437s] INFO:colcon.colcon_ros.task.ament_cmake.build:Building ROS package in '/home/shubham/be_project_ws/src/ros_robot_description' with build type 'ament_cmake'
[1.437s] INFO:colcon.colcon_cmake.task.cmake.build:Building CMake package in '/home/shubham/be_project_ws/src/ros_robot_description'
[1.451s] INFO:colcon.colcon_core.shell:Skip shell extension 'powershell' for command environment: Not usable outside of PowerShell
[1.451s] DEBUG:colcon.colcon_core.shell:Skip shell extension 'dsv' for command environment
[1.509s] DEBUG:colcon.colcon_core.event_handler.log_command:Invoking command in '/home/shubham/be_project_ws/build/robotic_arm_controller': CMAKE_PREFIX_PATH=${CMAKE_PREFIX_PATH}:/home/shubham/arduinobot_ws/install/arduinobot_py_examples:/opt/ros/humble /usr/bin/cmake --build /home/shubham/be_project_ws/build/robotic_arm_controller -- -j16 -l16
[1.512s] DEBUG:colcon.colcon_core.event_handler.log_command:Invoking command in '/home/shubham/be_project_ws/build/robotic_arm_description': CMAKE_PREFIX_PATH=${CMAKE_PREFIX_PATH}:/home/shubham/arduinobot_ws/install/arduinobot_py_examples:/opt/ros/humble /usr/bin/cmake --build /home/shubham/be_project_ws/build/robotic_arm_description -- -j16 -l16
[1.514s] DEBUG:colcon.colcon_core.event_handler.log_command:Invoking command in '/home/shubham/be_project_ws/build/ros_robot_controller': CMAKE_PREFIX_PATH=${CMAKE_PREFIX_PATH}:/home/shubham/arduinobot_ws/install/arduinobot_py_examples:/opt/ros/humble /usr/bin/cmake /home/shubham/be_project_ws/src/ros_robot_controller -DCMAKE_INSTALL_PREFIX=/home/shubham/be_project_ws/install/ros_robot_controller
[1.516s] DEBUG:colcon.colcon_core.event_handler.log_command:Invoking command in '/home/shubham/be_project_ws/build/ros_robot_description': CMAKE_PREFIX_PATH=${CMAKE_PREFIX_PATH}:/home/shubham/arduinobot_ws/install/arduinobot_py_examples:/opt/ros/humble /usr/bin/cmake --build /home/shubham/be_project_ws/build/ros_robot_description -- -j16 -l16
[1.539s] DEBUG:colcon.colcon_core.event_handler.log_command:Invoked command in '/home/shubham/be_project_ws/build/robotic_arm_controller' returned '0': CMAKE_PREFIX_PATH=${CMAKE_PREFIX_PATH}:/home/shubham/arduinobot_ws/install/arduinobot_py_examples:/opt/ros/humble /usr/bin/cmake --build /home/shubham/be_project_ws/build/robotic_arm_controller -- -j16 -l16
[1.541s] DEBUG:colcon.colcon_core.event_handler.log_command:Invoked command in '/home/shubham/be_project_ws/build/robotic_arm_description' returned '0': CMAKE_PREFIX_PATH=${CMAKE_PREFIX_PATH}:/home/shubham/arduinobot_ws/install/arduinobot_py_examples:/opt/ros/humble /usr/bin/cmake --build /home/shubham/be_project_ws/build/robotic_arm_description -- -j16 -l16
[1.546s] DEBUG:colcon.colcon_core.event_handler.log_command:Invoked command in '/home/shubham/be_project_ws/build/ros_robot_description' returned '0': CMAKE_PREFIX_PATH=${CMAKE_PREFIX_PATH}:/home/shubham/arduinobot_ws/install/arduinobot_py_examples:/opt/ros/humble /usr/bin/cmake --build /home/shubham/be_project_ws/build/ros_robot_description -- -j16 -l16
[1.564s] DEBUG:colcon.colcon_core.event_handler.log_command:Invoking command in '/home/shubham/be_project_ws/build/robotic_arm_controller': CMAKE_PREFIX_PATH=${CMAKE_PREFIX_PATH}:/home/shubham/arduinobot_ws/install/arduinobot_py_examples:/opt/ros/humble /usr/bin/cmake --install /home/shubham/be_project_ws/build/robotic_arm_controller
[1.566s] DEBUG:colcon.colcon_core.event_handler.log_command:Invoking command in '/home/shubham/be_project_ws/build/robotic_arm_description': CMAKE_PREFIX_PATH=${CMAKE_PREFIX_PATH}:/home/shubham/arduinobot_ws/install/arduinobot_py_examples:/opt/ros/humble /usr/bin/cmake --install /home/shubham/be_project_ws/build/robotic_arm_description
[1.567s] DEBUG:colcon.colcon_core.event_handler.log_command:Invoking command in '/home/shubham/be_project_ws/build/ros_robot_description': CMAKE_PREFIX_PATH=${CMAKE_PREFIX_PATH}:/home/shubham/arduinobot_ws/install/arduinobot_py_examples:/opt/ros/humble /usr/bin/cmake --install /home/shubham/be_project_ws/build/ros_robot_description
[1.575s] Level 1:colcon.colcon_core.environment:create_environment_scripts_only(robotic_arm_controller)
[1.581s] DEBUG:colcon.colcon_core.event_handler.log_command:Invoked command in '/home/shubham/be_project_ws/build/robotic_arm_controller' returned '0': CMAKE_PREFIX_PATH=${CMAKE_PREFIX_PATH}:/home/shubham/arduinobot_ws/install/arduinobot_py_examples:/opt/ros/humble /usr/bin/cmake --install /home/shubham/be_project_ws/build/robotic_arm_controller
[1.596s] Level 1:colcon.colcon_core.environment:checking '/home/shubham/be_project_ws/install/robotic_arm_controller' for CMake module files
[1.596s] Level 1:colcon.colcon_core.environment:checking '/home/shubham/be_project_ws/install/robotic_arm_controller' for CMake config files
[1.597s] Level 1:colcon.colcon_core.shell:create_environment_hook('robotic_arm_controller', 'cmake_prefix_path')
[1.611s] INFO:colcon.colcon_core.shell:Creating environment hook '/home/shubham/be_project_ws/install/robotic_arm_controller/share/robotic_arm_controller/hook/cmake_prefix_path.ps1'
[1.612s] INFO:colcon.colcon_core.shell:Creating environment descriptor '/home/shubham/be_project_ws/install/robotic_arm_controller/share/robotic_arm_controller/hook/cmake_prefix_path.dsv'
[1.612s] INFO:colcon.colcon_core.shell:Creating environment hook '/home/shubham/be_project_ws/install/robotic_arm_controller/share/robotic_arm_controller/hook/cmake_prefix_path.sh'
[1.612s] Level 1:colcon.colcon_core.environment:checking '/home/shubham/be_project_ws/install/robotic_arm_controller/bin'
[1.613s] Level 1:colcon.colcon_core.environment:checking '/home/shubham/be_project_ws/install/robotic_arm_controller/lib/pkgconfig/robotic_arm_controller.pc'
[1.613s] Level 1:colcon.colcon_core.environment:checking '/home/shubham/be_project_ws/install/robotic_arm_controller/lib/python3.10/site-packages'
[1.613s] Level 1:colcon.colcon_core.environment:checking '/home/shubham/be_project_ws/install/robotic_arm_controller/bin'
[1.628s] INFO:colcon.colcon_core.shell:Creating package script '/home/shubham/be_project_ws/install/robotic_arm_controller/share/robotic_arm_controller/package.ps1'
[1.628s] INFO:colcon.colcon_core.shell:Creating package descriptor '/home/shubham/be_project_ws/install/robotic_arm_controller/share/robotic_arm_controller/package.dsv'
[1.628s] INFO:colcon.colcon_core.shell:Creating package script '/home/shubham/be_project_ws/install/robotic_arm_controller/share/robotic_arm_controller/package.sh'
[1.629s] INFO:colcon.colcon_core.shell:Creating package script '/home/shubham/be_project_ws/install/robotic_arm_controller/share/robotic_arm_controller/package.bash'
[1.630s] INFO:colcon.colcon_core.shell:Creating package script '/home/shubham/be_project_ws/install/robotic_arm_controller/share/robotic_arm_controller/package.zsh'
[1.630s] Level 1:colcon.colcon_core.environment:create_file_with_runtime_dependencies(/home/shubham/be_project_ws/install/robotic_arm_controller/share/colcon-core/packages/robotic_arm_controller)
[1.631s] Level 1:colcon.colcon_core.environment:create_environment_scripts_only(robotic_arm_description)
[1.631s] DEBUG:colcon.colcon_core.event_handler.log_command:Invoked command in '/home/shubham/be_project_ws/build/robotic_arm_description' returned '0': CMAKE_PREFIX_PATH=${CMAKE_PREFIX_PATH}:/home/shubham/arduinobot_ws/install/arduinobot_py_examples:/opt/ros/humble /usr/bin/cmake --install /home/shubham/be_project_ws/build/robotic_arm_description
[1.646s] Level 1:colcon.colcon_core.environment:checking '/home/shubham/be_project_ws/install/robotic_arm_description' for CMake module files
[1.646s] Level 1:colcon.colcon_core.environment:checking '/home/shubham/be_project_ws/install/robotic_arm_description' for CMake config files
[1.646s] Level 1:colcon.colcon_core.shell:create_environment_hook('robotic_arm_description', 'cmake_prefix_path')
[1.662s] INFO:colcon.colcon_core.shell:Creating environment hook '/home/shubham/be_project_ws/install/robotic_arm_description/share/robotic_arm_description/hook/cmake_prefix_path.ps1'
[1.662s] INFO:colcon.colcon_core.shell:Creating environment descriptor '/home/shubham/be_project_ws/install/robotic_arm_description/share/robotic_arm_description/hook/cmake_prefix_path.dsv'
[1.662s] INFO:colcon.colcon_core.shell:Creating environment hook '/home/shubham/be_project_ws/install/robotic_arm_description/share/robotic_arm_description/hook/cmake_prefix_path.sh'
[1.663s] Level 1:colcon.colcon_core.environment:checking '/home/shubham/be_project_ws/install/robotic_arm_description/bin'
[1.663s] Level 1:colcon.colcon_core.environment:checking '/home/shubham/be_project_ws/install/robotic_arm_description/lib/pkgconfig/robotic_arm_description.pc'
[1.663s] Level 1:colcon.colcon_core.environment:checking '/home/shubham/be_project_ws/install/robotic_arm_description/lib/python3.10/site-packages'
[1.663s] Level 1:colcon.colcon_core.environment:checking '/home/shubham/be_project_ws/install/robotic_arm_description/bin'
[1.678s] INFO:colcon.colcon_core.shell:Creating package script '/home/shubham/be_project_ws/install/robotic_arm_description/share/robotic_arm_description/package.ps1'
[1.678s] INFO:colcon.colcon_core.shell:Creating package descriptor '/home/shubham/be_project_ws/install/robotic_arm_description/share/robotic_arm_description/package.dsv'
[1.679s] INFO:colcon.colcon_core.shell:Creating package script '/home/shubham/be_project_ws/install/robotic_arm_description/share/robotic_arm_description/package.sh'
[1.679s] INFO:colcon.colcon_core.shell:Creating package script '/home/shubham/be_project_ws/install/robotic_arm_description/share/robotic_arm_description/package.bash'
[1.679s] INFO:colcon.colcon_core.shell:Creating package script '/home/shubham/be_project_ws/install/robotic_arm_description/share/robotic_arm_description/package.zsh'
[1.679s] Level 1:colcon.colcon_core.environment:create_file_with_runtime_dependencies(/home/shubham/be_project_ws/install/robotic_arm_description/share/colcon-core/packages/robotic_arm_description)
[1.681s] Level 1:colcon.colcon_core.environment:create_environment_scripts_only(ros_robot_description)
[1.681s] DEBUG:colcon.colcon_core.event_handler.log_command:Invoked command in '/home/shubham/be_project_ws/build/ros_robot_description' returned '0': CMAKE_PREFIX_PATH=${CMAKE_PREFIX_PATH}:/home/shubham/arduinobot_ws/install/arduinobot_py_examples:/opt/ros/humble /usr/bin/cmake --install /home/shubham/be_project_ws/build/ros_robot_description
[1.696s] Level 1:colcon.colcon_core.environment:checking '/home/shubham/be_project_ws/install/ros_robot_description' for CMake module files
[1.696s] Level 1:colcon.colcon_core.environment:checking '/home/shubham/be_project_ws/install/ros_robot_description' for CMake config files
[1.696s] Level 1:colcon.colcon_core.shell:create_environment_hook('ros_robot_description', 'cmake_prefix_path')
[1.711s] INFO:colcon.colcon_core.shell:Creating environment hook '/home/shubham/be_project_ws/install/ros_robot_description/share/ros_robot_description/hook/cmake_prefix_path.ps1'
[1.711s] INFO:colcon.colcon_core.shell:Creating environment descriptor '/home/shubham/be_project_ws/install/ros_robot_description/share/ros_robot_description/hook/cmake_prefix_path.dsv'
[1.711s] INFO:colcon.colcon_core.shell:Creating environment hook '/home/shubham/be_project_ws/install/ros_robot_description/share/ros_robot_description/hook/cmake_prefix_path.sh'
[1.712s] Level 1:colcon.colcon_core.environment:checking '/home/shubham/be_project_ws/install/ros_robot_description/bin'
[1.712s] Level 1:colcon.colcon_core.environment:checking '/home/shubham/be_project_ws/install/ros_robot_description/lib/pkgconfig/ros_robot_description.pc'
[1.712s] Level 1:colcon.colcon_core.environment:checking '/home/shubham/be_project_ws/install/ros_robot_description/lib/python3.10/site-packages'
[1.712s] Level 1:colcon.colcon_core.environment:checking '/home/shubham/be_project_ws/install/ros_robot_description/bin'
[1.727s] INFO:colcon.colcon_core.shell:Creating package script '/home/shubham/be_project_ws/install/ros_robot_description/share/ros_robot_description/package.ps1'
[1.727s] INFO:colcon.colcon_core.shell:Creating package descriptor '/home/shubham/be_project_ws/install/ros_robot_description/share/ros_robot_description/package.dsv'
[1.728s] INFO:colcon.colcon_core.shell:Creating package script '/home/shubham/be_project_ws/install/ros_robot_description/share/ros_robot_description/package.sh'
[1.728s] INFO:colcon.colcon_core.shell:Creating package script '/home/shubham/be_project_ws/install/ros_robot_description/share/ros_robot_description/package.bash'
[1.728s] INFO:colcon.colcon_core.shell:Creating package script '/home/shubham/be_project_ws/install/ros_robot_description/share/ros_robot_description/package.zsh'
[1.729s] Level 1:colcon.colcon_core.environment:create_file_with_runtime_dependencies(/home/shubham/be_project_ws/install/ros_robot_description/share/colcon-core/packages/ros_robot_description)
[1.744s] Level 1:colcon.colcon_core.environment:create_environment_scripts_only(robotic_arm_controller)
[1.759s] Level 1:colcon.colcon_core.environment:checking '/home/shubham/be_project_ws/install/robotic_arm_controller' for CMake module files
[1.760s] Level 1:colcon.colcon_core.environment:checking '/home/shubham/be_project_ws/install/robotic_arm_controller' for CMake config files
[1.760s] Level 1:colcon.colcon_core.shell:create_environment_hook('robotic_arm_controller', 'cmake_prefix_path')
[1.774s] INFO:colcon.colcon_core.shell:Creating environment hook '/home/shubham/be_project_ws/install/robotic_arm_controller/share/robotic_arm_controller/hook/cmake_prefix_path.ps1'
[1.774s] INFO:colcon.colcon_core.shell:Creating environment descriptor '/home/shubham/be_project_ws/install/robotic_arm_controller/share/robotic_arm_controller/hook/cmake_prefix_path.dsv'
[1.774s] INFO:colcon.colcon_core.shell:Creating environment hook '/home/shubham/be_project_ws/install/robotic_arm_controller/share/robotic_arm_controller/hook/cmake_prefix_path.sh'
[1.775s] Level 1:colcon.colcon_core.environment:checking '/home/shubham/be_project_ws/install/robotic_arm_controller/bin'
[1.775s] Level 1:colcon.colcon_core.environment:checking '/home/shubham/be_project_ws/install/robotic_arm_controller/lib/pkgconfig/robotic_arm_controller.pc'
[1.775s] Level 1:colcon.colcon_core.environment:checking '/home/shubham/be_project_ws/install/robotic_arm_controller/lib/python3.10/site-packages'
[1.775s] Level 1:colcon.colcon_core.environment:checking '/home/shubham/be_project_ws/install/robotic_arm_controller/bin'
[1.789s] INFO:colcon.colcon_core.shell:Creating package script '/home/shubham/be_project_ws/install/robotic_arm_controller/share/robotic_arm_controller/package.ps1'
[1.790s] INFO:colcon.colcon_core.shell:Creating package descriptor '/home/shubham/be_project_ws/install/robotic_arm_controller/share/robotic_arm_controller/package.dsv'
[1.790s] INFO:colcon.colcon_core.shell:Creating package script '/home/shubham/be_project_ws/install/robotic_arm_controller/share/robotic_arm_controller/package.sh'
[1.790s] INFO:colcon.colcon_core.shell:Creating package script '/home/shubham/be_project_ws/install/robotic_arm_controller/share/robotic_arm_controller/package.bash'
[1.790s] INFO:colcon.colcon_core.shell:Creating package script '/home/shubham/be_project_ws/install/robotic_arm_controller/share/robotic_arm_controller/package.zsh'
[1.791s] Level 1:colcon.colcon_core.environment:create_file_with_runtime_dependencies(/home/shubham/be_project_ws/install/robotic_arm_controller/share/colcon-core/packages/robotic_arm_controller)
[1.806s] Level 1:colcon.colcon_core.environment:create_environment_scripts_only(robotic_arm_description)
[1.822s] Level 1:colcon.colcon_core.environment:checking '/home/shubham/be_project_ws/install/robotic_arm_description' for CMake module files
[1.823s] Level 1:colcon.colcon_core.environment:checking '/home/shubham/be_project_ws/install/robotic_arm_description' for CMake config files
[1.823s] Level 1:colcon.colcon_core.shell:create_environment_hook('robotic_arm_description', 'cmake_prefix_path')
[1.838s] INFO:colcon.colcon_core.shell:Creating environment hook '/home/shubham/be_project_ws/install/robotic_arm_description/share/robotic_arm_description/hook/cmake_prefix_path.ps1'
[1.838s] INFO:colcon.colcon_core.shell:Creating environment descriptor '/home/shubham/be_project_ws/install/robotic_arm_description/share/robotic_arm_description/hook/cmake_prefix_path.dsv'
[1.838s] INFO:colcon.colcon_core.shell:Creating environment hook '/home/shubham/be_project_ws/install/robotic_arm_description/share/robotic_arm_description/hook/cmake_prefix_path.sh'
[1.839s] Level 1:colcon.colcon_core.environment:checking '/home/shubham/be_project_ws/install/robotic_arm_description/bin'
[1.839s] Level 1:colcon.colcon_core.environment:checking '/home/shubham/be_project_ws/install/robotic_arm_description/lib/pkgconfig/robotic_arm_description.pc'
[1.839s] Level 1:colcon.colcon_core.environment:checking '/home/shubham/be_project_ws/install/robotic_arm_description/lib/python3.10/site-packages'
[1.839s] Level 1:colcon.colcon_core.environment:checking '/home/shubham/be_project_ws/install/robotic_arm_description/bin'
[1.855s] INFO:colcon.colcon_core.shell:Creating package script '/home/shubham/be_project_ws/install/robotic_arm_description/share/robotic_arm_description/package.ps1'
[1.856s] INFO:colcon.colcon_core.shell:Creating package descriptor '/home/shubham/be_project_ws/install/robotic_arm_description/share/robotic_arm_description/package.dsv'
[1.856s] INFO:colcon.colcon_core.shell:Creating package script '/home/shubham/be_project_ws/install/robotic_arm_description/share/robotic_arm_description/package.sh'
[1.856s] INFO:colcon.colcon_core.shell:Creating package script '/home/shubham/be_project_ws/install/robotic_arm_description/share/robotic_arm_description/package.bash'
[1.857s] INFO:colcon.colcon_core.shell:Creating package script '/home/shubham/be_project_ws/install/robotic_arm_description/share/robotic_arm_description/package.zsh'
[1.857s] Level 1:colcon.colcon_core.environment:create_file_with_runtime_dependencies(/home/shubham/be_project_ws/install/robotic_arm_description/share/colcon-core/packages/robotic_arm_description)
[1.872s] Level 1:colcon.colcon_core.environment:create_environment_scripts_only(ros_robot_description)
[1.888s] Level 1:colcon.colcon_core.environment:checking '/home/shubham/be_project_ws/install/ros_robot_description' for CMake module files
[1.888s] Level 1:colcon.colcon_core.environment:checking '/home/shubham/be_project_ws/install/ros_robot_description' for CMake config files
[1.888s] Level 1:colcon.colcon_core.shell:create_environment_hook('ros_robot_description', 'cmake_prefix_path')
[1.902s] INFO:colcon.colcon_core.shell:Creating environment hook '/home/shubham/be_project_ws/install/ros_robot_description/share/ros_robot_description/hook/cmake_prefix_path.ps1'
[1.903s] INFO:colcon.colcon_core.shell:Creating environment descriptor '/home/shubham/be_project_ws/install/ros_robot_description/share/ros_robot_description/hook/cmake_prefix_path.dsv'
[1.903s] INFO:colcon.colcon_core.shell:Creating environment hook '/home/shubham/be_project_ws/install/ros_robot_description/share/ros_robot_description/hook/cmake_prefix_path.sh'
[1.903s] Level 1:colcon.colcon_core.environment:checking '/home/shubham/be_project_ws/install/ros_robot_description/bin'
[1.903s] Level 1:colcon.colcon_core.environment:checking '/home/shubham/be_project_ws/install/ros_robot_description/lib/pkgconfig/ros_robot_description.pc'
[1.903s] Level 1:colcon.colcon_core.environment:checking '/home/shubham/be_project_ws/install/ros_robot_description/lib/python3.10/site-packages'
[1.904s] Level 1:colcon.colcon_core.environment:checking '/home/shubham/be_project_ws/install/ros_robot_description/bin'
[1.926s] INFO:colcon.colcon_core.shell:Creating package script '/home/shubham/be_project_ws/install/ros_robot_description/share/ros_robot_description/package.ps1'
[1.927s] INFO:colcon.colcon_core.shell:Creating package descriptor '/home/shubham/be_project_ws/install/ros_robot_description/share/ros_robot_description/package.dsv'
[1.927s] INFO:colcon.colcon_core.shell:Creating package script '/home/shubham/be_project_ws/install/ros_robot_description/share/ros_robot_description/package.sh'
[1.928s] INFO:colcon.colcon_core.shell:Creating package script '/home/shubham/be_project_ws/install/ros_robot_description/share/ros_robot_description/package.bash'
[1.928s] INFO:colcon.colcon_core.shell:Creating package script '/home/shubham/be_project_ws/install/ros_robot_description/share/ros_robot_description/package.zsh'
[1.928s] Level 1:colcon.colcon_core.environment:create_file_with_runtime_dependencies(/home/shubham/be_project_ws/install/ros_robot_description/share/colcon-core/packages/ros_robot_description)
[1.987s] DEBUG:colcon.colcon_core.event_handler.log_command:Invoked command in '/home/shubham/be_project_ws/build/ros_robot_controller' returned '0': CMAKE_PREFIX_PATH=${CMAKE_PREFIX_PATH}:/home/shubham/arduinobot_ws/install/arduinobot_py_examples:/opt/ros/humble /usr/bin/cmake /home/shubham/be_project_ws/src/ros_robot_controller -DCMAKE_INSTALL_PREFIX=/home/shubham/be_project_ws/install/ros_robot_controller
[1.988s] DEBUG:colcon.colcon_core.event_handler.log_command:Invoking command in '/home/shubham/be_project_ws/build/ros_robot_controller': CMAKE_PREFIX_PATH=${CMAKE_PREFIX_PATH}:/home/shubham/arduinobot_ws/install/arduinobot_py_examples:/opt/ros/humble /usr/bin/cmake --build /home/shubham/be_project_ws/build/ros_robot_controller -- -j16 -l16
[2.013s] DEBUG:colcon.colcon_core.event_handler.log_command:Invoked command in '/home/shubham/be_project_ws/build/ros_robot_controller' returned '0': CMAKE_PREFIX_PATH=${CMAKE_PREFIX_PATH}:/home/shubham/arduinobot_ws/install/arduinobot_py_examples:/opt/ros/humble /usr/bin/cmake --build /home/shubham/be_project_ws/build/ros_robot_controller -- -j16 -l16
[2.026s] DEBUG:colcon.colcon_core.event_handler.log_command:Invoking command in '/home/shubham/be_project_ws/build/ros_robot_controller': CMAKE_PREFIX_PATH=${CMAKE_PREFIX_PATH}:/home/shubham/arduinobot_ws/install/arduinobot_py_examples:/opt/ros/humble /usr/bin/cmake --install /home/shubham/be_project_ws/build/ros_robot_controller
[2.033s] Level 1:colcon.colcon_core.environment:create_environment_scripts_only(ros_robot_controller)
[2.033s] DEBUG:colcon.colcon_core.event_handler.log_command:Invoked command in '/home/shubham/be_project_ws/build/ros_robot_controller' returned '0': CMAKE_PREFIX_PATH=${CMAKE_PREFIX_PATH}:/home/shubham/arduinobot_ws/install/arduinobot_py_examples:/opt/ros/humble /usr/bin/cmake --install /home/shubham/be_project_ws/build/ros_robot_controller
[2.047s] Level 1:colcon.colcon_core.environment:checking '/home/shubham/be_project_ws/install/ros_robot_controller' for CMake module files
[2.048s] Level 1:colcon.colcon_core.environment:checking '/home/shubham/be_project_ws/install/ros_robot_controller' for CMake config files
[2.048s] Level 1:colcon.colcon_core.shell:create_environment_hook('ros_robot_controller', 'cmake_prefix_path')
[2.062s] INFO:colcon.colcon_core.shell:Creating environment hook '/home/shubham/be_project_ws/install/ros_robot_controller/share/ros_robot_controller/hook/cmake_prefix_path.ps1'
[2.062s] INFO:colcon.colcon_core.shell:Creating environment descriptor '/home/shubham/be_project_ws/install/ros_robot_controller/share/ros_robot_controller/hook/cmake_prefix_path.dsv'
[2.062s] INFO:colcon.colcon_core.shell:Creating environment hook '/home/shubham/be_project_ws/install/ros_robot_controller/share/ros_robot_controller/hook/cmake_prefix_path.sh'
[2.063s] Level 1:colcon.colcon_core.environment:checking '/home/shubham/be_project_ws/install/ros_robot_controller/bin'
[2.063s] Level 1:colcon.colcon_core.environment:checking '/home/shubham/be_project_ws/install/ros_robot_controller/lib/pkgconfig/ros_robot_controller.pc'
[2.063s] Level 1:colcon.colcon_core.environment:checking '/home/shubham/be_project_ws/install/ros_robot_controller/lib/python3.10/site-packages'
[2.063s] Level 1:colcon.colcon_core.environment:checking '/home/shubham/be_project_ws/install/ros_robot_controller/bin'
[2.076s] INFO:colcon.colcon_core.shell:Creating package script '/home/shubham/be_project_ws/install/ros_robot_controller/share/ros_robot_controller/package.ps1'
[2.077s] INFO:colcon.colcon_core.shell:Creating package descriptor '/home/shubham/be_project_ws/install/ros_robot_controller/share/ros_robot_controller/package.dsv'
[2.077s] INFO:colcon.colcon_core.shell:Creating package script '/home/shubham/be_project_ws/install/ros_robot_controller/share/ros_robot_controller/package.sh'
[2.077s] INFO:colcon.colcon_core.shell:Creating package script '/home/shubham/be_project_ws/install/ros_robot_controller/share/ros_robot_controller/package.bash'
[2.077s] INFO:colcon.colcon_core.shell:Creating package script '/home/shubham/be_project_ws/install/ros_robot_controller/share/ros_robot_controller/package.zsh'
[2.077s] Level 1:colcon.colcon_core.environment:create_file_with_runtime_dependencies(/home/shubham/be_project_ws/install/ros_robot_controller/share/colcon-core/packages/ros_robot_controller)
[2.105s] Level 1:colcon.colcon_core.environment:create_environment_scripts_only(ros_robot_controller)
[2.118s] Level 1:colcon.colcon_core.environment:checking '/home/shubham/be_project_ws/install/ros_robot_controller' for CMake module files
[2.118s] Level 1:colcon.colcon_core.environment:checking '/home/shubham/be_project_ws/install/ros_robot_controller' for CMake config files
[2.118s] Level 1:colcon.colcon_core.shell:create_environment_hook('ros_robot_controller', 'cmake_prefix_path')
[2.132s] INFO:colcon.colcon_core.shell:Creating environment hook '/home/shubham/be_project_ws/install/ros_robot_controller/share/ros_robot_controller/hook/cmake_prefix_path.ps1'
[2.132s] INFO:colcon.colcon_core.shell:Creating environment descriptor '/home/shubham/be_project_ws/install/ros_robot_controller/share/ros_robot_controller/hook/cmake_prefix_path.dsv'
[2.132s] INFO:colcon.colcon_core.shell:Creating environment hook '/home/shubham/be_project_ws/install/ros_robot_controller/share/ros_robot_controller/hook/cmake_prefix_path.sh'
[2.133s] Level 1:colcon.colcon_core.environment:checking '/home/shubham/be_project_ws/install/ros_robot_controller/bin'
[2.133s] Level 1:colcon.colcon_core.environment:checking '/home/shubham/be_project_ws/install/ros_robot_controller/lib/pkgconfig/ros_robot_controller.pc'
[2.133s] Level 1:colcon.colcon_core.environment:checking '/home/shubham/be_project_ws/install/ros_robot_controller/lib/python3.10/site-packages'
[2.133s] Level 1:colcon.colcon_core.environment:checking '/home/shubham/be_project_ws/install/ros_robot_controller/bin'
[2.146s] INFO:colcon.colcon_core.shell:Creating package script '/home/shubham/be_project_ws/install/ros_robot_controller/share/ros_robot_controller/package.ps1'
[2.146s] INFO:colcon.colcon_core.shell:Creating package descriptor '/home/shubham/be_project_ws/install/ros_robot_controller/share/ros_robot_controller/package.dsv'
[2.147s] INFO:colcon.colcon_core.shell:Creating package script '/home/shubham/be_project_ws/install/ros_robot_controller/share/ros_robot_controller/package.sh'
[2.147s] INFO:colcon.colcon_core.shell:Creating package script '/home/shubham/be_project_ws/install/ros_robot_controller/share/ros_robot_controller/package.bash'
[2.147s] INFO:colcon.colcon_core.shell:Creating package script '/home/shubham/be_project_ws/install/ros_robot_controller/share/ros_robot_controller/package.zsh'
[2.147s] Level 1:colcon.colcon_core.environment:create_file_with_runtime_dependencies(/home/shubham/be_project_ws/install/ros_robot_controller/share/colcon-core/packages/ros_robot_controller)
[2.148s] DEBUG:colcon.colcon_parallel_executor.executor.parallel:closing loop
[2.148s] DEBUG:colcon.colcon_parallel_executor.executor.parallel:loop closed
[2.148s] DEBUG:colcon.colcon_parallel_executor.executor.parallel:run_until_complete finished with '0'
[2.148s] DEBUG:colcon.colcon_core.event_reactor:joining thread
[2.167s] INFO:colcon.colcon_core.plugin_system:Skipping extension 'colcon_notification.desktop_notification.terminal_notifier': Not used on non-Darwin systems
[2.167s] INFO:colcon.colcon_core.plugin_system:Skipping extension 'colcon_notification.desktop_notification.win32': Not used on non-Windows systems
[2.167s] INFO:colcon.colcon_notification.desktop_notification:Sending desktop notification using 'notify2'
[2.175s] DEBUG:colcon.colcon_core.event_reactor:joined thread
[2.189s] INFO:colcon.colcon_core.shell:Creating prefix script '/home/shubham/be_project_ws/install/local_setup.ps1'
[2.189s] INFO:colcon.colcon_core.shell:Creating prefix util module '/home/shubham/be_project_ws/install/_local_setup_util_ps1.py'
[2.190s] INFO:colcon.colcon_core.shell:Creating prefix chain script '/home/shubham/be_project_ws/install/setup.ps1'
[2.205s] INFO:colcon.colcon_core.shell:Creating prefix script '/home/shubham/be_project_ws/install/local_setup.sh'
[2.205s] INFO:colcon.colcon_core.shell:Creating prefix util module '/home/shubham/be_project_ws/install/_local_setup_util_sh.py'
[2.205s] INFO:colcon.colcon_core.shell:Creating prefix chain script '/home/shubham/be_project_ws/install/setup.sh'
[2.220s] INFO:colcon.colcon_core.shell:Creating prefix script '/home/shubham/be_project_ws/install/local_setup.bash'
[2.220s] INFO:colcon.colcon_core.shell:Creating prefix chain script '/home/shubham/be_project_ws/install/setup.bash'
[2.234s] INFO:colcon.colcon_core.shell:Creating prefix script '/home/shubham/be_project_ws/install/local_setup.zsh'
[2.234s] INFO:colcon.colcon_core.shell:Creating prefix chain script '/home/shubham/be_project_ws/install/setup.zsh'
