[0.149s] Invoking command in '/home/shubham/be_project_ws/build/ros_robot_controller': CMAKE_PREFIX_PATH=${CMAKE_PREFIX_PATH}:/home/shubham/arduinobot_ws/install/arduinobot_py_examples:/opt/ros/humble /usr/bin/cmake /home/shubham/be_project_ws/ros_robot_controller -DCMAKE_INSTALL_PREFIX=/home/shubham/be_project_ws/install/ros_robot_controller
[0.198s] -- The C compiler identification is GNU 11.4.0
[0.240s] -- The CXX compiler identification is GNU 11.4.0
[0.245s] -- Detecting C compiler ABI info
[0.292s] -- Detecting C compiler ABI info - done
[0.298s] -- Check for working C compiler: /usr/bin/cc - skipped
[0.298s] -- Detecting C compile features
[0.298s] -- Detecting C compile features - done
[0.300s] -- Detecting CXX compiler ABI info
[0.356s] -- Detecting CXX compiler ABI info - done
[0.362s] -- Check for working CXX compiler: /usr/bin/c++ - skipped
[0.362s] -- Detecting CXX compile features
[0.362s] -- Detecting CXX compile features - done
[0.372s] -- Found ament_cmake: 1.3.7 (/opt/ros/humble/share/ament_cmake/cmake)
[0.503s] -- Found Python3: /usr/bin/python3.10 (found version "3.10.12") found components: Interpreter 
[0.572s] -- Found ament_lint_auto: 0.12.10 (/opt/ros/humble/share/ament_lint_auto/cmake)
[0.631s] -- Added test 'lint_cmake' to check CMake code style
[0.631s] -- Added test 'xmllint' to check XML markup files
[0.632s] -- Configuring done
[0.634s] -- Generating done
[0.634s] -- Build files have been written to: /home/shubham/be_project_ws/build/ros_robot_controller
[0.637s] Invoked command in '/home/shubham/be_project_ws/build/ros_robot_controller' returned '0': CMAKE_PREFIX_PATH=${CMAKE_PREFIX_PATH}:/home/shubham/arduinobot_ws/install/arduinobot_py_examples:/opt/ros/humble /usr/bin/cmake /home/shubham/be_project_ws/ros_robot_controller -DCMAKE_INSTALL_PREFIX=/home/shubham/be_project_ws/install/ros_robot_controller
[0.638s] Invoking command in '/home/shubham/be_project_ws/build/ros_robot_controller': CMAKE_PREFIX_PATH=${CMAKE_PREFIX_PATH}:/home/shubham/arduinobot_ws/install/arduinobot_py_examples:/opt/ros/humble /usr/bin/cmake --build /home/shubham/be_project_ws/build/ros_robot_controller -- -j16 -l16
[0.663s] Invoked command in '/home/shubham/be_project_ws/build/ros_robot_controller' returned '0': CMAKE_PREFIX_PATH=${CMAKE_PREFIX_PATH}:/home/shubham/arduinobot_ws/install/arduinobot_py_examples:/opt/ros/humble /usr/bin/cmake --build /home/shubham/be_project_ws/build/ros_robot_controller -- -j16 -l16
[0.678s] Invoking command in '/home/shubham/be_project_ws/build/ros_robot_controller': CMAKE_PREFIX_PATH=${CMAKE_PREFIX_PATH}:/home/shubham/arduinobot_ws/install/arduinobot_py_examples:/opt/ros/humble /usr/bin/cmake --install /home/shubham/be_project_ws/build/ros_robot_controller
[0.683s] -- Install configuration: ""
[0.683s] -- Installing: /home/shubham/be_project_ws/install/ros_robot_controller/share/ament_index/resource_index/package_run_dependencies/ros_robot_controller
[0.683s] -- Installing: /home/shubham/be_project_ws/install/ros_robot_controller/share/ament_index/resource_index/parent_prefix_path/ros_robot_controller
[0.683s] -- Installing: /home/shubham/be_project_ws/install/ros_robot_controller/share/ros_robot_controller/environment/ament_prefix_path.sh
[0.683s] -- Installing: /home/shubham/be_project_ws/install/ros_robot_controller/share/ros_robot_controller/environment/ament_prefix_path.dsv
[0.683s] -- Installing: /home/shubham/be_project_ws/install/ros_robot_controller/share/ros_robot_controller/environment/path.sh
[0.683s] -- Installing: /home/shubham/be_project_ws/install/ros_robot_controller/share/ros_robot_controller/environment/path.dsv
[0.683s] -- Installing: /home/shubham/be_project_ws/install/ros_robot_controller/share/ros_robot_controller/local_setup.bash
[0.683s] -- Installing: /home/shubham/be_project_ws/install/ros_robot_controller/share/ros_robot_controller/local_setup.sh
[0.684s] -- Installing: /home/shubham/be_project_ws/install/ros_robot_controller/share/ros_robot_controller/local_setup.zsh
[0.684s] -- Installing: /home/shubham/be_project_ws/install/ros_robot_controller/share/ros_robot_controller/local_setup.dsv
[0.684s] -- Installing: /home/shubham/be_project_ws/install/ros_robot_controller/share/ros_robot_controller/package.dsv
[0.684s] -- Installing: /home/shubham/be_project_ws/install/ros_robot_controller/share/ament_index/resource_index/packages/ros_robot_controller
[0.684s] -- Installing: /home/shubham/be_project_ws/install/ros_robot_controller/share/ros_robot_controller/cmake/ros_robot_controllerConfig.cmake
[0.684s] -- Installing: /home/shubham/be_project_ws/install/ros_robot_controller/share/ros_robot_controller/cmake/ros_robot_controllerConfig-version.cmake
[0.684s] -- Installing: /home/shubham/be_project_ws/install/ros_robot_controller/share/ros_robot_controller/package.xml
[0.685s] Invoked command in '/home/shubham/be_project_ws/build/ros_robot_controller' returned '0': CMAKE_PREFIX_PATH=${CMAKE_PREFIX_PATH}:/home/shubham/arduinobot_ws/install/arduinobot_py_examples:/opt/ros/humble /usr/bin/cmake --install /home/shubham/be_project_ws/build/ros_robot_controller
