[0.317s] Invoking command in '/home/shubham/be_project_ws/build/robotic_arm_controller': CMAKE_PREFIX_PATH=${CMAKE_PREFIX_PATH}:/home/shubham/arduinobot_ws/install/arduinobot_py_examples:/opt/ros/humble /usr/bin/cmake --build /home/shubham/be_project_ws/build/robotic_arm_controller -- -j16 -l16
[0.363s] Invoked command in '/home/shubham/be_project_ws/build/robotic_arm_controller' returned '0': CMAKE_PREFIX_PATH=${CMAKE_PREFIX_PATH}:/home/shubham/arduinobot_ws/install/arduinobot_py_examples:/opt/ros/humble /usr/bin/cmake --build /home/shubham/be_project_ws/build/robotic_arm_controller -- -j16 -l16
[0.388s] Invoking command in '/home/shubham/be_project_ws/build/robotic_arm_controller': CMAKE_PREFIX_PATH=${CMAKE_PREFIX_PATH}:/home/shubham/arduinobot_ws/install/arduinobot_py_examples:/opt/ros/humble /usr/bin/cmake --install /home/shubham/be_project_ws/build/robotic_arm_controller
[0.405s] -- Install configuration: ""
[0.406s] -- Up-to-date: /home/shubham/be_project_ws/install/robotic_arm_controller/share/robotic_arm_controller/config
[0.406s] -- Up-to-date: /home/shubham/be_project_ws/install/robotic_arm_controller/share/robotic_arm_controller/config/robotic_arm_controllers.yaml
[0.406s] -- Up-to-date: /home/shubham/be_project_ws/install/robotic_arm_controller/share/robotic_arm_controller/launch
[0.406s] -- Up-to-date: /home/shubham/be_project_ws/install/robotic_arm_controller/share/robotic_arm_controller/launch/controller.launch.py
[0.406s] -- Up-to-date: /home/shubham/be_project_ws/install/robotic_arm_controller/share/ament_index/resource_index/package_run_dependencies/robotic_arm_controller
[0.407s] -- Up-to-date: /home/shubham/be_project_ws/install/robotic_arm_controller/share/ament_index/resource_index/parent_prefix_path/robotic_arm_controller
[0.409s] -- Up-to-date: /home/shubham/be_project_ws/install/robotic_arm_controller/share/robotic_arm_controller/environment/ament_prefix_path.sh
[0.409s] -- Up-to-date: /home/shubham/be_project_ws/install/robotic_arm_controller/share/robotic_arm_controller/environment/ament_prefix_path.dsv
[0.409s] -- Up-to-date: /home/shubham/be_project_ws/install/robotic_arm_controller/share/robotic_arm_controller/environment/path.sh
[0.409s] -- Up-to-date: /home/shubham/be_project_ws/install/robotic_arm_controller/share/robotic_arm_controller/environment/path.dsv
[0.410s] -- Up-to-date: /home/shubham/be_project_ws/install/robotic_arm_controller/share/robotic_arm_controller/local_setup.bash
[0.410s] -- Up-to-date: /home/shubham/be_project_ws/install/robotic_arm_controller/share/robotic_arm_controller/local_setup.sh
[0.411s] -- Up-to-date: /home/shubham/be_project_ws/install/robotic_arm_controller/share/robotic_arm_controller/local_setup.zsh
[0.411s] -- Up-to-date: /home/shubham/be_project_ws/install/robotic_arm_controller/share/robotic_arm_controller/local_setup.dsv
[0.411s] -- Installing: /home/shubham/be_project_ws/install/robotic_arm_controller/share/robotic_arm_controller/package.dsv
[0.411s] -- Up-to-date: /home/shubham/be_project_ws/install/robotic_arm_controller/share/ament_index/resource_index/packages/robotic_arm_controller
[0.415s] -- Up-to-date: /home/shubham/be_project_ws/install/robotic_arm_controller/share/robotic_arm_controller/cmake/robotic_arm_controllerConfig.cmake
[0.415s] -- Up-to-date: /home/shubham/be_project_ws/install/robotic_arm_controller/share/robotic_arm_controller/cmake/robotic_arm_controllerConfig-version.cmake
[0.415s] -- Up-to-date: /home/shubham/be_project_ws/install/robotic_arm_controller/share/robotic_arm_controller/package.xml
[0.472s] Invoked command in '/home/shubham/be_project_ws/build/robotic_arm_controller' returned '0': CMAKE_PREFIX_PATH=${CMAKE_PREFIX_PATH}:/home/shubham/arduinobot_ws/install/arduinobot_py_examples:/opt/ros/humble /usr/bin/cmake --install /home/shubham/be_project_ws/build/robotic_arm_controller
