[0.976s] DEBUG:colcon:Command line arguments: ['/usr/bin/colcon', 'list', '-p', '--base-paths', '/home/shubham/be_project_ws']
[0.976s] DEBUG:colcon:Parsed command line arguments: Namespace(log_base=None, log_level=None, verb_name='list', build_base='build', ignore_user_meta=False, metas=['./colcon.meta'], base_paths=['/home/shubham/be_project_ws'], packages_ignore=None, packages_ignore_regex=None, paths=None, packages_up_to=None, packages_up_to_regex=None, packages_above=None, packages_above_and_dependencies=None, packages_above_depth=None, packages_select_by_dep=None, packages_skip_by_dep=None, packages_skip_up_to=None, packages_select_build_failed=False, packages_skip_build_finished=False, packages_select_test_failures=False, packages_skip_test_passed=False, packages_select=None, packages_skip=None, packages_select_regex=None, packages_skip_regex=None, packages_start=None, packages_end=None, allow_overriding=[], topological_order=False, names_only=False, paths_only=True, topological_graph=False, topological_graph_dot=False, topological_graph_density=False, topological_graph_legend=False, topological_graph_dot_cluster=False, topological_graph_dot_include_skipped=False, verb_parser=<colcon_defaults.argument_parser.defaults.DefaultArgumentsDecorator object at 0x7f427df93190>, verb_extension=<colcon_package_information.verb.list.ListVerb object at 0x7f427df905b0>, main=<bound method ListVerb.main of <colcon_package_information.verb.list.ListVerb object at 0x7f427df905b0>>)
[1.022s] Level 1:colcon.colcon_core.package_discovery:discover_packages(colcon_meta) check parameters
[1.022s] Level 1:colcon.colcon_core.package_discovery:discover_packages(recursive) check parameters
[1.023s] Level 1:colcon.colcon_core.package_discovery:discover_packages(ignore) check parameters
[1.023s] Level 1:colcon.colcon_core.package_discovery:discover_packages(path) check parameters
[1.023s] Level 1:colcon.colcon_core.package_discovery:discover_packages(recursive) discover
[1.023s] INFO:colcon.colcon_core.package_discovery:Crawling recursively for packages in '/home/shubham/be_project_ws'
[1.023s] Level 1:colcon.colcon_core.package_identification:_identify(/home/shubham/be_project_ws) by extensions ['ignore', 'ignore_ament_install']
[1.023s] Level 1:colcon.colcon_core.package_identification:_identify(/home/shubham/be_project_ws) by extension 'ignore'
[1.023s] Level 1:colcon.colcon_core.package_identification:_identify(/home/shubham/be_project_ws) by extension 'ignore_ament_install'
[1.023s] Level 1:colcon.colcon_core.package_identification:_identify(/home/shubham/be_project_ws) by extensions ['colcon_pkg']
[1.023s] Level 1:colcon.colcon_core.package_identification:_identify(/home/shubham/be_project_ws) by extension 'colcon_pkg'
[1.023s] Level 1:colcon.colcon_core.package_identification:_identify(/home/shubham/be_project_ws) by extensions ['colcon_meta']
[1.023s] Level 1:colcon.colcon_core.package_identification:_identify(/home/shubham/be_project_ws) by extension 'colcon_meta'
[1.023s] Level 1:colcon.colcon_core.package_identification:_identify(/home/shubham/be_project_ws) by extensions ['ros']
[1.023s] Level 1:colcon.colcon_core.package_identification:_identify(/home/shubham/be_project_ws) by extension 'ros'
[1.032s] Level 1:colcon.colcon_core.package_identification:_identify(/home/shubham/be_project_ws) by extensions ['cmake', 'python']
[1.032s] Level 1:colcon.colcon_core.package_identification:_identify(/home/shubham/be_project_ws) by extension 'cmake'
[1.032s] Level 1:colcon.colcon_core.package_identification:_identify(/home/shubham/be_project_ws) by extension 'python'
[1.032s] Level 1:colcon.colcon_core.package_identification:_identify(/home/shubham/be_project_ws) by extensions ['python_setup_py']
[1.032s] Level 1:colcon.colcon_core.package_identification:_identify(/home/shubham/be_project_ws) by extension 'python_setup_py'
[1.032s] Level 1:colcon.colcon_core.package_identification:_identify(/home/shubham/be_project_ws/build) by extensions ['ignore', 'ignore_ament_install']
[1.032s] Level 1:colcon.colcon_core.package_identification:_identify(/home/shubham/be_project_ws/build) by extension 'ignore'
[1.032s] Level 1:colcon.colcon_core.package_identification:_identify(/home/shubham/be_project_ws/build) ignored
[1.033s] Level 1:colcon.colcon_core.package_identification:_identify(/home/shubham/be_project_ws/install) by extensions ['ignore', 'ignore_ament_install']
[1.033s] Level 1:colcon.colcon_core.package_identification:_identify(/home/shubham/be_project_ws/install) by extension 'ignore'
[1.033s] Level 1:colcon.colcon_core.package_identification:_identify(/home/shubham/be_project_ws/install) ignored
[1.033s] Level 1:colcon.colcon_core.package_identification:_identify(/home/shubham/be_project_ws/log) by extensions ['ignore', 'ignore_ament_install']
[1.033s] Level 1:colcon.colcon_core.package_identification:_identify(/home/shubham/be_project_ws/log) by extension 'ignore'
[1.033s] Level 1:colcon.colcon_core.package_identification:_identify(/home/shubham/be_project_ws/log) ignored
[1.033s] Level 1:colcon.colcon_core.package_identification:_identify(/home/shubham/be_project_ws/src) by extensions ['ignore', 'ignore_ament_install']
[1.033s] Level 1:colcon.colcon_core.package_identification:_identify(/home/shubham/be_project_ws/src) by extension 'ignore'
[1.033s] Level 1:colcon.colcon_core.package_identification:_identify(/home/shubham/be_project_ws/src) by extension 'ignore_ament_install'
[1.033s] Level 1:colcon.colcon_core.package_identification:_identify(/home/shubham/be_project_ws/src) by extensions ['colcon_pkg']
[1.033s] Level 1:colcon.colcon_core.package_identification:_identify(/home/shubham/be_project_ws/src) by extension 'colcon_pkg'
[1.033s] Level 1:colcon.colcon_core.package_identification:_identify(/home/shubham/be_project_ws/src) by extensions ['colcon_meta']
[1.033s] Level 1:colcon.colcon_core.package_identification:_identify(/home/shubham/be_project_ws/src) by extension 'colcon_meta'
[1.033s] Level 1:colcon.colcon_core.package_identification:_identify(/home/shubham/be_project_ws/src) by extensions ['ros']
[1.033s] Level 1:colcon.colcon_core.package_identification:_identify(/home/shubham/be_project_ws/src) by extension 'ros'
[1.033s] Level 1:colcon.colcon_core.package_identification:_identify(/home/shubham/be_project_ws/src) by extensions ['cmake', 'python']
[1.033s] Level 1:colcon.colcon_core.package_identification:_identify(/home/shubham/be_project_ws/src) by extension 'cmake'
[1.033s] Level 1:colcon.colcon_core.package_identification:_identify(/home/shubham/be_project_ws/src) by extension 'python'
[1.033s] Level 1:colcon.colcon_core.package_identification:_identify(/home/shubham/be_project_ws/src) by extensions ['python_setup_py']
[1.033s] Level 1:colcon.colcon_core.package_identification:_identify(/home/shubham/be_project_ws/src) by extension 'python_setup_py'
[1.034s] Level 1:colcon.colcon_core.package_identification:_identify(/home/shubham/be_project_ws/src/robotic_arm_description) by extensions ['ignore', 'ignore_ament_install']
[1.034s] Level 1:colcon.colcon_core.package_identification:_identify(/home/shubham/be_project_ws/src/robotic_arm_description) by extension 'ignore'
[1.034s] Level 1:colcon.colcon_core.package_identification:_identify(/home/shubham/be_project_ws/src/robotic_arm_description) by extension 'ignore_ament_install'
[1.034s] Level 1:colcon.colcon_core.package_identification:_identify(/home/shubham/be_project_ws/src/robotic_arm_description) by extensions ['colcon_pkg']
[1.034s] Level 1:colcon.colcon_core.package_identification:_identify(/home/shubham/be_project_ws/src/robotic_arm_description) by extension 'colcon_pkg'
[1.034s] Level 1:colcon.colcon_core.package_identification:_identify(/home/shubham/be_project_ws/src/robotic_arm_description) by extensions ['colcon_meta']
[1.034s] Level 1:colcon.colcon_core.package_identification:_identify(/home/shubham/be_project_ws/src/robotic_arm_description) by extension 'colcon_meta'
[1.034s] Level 1:colcon.colcon_core.package_identification:_identify(/home/shubham/be_project_ws/src/robotic_arm_description) by extensions ['ros']
[1.034s] Level 1:colcon.colcon_core.package_identification:_identify(/home/shubham/be_project_ws/src/robotic_arm_description) by extension 'ros'
[1.036s] DEBUG:colcon.colcon_core.package_identification:Package '/home/shubham/be_project_ws/src/robotic_arm_description' with type 'ros.ament_cmake' and name 'robotic_arm_description'
[1.036s] Level 1:colcon.colcon_core.package_discovery:discover_packages(recursive) using defaults
