[0.930s] DEBUG:colcon:Command line arguments: ['/usr/bin/colcon', 'build']
[0.931s] DEBUG:colcon:Parsed command line arguments: Namespace(log_base=None, log_level=None, verb_name='build', build_base='build', install_base='install', merge_install=False, symlink_install=False, test_result_base=None, continue_on_error=False, executor='parallel', parallel_workers=16, event_handlers=None, ignore_user_meta=False, metas=['./colcon.meta'], base_paths=['.'], packages_ignore=None, packages_ignore_regex=None, paths=None, packages_up_to=None, packages_up_to_regex=None, packages_above=None, packages_above_and_dependencies=None, packages_above_depth=None, packages_select_by_dep=None, packages_skip_by_dep=None, packages_skip_up_to=None, packages_select_build_failed=False, packages_skip_build_finished=False, packages_select_test_failures=False, packages_skip_test_passed=False, packages_select=None, packages_skip=None, packages_select_regex=None, packages_skip_regex=None, packages_start=None, packages_end=None, allow_overriding=[], cmake_args=None, cmake_target=None, cmake_target_skip_unavailable=False, cmake_clean_cache=False, cmake_clean_first=False, cmake_force_configure=False, ament_cmake_args=None, catkin_cmake_args=None, catkin_skip_building_tests=False, verb_parser=<colcon_defaults.argument_parser.defaults.DefaultArgumentsDecorator object at 0x7f9964537c40>, verb_extension=<colcon_core.verb.build.BuildVerb object at 0x7f9964535780>, main=<bound method BuildVerb.main of <colcon_core.verb.build.BuildVerb object at 0x7f9964535780>>)
[0.970s] Level 1:colcon.colcon_core.package_discovery:discover_packages(colcon_meta) check parameters
[0.970s] Level 1:colcon.colcon_core.package_discovery:discover_packages(recursive) check parameters
[0.970s] Level 1:colcon.colcon_core.package_discovery:discover_packages(ignore) check parameters
[0.970s] Level 1:colcon.colcon_core.package_discovery:discover_packages(path) check parameters
[0.970s] Level 1:colcon.colcon_core.package_discovery:discover_packages(colcon_meta) discover
[0.970s] Level 1:colcon.colcon_core.package_discovery:discover_packages(recursive) discover
[0.970s] INFO:colcon.colcon_core.package_discovery:Crawling recursively for packages in '/home/shubham/be_project_ws'
[0.970s] Level 1:colcon.colcon_core.package_identification:_identify(.) by extensions ['ignore', 'ignore_ament_install']
[0.971s] Level 1:colcon.colcon_core.package_identification:_identify(.) by extension 'ignore'
[0.971s] Level 1:colcon.colcon_core.package_identification:_identify(.) by extension 'ignore_ament_install'
[0.971s] Level 1:colcon.colcon_core.package_identification:_identify(.) by extensions ['colcon_pkg']
[0.971s] Level 1:colcon.colcon_core.package_identification:_identify(.) by extension 'colcon_pkg'
[0.971s] Level 1:colcon.colcon_core.package_identification:_identify(.) by extensions ['colcon_meta']
[0.971s] Level 1:colcon.colcon_core.package_identification:_identify(.) by extension 'colcon_meta'
[0.971s] Level 1:colcon.colcon_core.package_identification:_identify(.) by extensions ['ros']
[0.971s] Level 1:colcon.colcon_core.package_identification:_identify(.) by extension 'ros'
[0.979s] Level 1:colcon.colcon_core.package_identification:_identify(.) by extensions ['cmake', 'python']
[0.979s] Level 1:colcon.colcon_core.package_identification:_identify(.) by extension 'cmake'
[0.979s] Level 1:colcon.colcon_core.package_identification:_identify(.) by extension 'python'
[0.979s] Level 1:colcon.colcon_core.package_identification:_identify(.) by extensions ['python_setup_py']
[0.979s] Level 1:colcon.colcon_core.package_identification:_identify(.) by extension 'python_setup_py'
[0.979s] Level 1:colcon.colcon_core.package_identification:_identify(build) by extensions ['ignore', 'ignore_ament_install']
[0.979s] Level 1:colcon.colcon_core.package_identification:_identify(build) by extension 'ignore'
[0.979s] Level 1:colcon.colcon_core.package_identification:_identify(build) ignored
[0.980s] Level 1:colcon.colcon_core.package_identification:_identify(install) by extensions ['ignore', 'ignore_ament_install']
[0.980s] Level 1:colcon.colcon_core.package_identification:_identify(install) by extension 'ignore'
[0.980s] Level 1:colcon.colcon_core.package_identification:_identify(install) ignored
[0.980s] Level 1:colcon.colcon_core.package_identification:_identify(log) by extensions ['ignore', 'ignore_ament_install']
[0.980s] Level 1:colcon.colcon_core.package_identification:_identify(log) by extension 'ignore'
[0.980s] Level 1:colcon.colcon_core.package_identification:_identify(log) ignored
[0.980s] Level 1:colcon.colcon_core.package_identification:_identify(src) by extensions ['ignore', 'ignore_ament_install']
[0.980s] Level 1:colcon.colcon_core.package_identification:_identify(src) by extension 'ignore'
[0.980s] Level 1:colcon.colcon_core.package_identification:_identify(src) by extension 'ignore_ament_install'
[0.980s] Level 1:colcon.colcon_core.package_identification:_identify(src) by extensions ['colcon_pkg']
[0.980s] Level 1:colcon.colcon_core.package_identification:_identify(src) by extension 'colcon_pkg'
[0.980s] Level 1:colcon.colcon_core.package_identification:_identify(src) by extensions ['colcon_meta']
[0.980s] Level 1:colcon.colcon_core.package_identification:_identify(src) by extension 'colcon_meta'
[0.980s] Level 1:colcon.colcon_core.package_identification:_identify(src) by extensions ['ros']
[0.980s] Level 1:colcon.colcon_core.package_identification:_identify(src) by extension 'ros'
[0.980s] Level 1:colcon.colcon_core.package_identification:_identify(src) by extensions ['cmake', 'python']
[0.981s] Level 1:colcon.colcon_core.package_identification:_identify(src) by extension 'cmake'
[0.981s] Level 1:colcon.colcon_core.package_identification:_identify(src) by extension 'python'
[0.981s] Level 1:colcon.colcon_core.package_identification:_identify(src) by extensions ['python_setup_py']
[0.981s] Level 1:colcon.colcon_core.package_identification:_identify(src) by extension 'python_setup_py'
[0.981s] Level 1:colcon.colcon_core.package_identification:_identify(src/robotic_arm_controller) by extensions ['ignore', 'ignore_ament_install']
[0.981s] Level 1:colcon.colcon_core.package_identification:_identify(src/robotic_arm_controller) by extension 'ignore'
[0.981s] Level 1:colcon.colcon_core.package_identification:_identify(src/robotic_arm_controller) by extension 'ignore_ament_install'
[0.981s] Level 1:colcon.colcon_core.package_identification:_identify(src/robotic_arm_controller) by extensions ['colcon_pkg']
[0.981s] Level 1:colcon.colcon_core.package_identification:_identify(src/robotic_arm_controller) by extension 'colcon_pkg'
[0.981s] Level 1:colcon.colcon_core.package_identification:_identify(src/robotic_arm_controller) by extensions ['colcon_meta']
[0.981s] Level 1:colcon.colcon_core.package_identification:_identify(src/robotic_arm_controller) by extension 'colcon_meta'
[0.981s] Level 1:colcon.colcon_core.package_identification:_identify(src/robotic_arm_controller) by extensions ['ros']
[0.981s] Level 1:colcon.colcon_core.package_identification:_identify(src/robotic_arm_controller) by extension 'ros'
[0.983s] DEBUG:colcon.colcon_core.package_identification:Package 'src/robotic_arm_controller' with type 'ros.ament_cmake' and name 'robotic_arm_controller'
[0.983s] Level 1:colcon.colcon_core.package_identification:_identify(src/robotic_arm_description) by extensions ['ignore', 'ignore_ament_install']
[0.983s] Level 1:colcon.colcon_core.package_identification:_identify(src/robotic_arm_description) by extension 'ignore'
[0.983s] Level 1:colcon.colcon_core.package_identification:_identify(src/robotic_arm_description) by extension 'ignore_ament_install'
[0.983s] Level 1:colcon.colcon_core.package_identification:_identify(src/robotic_arm_description) by extensions ['colcon_pkg']
[0.983s] Level 1:colcon.colcon_core.package_identification:_identify(src/robotic_arm_description) by extension 'colcon_pkg'
[0.983s] Level 1:colcon.colcon_core.package_identification:_identify(src/robotic_arm_description) by extensions ['colcon_meta']
[0.983s] Level 1:colcon.colcon_core.package_identification:_identify(src/robotic_arm_description) by extension 'colcon_meta'
[0.983s] Level 1:colcon.colcon_core.package_identification:_identify(src/robotic_arm_description) by extensions ['ros']
[0.983s] Level 1:colcon.colcon_core.package_identification:_identify(src/robotic_arm_description) by extension 'ros'
[0.984s] DEBUG:colcon.colcon_core.package_identification:Package 'src/robotic_arm_description' with type 'ros.ament_cmake' and name 'robotic_arm_description'
[0.984s] Level 1:colcon.colcon_core.package_identification:_identify(src/ros_robot_controller) by extensions ['ignore', 'ignore_ament_install']
[0.984s] Level 1:colcon.colcon_core.package_identification:_identify(src/ros_robot_controller) by extension 'ignore'
[0.984s] Level 1:colcon.colcon_core.package_identification:_identify(src/ros_robot_controller) by extension 'ignore_ament_install'
[0.984s] Level 1:colcon.colcon_core.package_identification:_identify(src/ros_robot_controller) by extensions ['colcon_pkg']
[0.984s] Level 1:colcon.colcon_core.package_identification:_identify(src/ros_robot_controller) by extension 'colcon_pkg'
[0.984s] Level 1:colcon.colcon_core.package_identification:_identify(src/ros_robot_controller) by extensions ['colcon_meta']
[0.984s] Level 1:colcon.colcon_core.package_identification:_identify(src/ros_robot_controller) by extension 'colcon_meta'
[0.984s] Level 1:colcon.colcon_core.package_identification:_identify(src/ros_robot_controller) by extensions ['ros']
[0.984s] Level 1:colcon.colcon_core.package_identification:_identify(src/ros_robot_controller) by extension 'ros'
[0.984s] DEBUG:colcon.colcon_core.package_identification:Package 'src/ros_robot_controller' with type 'ros.ament_cmake' and name 'ros_robot_controller'
[0.984s] Level 1:colcon.colcon_core.package_identification:_identify(src/ros_robot_description) by extensions ['ignore', 'ignore_ament_install']
[0.985s] Level 1:colcon.colcon_core.package_identification:_identify(src/ros_robot_description) by extension 'ignore'
[0.985s] Level 1:colcon.colcon_core.package_identification:_identify(src/ros_robot_description) by extension 'ignore_ament_install'
[0.985s] Level 1:colcon.colcon_core.package_identification:_identify(src/ros_robot_description) by extensions ['colcon_pkg']
[0.985s] Level 1:colcon.colcon_core.package_identification:_identify(src/ros_robot_description) by extension 'colcon_pkg'
[0.985s] Level 1:colcon.colcon_core.package_identification:_identify(src/ros_robot_description) by extensions ['colcon_meta']
[0.985s] Level 1:colcon.colcon_core.package_identification:_identify(src/ros_robot_description) by extension 'colcon_meta'
[0.985s] Level 1:colcon.colcon_core.package_identification:_identify(src/ros_robot_description) by extensions ['ros']
[0.985s] Level 1:colcon.colcon_core.package_identification:_identify(src/ros_robot_description) by extension 'ros'
[0.985s] DEBUG:colcon.colcon_core.package_identification:Package 'src/ros_robot_description' with type 'ros.ament_cmake' and name 'ros_robot_description'
[0.985s] Level 1:colcon.colcon_core.package_discovery:discover_packages(recursive) using defaults
[0.985s] Level 1:colcon.colcon_core.package_discovery:discover_packages(ignore) discover
[0.985s] Level 1:colcon.colcon_core.package_discovery:discover_packages(ignore) using defaults
[0.985s] Level 1:colcon.colcon_core.package_discovery:discover_packages(path) discover
[0.985s] Level 1:colcon.colcon_core.package_discovery:discover_packages(path) using defaults
[1.069s] Level 1:colcon.colcon_core.package_discovery:discover_packages(prefix_path) check parameters
[1.069s] Level 1:colcon.colcon_core.package_discovery:discover_packages(prefix_path) discover
[1.099s] DEBUG:colcon.colcon_installed_package_information.package_discovery:Found 4 installed packages in /home/shubham/be_project_ws/install
[1.121s] DEBUG:colcon.colcon_installed_package_information.package_discovery:Found 4 installed packages in /home/shubham/arduinobot_ws/install
[1.136s] DEBUG:colcon.colcon_installed_package_information.package_discovery:Found 413 installed packages in /opt/ros/humble
[1.137s] Level 1:colcon.colcon_core.package_discovery:discover_packages(prefix_path) using defaults
[1.238s] Level 5:colcon.colcon_core.verb:set package 'robotic_arm_controller' build argument 'cmake_args' from command line to 'None'
[1.238s] Level 5:colcon.colcon_core.verb:set package 'robotic_arm_controller' build argument 'cmake_target' from command line to 'None'
[1.238s] Level 5:colcon.colcon_core.verb:set package 'robotic_arm_controller' build argument 'cmake_target_skip_unavailable' from command line to 'False'
[1.238s] Level 5:colcon.colcon_core.verb:set package 'robotic_arm_controller' build argument 'cmake_clean_cache' from command line to 'False'
[1.238s] Level 5:colcon.colcon_core.verb:set package 'robotic_arm_controller' build argument 'cmake_clean_first' from command line to 'False'
[1.238s] Level 5:colcon.colcon_core.verb:set package 'robotic_arm_controller' build argument 'cmake_force_configure' from command line to 'False'
[1.239s] Level 5:colcon.colcon_core.verb:set package 'robotic_arm_controller' build argument 'ament_cmake_args' from command line to 'None'
[1.239s] Level 5:colcon.colcon_core.verb:set package 'robotic_arm_controller' build argument 'catkin_cmake_args' from command line to 'None'
[1.239s] Level 5:colcon.colcon_core.verb:set package 'robotic_arm_controller' build argument 'catkin_skip_building_tests' from command line to 'False'
[1.239s] DEBUG:colcon.colcon_core.verb:Building package 'robotic_arm_controller' with the following arguments: {'ament_cmake_args': None, 'build_base': '/home/shubham/be_project_ws/build/robotic_arm_controller', 'catkin_cmake_args': None, 'catkin_skip_building_tests': False, 'cmake_args': None, 'cmake_clean_cache': False, 'cmake_clean_first': False, 'cmake_force_configure': False, 'cmake_target': None, 'cmake_target_skip_unavailable': False, 'install_base': '/home/shubham/be_project_ws/install/robotic_arm_controller', 'merge_install': False, 'path': '/home/shubham/be_project_ws/src/robotic_arm_controller', 'symlink_install': False, 'test_result_base': None}
[1.254s] Level 5:colcon.colcon_core.verb:set package 'robotic_arm_description' build argument 'cmake_args' from command line to 'None'
[1.254s] Level 5:colcon.colcon_core.verb:set package 'robotic_arm_description' build argument 'cmake_target' from command line to 'None'
[1.254s] Level 5:colcon.colcon_core.verb:set package 'robotic_arm_description' build argument 'cmake_target_skip_unavailable' from command line to 'False'
[1.254s] Level 5:colcon.colcon_core.verb:set package 'robotic_arm_description' build argument 'cmake_clean_cache' from command line to 'False'
[1.254s] Level 5:colcon.colcon_core.verb:set package 'robotic_arm_description' build argument 'cmake_clean_first' from command line to 'False'
[1.254s] Level 5:colcon.colcon_core.verb:set package 'robotic_arm_description' build argument 'cmake_force_configure' from command line to 'False'
[1.254s] Level 5:colcon.colcon_core.verb:set package 'robotic_arm_description' build argument 'ament_cmake_args' from command line to 'None'
[1.254s] Level 5:colcon.colcon_core.verb:set package 'robotic_arm_description' build argument 'catkin_cmake_args' from command line to 'None'
[1.254s] Level 5:colcon.colcon_core.verb:set package 'robotic_arm_description' build argument 'catkin_skip_building_tests' from command line to 'False'
[1.254s] DEBUG:colcon.colcon_core.verb:Building package 'robotic_arm_description' with the following arguments: {'ament_cmake_args': None, 'build_base': '/home/shubham/be_project_ws/build/robotic_arm_description', 'catkin_cmake_args': None, 'catkin_skip_building_tests': False, 'cmake_args': None, 'cmake_clean_cache': False, 'cmake_clean_first': False, 'cmake_force_configure': False, 'cmake_target': None, 'cmake_target_skip_unavailable': False, 'install_base': '/home/shubham/be_project_ws/install/robotic_arm_description', 'merge_install': False, 'path': '/home/shubham/be_project_ws/src/robotic_arm_description', 'symlink_install': False, 'test_result_base': None}
[1.269s] Level 5:colcon.colcon_core.verb:set package 'ros_robot_controller' build argument 'cmake_args' from command line to 'None'
[1.269s] Level 5:colcon.colcon_core.verb:set package 'ros_robot_controller' build argument 'cmake_target' from command line to 'None'
[1.269s] Level 5:colcon.colcon_core.verb:set package 'ros_robot_controller' build argument 'cmake_target_skip_unavailable' from command line to 'False'
[1.269s] Level 5:colcon.colcon_core.verb:set package 'ros_robot_controller' build argument 'cmake_clean_cache' from command line to 'False'
[1.269s] Level 5:colcon.colcon_core.verb:set package 'ros_robot_controller' build argument 'cmake_clean_first' from command line to 'False'
[1.270s] Level 5:colcon.colcon_core.verb:set package 'ros_robot_controller' build argument 'cmake_force_configure' from command line to 'False'
[1.270s] Level 5:colcon.colcon_core.verb:set package 'ros_robot_controller' build argument 'ament_cmake_args' from command line to 'None'
[1.270s] Level 5:colcon.colcon_core.verb:set package 'ros_robot_controller' build argument 'catkin_cmake_args' from command line to 'None'
[1.270s] Level 5:colcon.colcon_core.verb:set package 'ros_robot_controller' build argument 'catkin_skip_building_tests' from command line to 'False'
[1.270s] DEBUG:colcon.colcon_core.verb:Building package 'ros_robot_controller' with the following arguments: {'ament_cmake_args': None, 'build_base': '/home/shubham/be_project_ws/build/ros_robot_controller', 'catkin_cmake_args': None, 'catkin_skip_building_tests': False, 'cmake_args': None, 'cmake_clean_cache': False, 'cmake_clean_first': False, 'cmake_force_configure': False, 'cmake_target': None, 'cmake_target_skip_unavailable': False, 'install_base': '/home/shubham/be_project_ws/install/ros_robot_controller', 'merge_install': False, 'path': '/home/shubham/be_project_ws/src/ros_robot_controller', 'symlink_install': False, 'test_result_base': None}
[1.284s] Level 5:colcon.colcon_core.verb:set package 'ros_robot_description' build argument 'cmake_args' from command line to 'None'
[1.284s] Level 5:colcon.colcon_core.verb:set package 'ros_robot_description' build argument 'cmake_target' from command line to 'None'
[1.284s] Level 5:colcon.colcon_core.verb:set package 'ros_robot_description' build argument 'cmake_target_skip_unavailable' from command line to 'False'
[1.284s] Level 5:colcon.colcon_core.verb:set package 'ros_robot_description' build argument 'cmake_clean_cache' from command line to 'False'
[1.284s] Level 5:colcon.colcon_core.verb:set package 'ros_robot_description' build argument 'cmake_clean_first' from command line to 'False'
[1.284s] Level 5:colcon.colcon_core.verb:set package 'ros_robot_description' build argument 'cmake_force_configure' from command line to 'False'
[1.284s] Level 5:colcon.colcon_core.verb:set package 'ros_robot_description' build argument 'ament_cmake_args' from command line to 'None'
[1.284s] Level 5:colcon.colcon_core.verb:set package 'ros_robot_description' build argument 'catkin_cmake_args' from command line to 'None'
[1.284s] Level 5:colcon.colcon_core.verb:set package 'ros_robot_description' build argument 'catkin_skip_building_tests' from command line to 'False'
[1.284s] DEBUG:colcon.colcon_core.verb:Building package 'ros_robot_description' with the following arguments: {'ament_cmake_args': None, 'build_base': '/home/shubham/be_project_ws/build/ros_robot_description', 'catkin_cmake_args': None, 'catkin_skip_building_tests': False, 'cmake_args': None, 'cmake_clean_cache': False, 'cmake_clean_first': False, 'cmake_force_configure': False, 'cmake_target': None, 'cmake_target_skip_unavailable': False, 'install_base': '/home/shubham/be_project_ws/install/ros_robot_description', 'merge_install': False, 'path': '/home/shubham/be_project_ws/src/ros_robot_description', 'symlink_install': False, 'test_result_base': None}
[1.297s] INFO:colcon.colcon_core.executor:Executing jobs using 'parallel' executor
[1.311s] DEBUG:colcon.colcon_parallel_executor.executor.parallel:run_until_complete
[1.311s] INFO:colcon.colcon_ros.task.ament_cmake.build:Building ROS package in '/home/shubham/be_project_ws/src/robotic_arm_controller' with build type 'ament_cmake'
[1.312s] INFO:colcon.colcon_cmake.task.cmake.build:Building CMake package in '/home/shubham/be_project_ws/src/robotic_arm_controller'
[1.329s] INFO:colcon.colcon_core.plugin_system:Skipping extension 'colcon_core.shell.bat': Not used on non-Windows systems
[1.329s] INFO:colcon.colcon_core.shell:Skip shell extension 'powershell' for command environment: Not usable outside of PowerShell
[1.329s] DEBUG:colcon.colcon_core.shell:Skip shell extension 'dsv' for command environment
[1.386s] INFO:colcon.colcon_ros.task.ament_cmake.build:Building ROS package in '/home/shubham/be_project_ws/src/robotic_arm_description' with build type 'ament_cmake'
[1.387s] INFO:colcon.colcon_cmake.task.cmake.build:Building CMake package in '/home/shubham/be_project_ws/src/robotic_arm_description'
[1.401s] INFO:colcon.colcon_core.shell:Skip shell extension 'powershell' for command environment: Not usable outside of PowerShell
[1.401s] DEBUG:colcon.colcon_core.shell:Skip shell extension 'dsv' for command environment
[1.460s] INFO:colcon.colcon_ros.task.ament_cmake.build:Building ROS package in '/home/shubham/be_project_ws/src/ros_robot_controller' with build type 'ament_cmake'
[1.460s] INFO:colcon.colcon_cmake.task.cmake.build:Building CMake package in '/home/shubham/be_project_ws/src/ros_robot_controller'
[1.476s] INFO:colcon.colcon_core.shell:Skip shell extension 'powershell' for command environment: Not usable outside of PowerShell
[1.476s] DEBUG:colcon.colcon_core.shell:Skip shell extension 'dsv' for command environment
[1.538s] INFO:colcon.colcon_ros.task.ament_cmake.build:Building ROS package in '/home/shubham/be_project_ws/src/ros_robot_description' with build type 'ament_cmake'
[1.539s] INFO:colcon.colcon_cmake.task.cmake.build:Building CMake package in '/home/shubham/be_project_ws/src/ros_robot_description'
[1.554s] INFO:colcon.colcon_core.shell:Skip shell extension 'powershell' for command environment: Not usable outside of PowerShell
[1.554s] DEBUG:colcon.colcon_core.shell:Skip shell extension 'dsv' for command environment
[1.624s] DEBUG:colcon.colcon_core.event_handler.log_command:Invoking command in '/home/shubham/be_project_ws/build/robotic_arm_controller': CMAKE_PREFIX_PATH=${CMAKE_PREFIX_PATH}:/home/shubham/arduinobot_ws/install/arduinobot_py_examples:/opt/ros/humble /usr/bin/cmake --build /home/shubham/be_project_ws/build/robotic_arm_controller -- -j16 -l16
[1.627s] DEBUG:colcon.colcon_core.event_handler.log_command:Invoking command in '/home/shubham/be_project_ws/build/robotic_arm_description': CMAKE_PREFIX_PATH=${CMAKE_PREFIX_PATH}:/home/shubham/arduinobot_ws/install/arduinobot_py_examples:/opt/ros/humble /usr/bin/cmake --build /home/shubham/be_project_ws/build/robotic_arm_description -- -j16 -l16
[1.630s] DEBUG:colcon.colcon_core.event_handler.log_command:Invoking command in '/home/shubham/be_project_ws/build/ros_robot_controller': CMAKE_PREFIX_PATH=${CMAKE_PREFIX_PATH}:/home/shubham/arduinobot_ws/install/arduinobot_py_examples:/opt/ros/humble /usr/bin/cmake --build /home/shubham/be_project_ws/build/ros_robot_controller -- -j16 -l16
[1.634s] DEBUG:colcon.colcon_core.event_handler.log_command:Invoking command in '/home/shubham/be_project_ws/build/ros_robot_description': CMAKE_PREFIX_PATH=${CMAKE_PREFIX_PATH}:/home/shubham/arduinobot_ws/install/arduinobot_py_examples:/opt/ros/humble /usr/bin/cmake --build /home/shubham/be_project_ws/build/ros_robot_description -- -j16 -l16
[1.698s] DEBUG:colcon.colcon_core.event_handler.log_command:Invoked command in '/home/shubham/be_project_ws/build/robotic_arm_controller' returned '0': CMAKE_PREFIX_PATH=${CMAKE_PREFIX_PATH}:/home/shubham/arduinobot_ws/install/arduinobot_py_examples:/opt/ros/humble /usr/bin/cmake --build /home/shubham/be_project_ws/build/robotic_arm_controller -- -j16 -l16
[1.699s] DEBUG:colcon.colcon_core.event_handler.log_command:Invoked command in '/home/shubham/be_project_ws/build/ros_robot_controller' returned '0': CMAKE_PREFIX_PATH=${CMAKE_PREFIX_PATH}:/home/shubham/arduinobot_ws/install/arduinobot_py_examples:/opt/ros/humble /usr/bin/cmake --build /home/shubham/be_project_ws/build/ros_robot_controller -- -j16 -l16
[1.701s] DEBUG:colcon.colcon_core.event_handler.log_command:Invoked command in '/home/shubham/be_project_ws/build/ros_robot_description' returned '0': CMAKE_PREFIX_PATH=${CMAKE_PREFIX_PATH}:/home/shubham/arduinobot_ws/install/arduinobot_py_examples:/opt/ros/humble /usr/bin/cmake --build /home/shubham/be_project_ws/build/ros_robot_description -- -j16 -l16
[1.702s] DEBUG:colcon.colcon_core.event_handler.log_command:Invoked command in '/home/shubham/be_project_ws/build/robotic_arm_description' returned '0': CMAKE_PREFIX_PATH=${CMAKE_PREFIX_PATH}:/home/shubham/arduinobot_ws/install/arduinobot_py_examples:/opt/ros/humble /usr/bin/cmake --build /home/shubham/be_project_ws/build/robotic_arm_description -- -j16 -l16
[1.720s] DEBUG:colcon.colcon_core.event_handler.log_command:Invoking command in '/home/shubham/be_project_ws/build/robotic_arm_controller': CMAKE_PREFIX_PATH=${CMAKE_PREFIX_PATH}:/home/shubham/arduinobot_ws/install/arduinobot_py_examples:/opt/ros/humble /usr/bin/cmake --install /home/shubham/be_project_ws/build/robotic_arm_controller
[1.722s] DEBUG:colcon.colcon_core.event_handler.log_command:Invoking command in '/home/shubham/be_project_ws/build/ros_robot_controller': CMAKE_PREFIX_PATH=${CMAKE_PREFIX_PATH}:/home/shubham/arduinobot_ws/install/arduinobot_py_examples:/opt/ros/humble /usr/bin/cmake --install /home/shubham/be_project_ws/build/ros_robot_controller
[1.723s] DEBUG:colcon.colcon_core.event_handler.log_command:Invoking command in '/home/shubham/be_project_ws/build/ros_robot_description': CMAKE_PREFIX_PATH=${CMAKE_PREFIX_PATH}:/home/shubham/arduinobot_ws/install/arduinobot_py_examples:/opt/ros/humble /usr/bin/cmake --install /home/shubham/be_project_ws/build/ros_robot_description
[1.724s] DEBUG:colcon.colcon_core.event_handler.log_command:Invoking command in '/home/shubham/be_project_ws/build/robotic_arm_description': CMAKE_PREFIX_PATH=${CMAKE_PREFIX_PATH}:/home/shubham/arduinobot_ws/install/arduinobot_py_examples:/opt/ros/humble /usr/bin/cmake --install /home/shubham/be_project_ws/build/robotic_arm_description
[1.731s] Level 1:colcon.colcon_core.environment:create_environment_scripts_only(robotic_arm_controller)
[1.743s] DEBUG:colcon.colcon_core.event_handler.log_command:Invoked command in '/home/shubham/be_project_ws/build/robotic_arm_controller' returned '0': CMAKE_PREFIX_PATH=${CMAKE_PREFIX_PATH}:/home/shubham/arduinobot_ws/install/arduinobot_py_examples:/opt/ros/humble /usr/bin/cmake --install /home/shubham/be_project_ws/build/robotic_arm_controller
[1.765s] Level 1:colcon.colcon_core.environment:checking '/home/shubham/be_project_ws/install/robotic_arm_controller' for CMake module files
[1.766s] Level 1:colcon.colcon_core.environment:checking '/home/shubham/be_project_ws/install/robotic_arm_controller' for CMake config files
[1.767s] Level 1:colcon.colcon_core.shell:create_environment_hook('robotic_arm_controller', 'cmake_prefix_path')
[1.784s] INFO:colcon.colcon_core.shell:Creating environment hook '/home/shubham/be_project_ws/install/robotic_arm_controller/share/robotic_arm_controller/hook/cmake_prefix_path.ps1'
[1.785s] INFO:colcon.colcon_core.shell:Creating environment descriptor '/home/shubham/be_project_ws/install/robotic_arm_controller/share/robotic_arm_controller/hook/cmake_prefix_path.dsv'
[1.788s] INFO:colcon.colcon_core.shell:Creating environment hook '/home/shubham/be_project_ws/install/robotic_arm_controller/share/robotic_arm_controller/hook/cmake_prefix_path.sh'
[1.789s] Level 1:colcon.colcon_core.environment:checking '/home/shubham/be_project_ws/install/robotic_arm_controller/bin'
[1.789s] Level 1:colcon.colcon_core.environment:checking '/home/shubham/be_project_ws/install/robotic_arm_controller/lib/pkgconfig/robotic_arm_controller.pc'
[1.789s] Level 1:colcon.colcon_core.environment:checking '/home/shubham/be_project_ws/install/robotic_arm_controller/lib/python3.10/site-packages'
[1.789s] Level 1:colcon.colcon_core.environment:checking '/home/shubham/be_project_ws/install/robotic_arm_controller/bin'
[1.804s] INFO:colcon.colcon_core.shell:Creating package script '/home/shubham/be_project_ws/install/robotic_arm_controller/share/robotic_arm_controller/package.ps1'
[1.805s] INFO:colcon.colcon_core.shell:Creating package descriptor '/home/shubham/be_project_ws/install/robotic_arm_controller/share/robotic_arm_controller/package.dsv'
[1.805s] INFO:colcon.colcon_core.shell:Creating package script '/home/shubham/be_project_ws/install/robotic_arm_controller/share/robotic_arm_controller/package.sh'
[1.807s] INFO:colcon.colcon_core.shell:Creating package script '/home/shubham/be_project_ws/install/robotic_arm_controller/share/robotic_arm_controller/package.bash'
[1.808s] INFO:colcon.colcon_core.shell:Creating package script '/home/shubham/be_project_ws/install/robotic_arm_controller/share/robotic_arm_controller/package.zsh'
[1.809s] Level 1:colcon.colcon_core.environment:create_file_with_runtime_dependencies(/home/shubham/be_project_ws/install/robotic_arm_controller/share/colcon-core/packages/robotic_arm_controller)
[1.811s] Level 1:colcon.colcon_core.environment:create_environment_scripts_only(ros_robot_controller)
[1.811s] DEBUG:colcon.colcon_core.event_handler.log_command:Invoked command in '/home/shubham/be_project_ws/build/ros_robot_controller' returned '0': CMAKE_PREFIX_PATH=${CMAKE_PREFIX_PATH}:/home/shubham/arduinobot_ws/install/arduinobot_py_examples:/opt/ros/humble /usr/bin/cmake --install /home/shubham/be_project_ws/build/ros_robot_controller
[1.826s] Level 1:colcon.colcon_core.environment:checking '/home/shubham/be_project_ws/install/ros_robot_controller' for CMake module files
[1.827s] Level 1:colcon.colcon_core.environment:checking '/home/shubham/be_project_ws/install/ros_robot_controller' for CMake config files
[1.830s] Level 1:colcon.colcon_core.shell:create_environment_hook('ros_robot_controller', 'cmake_prefix_path')
[1.844s] INFO:colcon.colcon_core.shell:Creating environment hook '/home/shubham/be_project_ws/install/ros_robot_controller/share/ros_robot_controller/hook/cmake_prefix_path.ps1'
[1.844s] INFO:colcon.colcon_core.shell:Creating environment descriptor '/home/shubham/be_project_ws/install/ros_robot_controller/share/ros_robot_controller/hook/cmake_prefix_path.dsv'
[1.844s] INFO:colcon.colcon_core.shell:Creating environment hook '/home/shubham/be_project_ws/install/ros_robot_controller/share/ros_robot_controller/hook/cmake_prefix_path.sh'
[1.845s] Level 1:colcon.colcon_core.environment:checking '/home/shubham/be_project_ws/install/ros_robot_controller/bin'
[1.845s] Level 1:colcon.colcon_core.environment:checking '/home/shubham/be_project_ws/install/ros_robot_controller/lib/pkgconfig/ros_robot_controller.pc'
[1.845s] Level 1:colcon.colcon_core.environment:checking '/home/shubham/be_project_ws/install/ros_robot_controller/lib/python3.10/site-packages'
[1.845s] Level 1:colcon.colcon_core.environment:checking '/home/shubham/be_project_ws/install/ros_robot_controller/bin'
[1.860s] INFO:colcon.colcon_core.shell:Creating package script '/home/shubham/be_project_ws/install/ros_robot_controller/share/ros_robot_controller/package.ps1'
[1.860s] INFO:colcon.colcon_core.shell:Creating package descriptor '/home/shubham/be_project_ws/install/ros_robot_controller/share/ros_robot_controller/package.dsv'
[1.860s] INFO:colcon.colcon_core.shell:Creating package script '/home/shubham/be_project_ws/install/ros_robot_controller/share/ros_robot_controller/package.sh'
[1.861s] INFO:colcon.colcon_core.shell:Creating package script '/home/shubham/be_project_ws/install/ros_robot_controller/share/ros_robot_controller/package.bash'
[1.861s] INFO:colcon.colcon_core.shell:Creating package script '/home/shubham/be_project_ws/install/ros_robot_controller/share/ros_robot_controller/package.zsh'
[1.861s] Level 1:colcon.colcon_core.environment:create_file_with_runtime_dependencies(/home/shubham/be_project_ws/install/ros_robot_controller/share/colcon-core/packages/ros_robot_controller)
[1.862s] Level 1:colcon.colcon_core.environment:create_environment_scripts_only(ros_robot_description)
[1.863s] DEBUG:colcon.colcon_core.event_handler.log_command:Invoked command in '/home/shubham/be_project_ws/build/ros_robot_description' returned '0': CMAKE_PREFIX_PATH=${CMAKE_PREFIX_PATH}:/home/shubham/arduinobot_ws/install/arduinobot_py_examples:/opt/ros/humble /usr/bin/cmake --install /home/shubham/be_project_ws/build/ros_robot_description
[1.878s] Level 1:colcon.colcon_core.environment:checking '/home/shubham/be_project_ws/install/ros_robot_description' for CMake module files
[1.878s] Level 1:colcon.colcon_core.environment:checking '/home/shubham/be_project_ws/install/ros_robot_description' for CMake config files
[1.881s] Level 1:colcon.colcon_core.shell:create_environment_hook('ros_robot_description', 'cmake_prefix_path')
[1.896s] INFO:colcon.colcon_core.shell:Creating environment hook '/home/shubham/be_project_ws/install/ros_robot_description/share/ros_robot_description/hook/cmake_prefix_path.ps1'
[1.896s] INFO:colcon.colcon_core.shell:Creating environment descriptor '/home/shubham/be_project_ws/install/ros_robot_description/share/ros_robot_description/hook/cmake_prefix_path.dsv'
[1.896s] INFO:colcon.colcon_core.shell:Creating environment hook '/home/shubham/be_project_ws/install/ros_robot_description/share/ros_robot_description/hook/cmake_prefix_path.sh'
[1.897s] Level 1:colcon.colcon_core.environment:checking '/home/shubham/be_project_ws/install/ros_robot_description/bin'
[1.897s] Level 1:colcon.colcon_core.environment:checking '/home/shubham/be_project_ws/install/ros_robot_description/lib/pkgconfig/ros_robot_description.pc'
[1.897s] Level 1:colcon.colcon_core.environment:checking '/home/shubham/be_project_ws/install/ros_robot_description/lib/python3.10/site-packages'
[1.897s] Level 1:colcon.colcon_core.environment:checking '/home/shubham/be_project_ws/install/ros_robot_description/bin'
[1.911s] INFO:colcon.colcon_core.shell:Creating package script '/home/shubham/be_project_ws/install/ros_robot_description/share/ros_robot_description/package.ps1'
[1.912s] INFO:colcon.colcon_core.shell:Creating package descriptor '/home/shubham/be_project_ws/install/ros_robot_description/share/ros_robot_description/package.dsv'
[1.912s] INFO:colcon.colcon_core.shell:Creating package script '/home/shubham/be_project_ws/install/ros_robot_description/share/ros_robot_description/package.sh'
[1.912s] INFO:colcon.colcon_core.shell:Creating package script '/home/shubham/be_project_ws/install/ros_robot_description/share/ros_robot_description/package.bash'
[1.913s] INFO:colcon.colcon_core.shell:Creating package script '/home/shubham/be_project_ws/install/ros_robot_description/share/ros_robot_description/package.zsh'
[1.913s] Level 1:colcon.colcon_core.environment:create_file_with_runtime_dependencies(/home/shubham/be_project_ws/install/ros_robot_description/share/colcon-core/packages/ros_robot_description)
[1.913s] Level 1:colcon.colcon_core.environment:create_environment_scripts_only(robotic_arm_description)
[1.914s] DEBUG:colcon.colcon_core.event_handler.log_command:Invoked command in '/home/shubham/be_project_ws/build/robotic_arm_description' returned '0': CMAKE_PREFIX_PATH=${CMAKE_PREFIX_PATH}:/home/shubham/arduinobot_ws/install/arduinobot_py_examples:/opt/ros/humble /usr/bin/cmake --install /home/shubham/be_project_ws/build/robotic_arm_description
[1.928s] Level 1:colcon.colcon_core.environment:checking '/home/shubham/be_project_ws/install/robotic_arm_description' for CMake module files
[1.929s] Level 1:colcon.colcon_core.environment:checking '/home/shubham/be_project_ws/install/robotic_arm_description' for CMake config files
[1.931s] Level 1:colcon.colcon_core.shell:create_environment_hook('robotic_arm_description', 'cmake_prefix_path')
[1.945s] INFO:colcon.colcon_core.shell:Creating environment hook '/home/shubham/be_project_ws/install/robotic_arm_description/share/robotic_arm_description/hook/cmake_prefix_path.ps1'
[1.945s] INFO:colcon.colcon_core.shell:Creating environment descriptor '/home/shubham/be_project_ws/install/robotic_arm_description/share/robotic_arm_description/hook/cmake_prefix_path.dsv'
[1.946s] INFO:colcon.colcon_core.shell:Creating environment hook '/home/shubham/be_project_ws/install/robotic_arm_description/share/robotic_arm_description/hook/cmake_prefix_path.sh'
[1.946s] Level 1:colcon.colcon_core.environment:checking '/home/shubham/be_project_ws/install/robotic_arm_description/bin'
[1.946s] Level 1:colcon.colcon_core.environment:checking '/home/shubham/be_project_ws/install/robotic_arm_description/lib/pkgconfig/robotic_arm_description.pc'
[1.946s] Level 1:colcon.colcon_core.environment:checking '/home/shubham/be_project_ws/install/robotic_arm_description/lib/python3.10/site-packages'
[1.947s] Level 1:colcon.colcon_core.environment:checking '/home/shubham/be_project_ws/install/robotic_arm_description/bin'
[1.961s] INFO:colcon.colcon_core.shell:Creating package script '/home/shubham/be_project_ws/install/robotic_arm_description/share/robotic_arm_description/package.ps1'
[1.961s] INFO:colcon.colcon_core.shell:Creating package descriptor '/home/shubham/be_project_ws/install/robotic_arm_description/share/robotic_arm_description/package.dsv'
[1.961s] INFO:colcon.colcon_core.shell:Creating package script '/home/shubham/be_project_ws/install/robotic_arm_description/share/robotic_arm_description/package.sh'
[1.962s] INFO:colcon.colcon_core.shell:Creating package script '/home/shubham/be_project_ws/install/robotic_arm_description/share/robotic_arm_description/package.bash'
[1.962s] INFO:colcon.colcon_core.shell:Creating package script '/home/shubham/be_project_ws/install/robotic_arm_description/share/robotic_arm_description/package.zsh'
[1.962s] Level 1:colcon.colcon_core.environment:create_file_with_runtime_dependencies(/home/shubham/be_project_ws/install/robotic_arm_description/share/colcon-core/packages/robotic_arm_description)
[1.977s] Level 1:colcon.colcon_core.environment:create_environment_scripts_only(robotic_arm_controller)
[1.992s] Level 1:colcon.colcon_core.environment:checking '/home/shubham/be_project_ws/install/robotic_arm_controller' for CMake module files
[1.992s] Level 1:colcon.colcon_core.environment:checking '/home/shubham/be_project_ws/install/robotic_arm_controller' for CMake config files
[1.992s] Level 1:colcon.colcon_core.shell:create_environment_hook('robotic_arm_controller', 'cmake_prefix_path')
[2.006s] INFO:colcon.colcon_core.shell:Creating environment hook '/home/shubham/be_project_ws/install/robotic_arm_controller/share/robotic_arm_controller/hook/cmake_prefix_path.ps1'
[2.006s] INFO:colcon.colcon_core.shell:Creating environment descriptor '/home/shubham/be_project_ws/install/robotic_arm_controller/share/robotic_arm_controller/hook/cmake_prefix_path.dsv'
[2.007s] INFO:colcon.colcon_core.shell:Creating environment hook '/home/shubham/be_project_ws/install/robotic_arm_controller/share/robotic_arm_controller/hook/cmake_prefix_path.sh'
[2.007s] Level 1:colcon.colcon_core.environment:checking '/home/shubham/be_project_ws/install/robotic_arm_controller/bin'
[2.007s] Level 1:colcon.colcon_core.environment:checking '/home/shubham/be_project_ws/install/robotic_arm_controller/lib/pkgconfig/robotic_arm_controller.pc'
[2.007s] Level 1:colcon.colcon_core.environment:checking '/home/shubham/be_project_ws/install/robotic_arm_controller/lib/python3.10/site-packages'
[2.007s] Level 1:colcon.colcon_core.environment:checking '/home/shubham/be_project_ws/install/robotic_arm_controller/bin'
[2.027s] INFO:colcon.colcon_core.shell:Creating package script '/home/shubham/be_project_ws/install/robotic_arm_controller/share/robotic_arm_controller/package.ps1'
[2.027s] INFO:colcon.colcon_core.shell:Creating package descriptor '/home/shubham/be_project_ws/install/robotic_arm_controller/share/robotic_arm_controller/package.dsv'
[2.027s] INFO:colcon.colcon_core.shell:Creating package script '/home/shubham/be_project_ws/install/robotic_arm_controller/share/robotic_arm_controller/package.sh'
[2.028s] INFO:colcon.colcon_core.shell:Creating package script '/home/shubham/be_project_ws/install/robotic_arm_controller/share/robotic_arm_controller/package.bash'
[2.028s] INFO:colcon.colcon_core.shell:Creating package script '/home/shubham/be_project_ws/install/robotic_arm_controller/share/robotic_arm_controller/package.zsh'
[2.028s] Level 1:colcon.colcon_core.environment:create_file_with_runtime_dependencies(/home/shubham/be_project_ws/install/robotic_arm_controller/share/colcon-core/packages/robotic_arm_controller)
[2.044s] Level 1:colcon.colcon_core.environment:create_environment_scripts_only(ros_robot_controller)
[2.057s] Level 1:colcon.colcon_core.environment:checking '/home/shubham/be_project_ws/install/ros_robot_controller' for CMake module files
[2.058s] Level 1:colcon.colcon_core.environment:checking '/home/shubham/be_project_ws/install/ros_robot_controller' for CMake config files
[2.058s] Level 1:colcon.colcon_core.shell:create_environment_hook('ros_robot_controller', 'cmake_prefix_path')
[2.072s] INFO:colcon.colcon_core.shell:Creating environment hook '/home/shubham/be_project_ws/install/ros_robot_controller/share/ros_robot_controller/hook/cmake_prefix_path.ps1'
[2.072s] INFO:colcon.colcon_core.shell:Creating environment descriptor '/home/shubham/be_project_ws/install/ros_robot_controller/share/ros_robot_controller/hook/cmake_prefix_path.dsv'
[2.072s] INFO:colcon.colcon_core.shell:Creating environment hook '/home/shubham/be_project_ws/install/ros_robot_controller/share/ros_robot_controller/hook/cmake_prefix_path.sh'
[2.073s] Level 1:colcon.colcon_core.environment:checking '/home/shubham/be_project_ws/install/ros_robot_controller/bin'
[2.073s] Level 1:colcon.colcon_core.environment:checking '/home/shubham/be_project_ws/install/ros_robot_controller/lib/pkgconfig/ros_robot_controller.pc'
[2.073s] Level 1:colcon.colcon_core.environment:checking '/home/shubham/be_project_ws/install/ros_robot_controller/lib/python3.10/site-packages'
[2.073s] Level 1:colcon.colcon_core.environment:checking '/home/shubham/be_project_ws/install/ros_robot_controller/bin'
[2.087s] INFO:colcon.colcon_core.shell:Creating package script '/home/shubham/be_project_ws/install/ros_robot_controller/share/ros_robot_controller/package.ps1'
[2.087s] INFO:colcon.colcon_core.shell:Creating package descriptor '/home/shubham/be_project_ws/install/ros_robot_controller/share/ros_robot_controller/package.dsv'
[2.088s] INFO:colcon.colcon_core.shell:Creating package script '/home/shubham/be_project_ws/install/ros_robot_controller/share/ros_robot_controller/package.sh'
[2.088s] INFO:colcon.colcon_core.shell:Creating package script '/home/shubham/be_project_ws/install/ros_robot_controller/share/ros_robot_controller/package.bash'
[2.088s] INFO:colcon.colcon_core.shell:Creating package script '/home/shubham/be_project_ws/install/ros_robot_controller/share/ros_robot_controller/package.zsh'
[2.089s] Level 1:colcon.colcon_core.environment:create_file_with_runtime_dependencies(/home/shubham/be_project_ws/install/ros_robot_controller/share/colcon-core/packages/ros_robot_controller)
[2.112s] Level 1:colcon.colcon_core.environment:create_environment_scripts_only(ros_robot_description)
[2.127s] Level 1:colcon.colcon_core.environment:checking '/home/shubham/be_project_ws/install/ros_robot_description' for CMake module files
[2.127s] Level 1:colcon.colcon_core.environment:checking '/home/shubham/be_project_ws/install/ros_robot_description' for CMake config files
[2.127s] Level 1:colcon.colcon_core.shell:create_environment_hook('ros_robot_description', 'cmake_prefix_path')
[2.141s] INFO:colcon.colcon_core.shell:Creating environment hook '/home/shubham/be_project_ws/install/ros_robot_description/share/ros_robot_description/hook/cmake_prefix_path.ps1'
[2.141s] INFO:colcon.colcon_core.shell:Creating environment descriptor '/home/shubham/be_project_ws/install/ros_robot_description/share/ros_robot_description/hook/cmake_prefix_path.dsv'
[2.141s] INFO:colcon.colcon_core.shell:Creating environment hook '/home/shubham/be_project_ws/install/ros_robot_description/share/ros_robot_description/hook/cmake_prefix_path.sh'
[2.142s] Level 1:colcon.colcon_core.environment:checking '/home/shubham/be_project_ws/install/ros_robot_description/bin'
[2.142s] Level 1:colcon.colcon_core.environment:checking '/home/shubham/be_project_ws/install/ros_robot_description/lib/pkgconfig/ros_robot_description.pc'
[2.142s] Level 1:colcon.colcon_core.environment:checking '/home/shubham/be_project_ws/install/ros_robot_description/lib/python3.10/site-packages'
[2.142s] Level 1:colcon.colcon_core.environment:checking '/home/shubham/be_project_ws/install/ros_robot_description/bin'
[2.156s] INFO:colcon.colcon_core.shell:Creating package script '/home/shubham/be_project_ws/install/ros_robot_description/share/ros_robot_description/package.ps1'
[2.156s] INFO:colcon.colcon_core.shell:Creating package descriptor '/home/shubham/be_project_ws/install/ros_robot_description/share/ros_robot_description/package.dsv'
[2.157s] INFO:colcon.colcon_core.shell:Creating package script '/home/shubham/be_project_ws/install/ros_robot_description/share/ros_robot_description/package.sh'
[2.157s] INFO:colcon.colcon_core.shell:Creating package script '/home/shubham/be_project_ws/install/ros_robot_description/share/ros_robot_description/package.bash'
[2.158s] INFO:colcon.colcon_core.shell:Creating package script '/home/shubham/be_project_ws/install/ros_robot_description/share/ros_robot_description/package.zsh'
[2.158s] Level 1:colcon.colcon_core.environment:create_file_with_runtime_dependencies(/home/shubham/be_project_ws/install/ros_robot_description/share/colcon-core/packages/ros_robot_description)
[2.173s] Level 1:colcon.colcon_core.environment:create_environment_scripts_only(robotic_arm_description)
[2.187s] Level 1:colcon.colcon_core.environment:checking '/home/shubham/be_project_ws/install/robotic_arm_description' for CMake module files
[2.187s] Level 1:colcon.colcon_core.environment:checking '/home/shubham/be_project_ws/install/robotic_arm_description' for CMake config files
[2.188s] Level 1:colcon.colcon_core.shell:create_environment_hook('robotic_arm_description', 'cmake_prefix_path')
[2.201s] INFO:colcon.colcon_core.shell:Creating environment hook '/home/shubham/be_project_ws/install/robotic_arm_description/share/robotic_arm_description/hook/cmake_prefix_path.ps1'
[2.202s] INFO:colcon.colcon_core.shell:Creating environment descriptor '/home/shubham/be_project_ws/install/robotic_arm_description/share/robotic_arm_description/hook/cmake_prefix_path.dsv'
[2.202s] INFO:colcon.colcon_core.shell:Creating environment hook '/home/shubham/be_project_ws/install/robotic_arm_description/share/robotic_arm_description/hook/cmake_prefix_path.sh'
[2.203s] Level 1:colcon.colcon_core.environment:checking '/home/shubham/be_project_ws/install/robotic_arm_description/bin'
[2.203s] Level 1:colcon.colcon_core.environment:checking '/home/shubham/be_project_ws/install/robotic_arm_description/lib/pkgconfig/robotic_arm_description.pc'
[2.203s] Level 1:colcon.colcon_core.environment:checking '/home/shubham/be_project_ws/install/robotic_arm_description/lib/python3.10/site-packages'
[2.203s] Level 1:colcon.colcon_core.environment:checking '/home/shubham/be_project_ws/install/robotic_arm_description/bin'
[2.217s] INFO:colcon.colcon_core.shell:Creating package script '/home/shubham/be_project_ws/install/robotic_arm_description/share/robotic_arm_description/package.ps1'
[2.217s] INFO:colcon.colcon_core.shell:Creating package descriptor '/home/shubham/be_project_ws/install/robotic_arm_description/share/robotic_arm_description/package.dsv'
[2.218s] INFO:colcon.colcon_core.shell:Creating package script '/home/shubham/be_project_ws/install/robotic_arm_description/share/robotic_arm_description/package.sh'
[2.218s] INFO:colcon.colcon_core.shell:Creating package script '/home/shubham/be_project_ws/install/robotic_arm_description/share/robotic_arm_description/package.bash'
[2.218s] INFO:colcon.colcon_core.shell:Creating package script '/home/shubham/be_project_ws/install/robotic_arm_description/share/robotic_arm_description/package.zsh'
[2.219s] Level 1:colcon.colcon_core.environment:create_file_with_runtime_dependencies(/home/shubham/be_project_ws/install/robotic_arm_description/share/colcon-core/packages/robotic_arm_description)
[2.219s] DEBUG:colcon.colcon_parallel_executor.executor.parallel:closing loop
[2.219s] DEBUG:colcon.colcon_parallel_executor.executor.parallel:loop closed
[2.219s] DEBUG:colcon.colcon_parallel_executor.executor.parallel:run_until_complete finished with '0'
[2.220s] DEBUG:colcon.colcon_core.event_reactor:joining thread
[2.243s] INFO:colcon.colcon_core.plugin_system:Skipping extension 'colcon_notification.desktop_notification.terminal_notifier': Not used on non-Darwin systems
[2.243s] INFO:colcon.colcon_core.plugin_system:Skipping extension 'colcon_notification.desktop_notification.win32': Not used on non-Windows systems
[2.243s] INFO:colcon.colcon_notification.desktop_notification:Sending desktop notification using 'notify2'
[2.257s] DEBUG:colcon.colcon_core.event_reactor:joined thread
[2.272s] INFO:colcon.colcon_core.shell:Creating prefix script '/home/shubham/be_project_ws/install/local_setup.ps1'
[2.274s] INFO:colcon.colcon_core.shell:Creating prefix util module '/home/shubham/be_project_ws/install/_local_setup_util_ps1.py'
[2.275s] INFO:colcon.colcon_core.shell:Creating prefix chain script '/home/shubham/be_project_ws/install/setup.ps1'
[2.290s] INFO:colcon.colcon_core.shell:Creating prefix script '/home/shubham/be_project_ws/install/local_setup.sh'
[2.291s] INFO:colcon.colcon_core.shell:Creating prefix util module '/home/shubham/be_project_ws/install/_local_setup_util_sh.py'
[2.292s] INFO:colcon.colcon_core.shell:Creating prefix chain script '/home/shubham/be_project_ws/install/setup.sh'
[2.306s] INFO:colcon.colcon_core.shell:Creating prefix script '/home/shubham/be_project_ws/install/local_setup.bash'
[2.307s] INFO:colcon.colcon_core.shell:Creating prefix chain script '/home/shubham/be_project_ws/install/setup.bash'
[2.322s] INFO:colcon.colcon_core.shell:Creating prefix script '/home/shubham/be_project_ws/install/local_setup.zsh'
[2.323s] INFO:colcon.colcon_core.shell:Creating prefix chain script '/home/shubham/be_project_ws/install/setup.zsh'
