[0.175s] Invoking command in '/home/shubham/be_project_ws/build/ros_robot_controller': CMAKE_PREFIX_PATH=${CMAKE_PREFIX_PATH}:/home/shubham/arduinobot_ws/install/arduinobot_py_examples:/opt/ros/humble /usr/bin/cmake --build /home/shubham/be_project_ws/build/ros_robot_controller -- -j16 -l16
[0.222s] -- Found ament_cmake: 1.3.8 (/opt/ros/humble/share/ament_cmake/cmake)
[0.356s] -- Found Python3: /usr/bin/python3 (found version "3.10.12") found components: Interpreter 
[0.436s] -- Found ament_lint_auto: 0.12.10 (/opt/ros/humble/share/ament_lint_auto/cmake)
[0.500s] -- Added test 'flake8' to check Python code syntax and style conventions
[0.500s] -- Added test 'lint_cmake' to check CMake code style
[0.501s] -- Added test 'pep257' to check Python code against some of the docstring style conventions in PEP 257
[0.502s] -- Added test 'xmllint' to check XML markup files
[0.503s] -- Configuring done
[0.511s] -- Generating done
[0.513s] -- Build files have been written to: /home/shubham/be_project_ws/build/ros_robot_controller
[0.530s] Invoked command in '/home/shubham/be_project_ws/build/ros_robot_controller' returned '0': CMAKE_PREFIX_PATH=${CMAKE_PREFIX_PATH}:/home/shubham/arduinobot_ws/install/arduinobot_py_examples:/opt/ros/humble /usr/bin/cmake --build /home/shubham/be_project_ws/build/ros_robot_controller -- -j16 -l16
[0.548s] Invoking command in '/home/shubham/be_project_ws/build/ros_robot_controller': CMAKE_PREFIX_PATH=${CMAKE_PREFIX_PATH}:/home/shubham/arduinobot_ws/install/arduinobot_py_examples:/opt/ros/humble /usr/bin/cmake --install /home/shubham/be_project_ws/build/ros_robot_controller
[0.553s] -- Install configuration: ""
[0.553s] -- Up-to-date: /home/shubham/be_project_ws/install/ros_robot_controller/share/ros_robot_controller/config
[0.554s] -- Up-to-date: /home/shubham/be_project_ws/install/ros_robot_controller/share/ros_robot_controller/config/ros_robot_controllers.yaml
[0.554s] -- Up-to-date: /home/shubham/be_project_ws/install/ros_robot_controller/share/ros_robot_controller/config/joystick.yaml
[0.554s] -- Up-to-date: /home/shubham/be_project_ws/install/ros_robot_controller/share/ros_robot_controller/launch
[0.555s] -- Up-to-date: /home/shubham/be_project_ws/install/ros_robot_controller/share/ros_robot_controller/launch/controller.launch.py
[0.555s] -- Up-to-date: /home/shubham/be_project_ws/install/ros_robot_controller/share/ros_robot_controller/launch/joystick.launch.py
[0.555s] -- Up-to-date: /home/shubham/be_project_ws/install/ros_robot_controller/share/ament_index/resource_index/package_run_dependencies/ros_robot_controller
[0.555s] -- Up-to-date: /home/shubham/be_project_ws/install/ros_robot_controller/share/ament_index/resource_index/parent_prefix_path/ros_robot_controller
[0.555s] -- Installing: /home/shubham/be_project_ws/install/ros_robot_controller/share/ros_robot_controller/environment/ament_prefix_path.sh
[0.556s] -- Installing: /home/shubham/be_project_ws/install/ros_robot_controller/share/ros_robot_controller/environment/ament_prefix_path.dsv
[0.556s] -- Installing: /home/shubham/be_project_ws/install/ros_robot_controller/share/ros_robot_controller/environment/path.sh
[0.556s] -- Installing: /home/shubham/be_project_ws/install/ros_robot_controller/share/ros_robot_controller/environment/path.dsv
[0.556s] -- Up-to-date: /home/shubham/be_project_ws/install/ros_robot_controller/share/ros_robot_controller/local_setup.bash
[0.556s] -- Up-to-date: /home/shubham/be_project_ws/install/ros_robot_controller/share/ros_robot_controller/local_setup.sh
[0.556s] -- Up-to-date: /home/shubham/be_project_ws/install/ros_robot_controller/share/ros_robot_controller/local_setup.zsh
[0.556s] -- Installing: /home/shubham/be_project_ws/install/ros_robot_controller/share/ros_robot_controller/local_setup.dsv
[0.557s] -- Installing: /home/shubham/be_project_ws/install/ros_robot_controller/share/ros_robot_controller/package.dsv
[0.557s] -- Up-to-date: /home/shubham/be_project_ws/install/ros_robot_controller/share/ament_index/resource_index/packages/ros_robot_controller
[0.557s] -- Up-to-date: /home/shubham/be_project_ws/install/ros_robot_controller/share/ros_robot_controller/cmake/ros_robot_controllerConfig.cmake
[0.558s] -- Up-to-date: /home/shubham/be_project_ws/install/ros_robot_controller/share/ros_robot_controller/cmake/ros_robot_controllerConfig-version.cmake
[0.558s] -- Up-to-date: /home/shubham/be_project_ws/install/ros_robot_controller/share/ros_robot_controller/package.xml
[0.613s] Invoked command in '/home/shubham/be_project_ws/build/ros_robot_controller' returned '0': CMAKE_PREFIX_PATH=${CMAKE_PREFIX_PATH}:/home/shubham/arduinobot_ws/install/arduinobot_py_examples:/opt/ros/humble /usr/bin/cmake --install /home/shubham/be_project_ws/build/ros_robot_controller
