[0.229s] Invoking command in '/home/shubham/be_project_ws/build/robotic_arm_controller': CMAKE_PREFIX_PATH=${CMAKE_PREFIX_PATH}:/home/shubham/arduinobot_ws/install/arduinobot_py_examples:/opt/ros/humble /usr/bin/cmake --build /home/shubham/be_project_ws/build/robotic_arm_controller -- -j16 -l16
[0.246s] -- Found ament_cmake: 1.3.7 (/opt/ros/humble/share/ament_cmake/cmake)
[0.361s] -- Found ament_lint_auto: 0.12.10 (/opt/ros/humble/share/ament_lint_auto/cmake)
[0.413s] -- Added test 'flake8' to check Python code syntax and style conventions
[0.414s] -- Added test 'lint_cmake' to check CMake code style
[0.414s] -- Added test 'pep257' to check Python code against some of the docstring style conventions in PEP 257
[0.415s] -- Added test 'xmllint' to check XML markup files
[0.416s] -- Configuring done
[0.418s] -- Generating done
[0.418s] -- Build files have been written to: /home/shubham/be_project_ws/build/robotic_arm_controller
[0.526s] Invoked command in '/home/shubham/be_project_ws/build/robotic_arm_controller' returned '0': CMAKE_PREFIX_PATH=${CMAKE_PREFIX_PATH}:/home/shubham/arduinobot_ws/install/arduinobot_py_examples:/opt/ros/humble /usr/bin/cmake --build /home/shubham/be_project_ws/build/robotic_arm_controller -- -j16 -l16
[0.540s] Invoking command in '/home/shubham/be_project_ws/build/robotic_arm_controller': CMAKE_PREFIX_PATH=${CMAKE_PREFIX_PATH}:/home/shubham/arduinobot_ws/install/arduinobot_py_examples:/opt/ros/humble /usr/bin/cmake --install /home/shubham/be_project_ws/build/robotic_arm_controller
[0.545s] -- Install configuration: ""
[0.545s] -- Installing: /home/shubham/be_project_ws/install/robotic_arm_controller/share/robotic_arm_controller/config
[0.545s] -- Installing: /home/shubham/be_project_ws/install/robotic_arm_controller/share/robotic_arm_controller/config/robotic_arm_controllers.yaml
[0.545s] -- Installing: /home/shubham/be_project_ws/install/robotic_arm_controller/share/robotic_arm_controller/launch
[0.545s] -- Installing: /home/shubham/be_project_ws/install/robotic_arm_controller/share/robotic_arm_controller/launch/controller.launch.py
[0.546s] -- Installing: /home/shubham/be_project_ws/install/robotic_arm_controller/share/ament_index/resource_index/package_run_dependencies/robotic_arm_controller
[0.546s] -- Installing: /home/shubham/be_project_ws/install/robotic_arm_controller/share/ament_index/resource_index/parent_prefix_path/robotic_arm_controller
[0.546s] -- Up-to-date: /home/shubham/be_project_ws/install/robotic_arm_controller/share/robotic_arm_controller/environment/ament_prefix_path.sh
[0.546s] -- Installing: /home/shubham/be_project_ws/install/robotic_arm_controller/share/robotic_arm_controller/environment/ament_prefix_path.dsv
[0.546s] -- Up-to-date: /home/shubham/be_project_ws/install/robotic_arm_controller/share/robotic_arm_controller/environment/path.sh
[0.546s] -- Installing: /home/shubham/be_project_ws/install/robotic_arm_controller/share/robotic_arm_controller/environment/path.dsv
[0.546s] -- Up-to-date: /home/shubham/be_project_ws/install/robotic_arm_controller/share/robotic_arm_controller/local_setup.bash
[0.546s] -- Up-to-date: /home/shubham/be_project_ws/install/robotic_arm_controller/share/robotic_arm_controller/local_setup.sh
[0.546s] -- Up-to-date: /home/shubham/be_project_ws/install/robotic_arm_controller/share/robotic_arm_controller/local_setup.zsh
[0.546s] -- Installing: /home/shubham/be_project_ws/install/robotic_arm_controller/share/robotic_arm_controller/local_setup.dsv
[0.546s] -- Installing: /home/shubham/be_project_ws/install/robotic_arm_controller/share/robotic_arm_controller/package.dsv
[0.546s] -- Up-to-date: /home/shubham/be_project_ws/install/robotic_arm_controller/share/ament_index/resource_index/packages/robotic_arm_controller
[0.546s] -- Up-to-date: /home/shubham/be_project_ws/install/robotic_arm_controller/share/robotic_arm_controller/cmake/robotic_arm_controllerConfig.cmake
[0.546s] -- Up-to-date: /home/shubham/be_project_ws/install/robotic_arm_controller/share/robotic_arm_controller/cmake/robotic_arm_controllerConfig-version.cmake
[0.546s] -- Installing: /home/shubham/be_project_ws/install/robotic_arm_controller/share/robotic_arm_controller/package.xml
[0.547s] Invoked command in '/home/shubham/be_project_ws/build/robotic_arm_controller' returned '0': CMAKE_PREFIX_PATH=${CMAKE_PREFIX_PATH}:/home/shubham/arduinobot_ws/install/arduinobot_py_examples:/opt/ros/humble /usr/bin/cmake --install /home/shubham/be_project_ws/build/robotic_arm_controller
