[0.158s] Invoking command in '/home/shubham/be_project_ws/build/robotic_arm_description': CMAKE_PREFIX_PATH=${CMAKE_PREFIX_PATH}:/home/shubham/arduinobot_ws/install/arduinobot_py_examples:/opt/ros/humble /usr/bin/cmake --build /home/shubham/be_project_ws/build/robotic_arm_description -- -j16 -l16
[0.176s] -- Found ament_cmake: 1.3.7 (/opt/ros/humble/share/ament_cmake/cmake)
[0.284s] -- Found urdf: 2.6.0 (/opt/ros/humble/share/urdf/cmake)
[0.312s] -- Found ament_lint_auto: 0.12.10 (/opt/ros/humble/share/ament_lint_auto/cmake)
[0.373s] -- Added test 'copyright' to check source files copyright and LICENSE
[0.375s] -- Added test 'flake8' to check Python code syntax and style conventions
[0.376s] -- Added test 'lint_cmake' to check CMake code style
[0.376s] -- Added test 'pep257' to check Python code against some of the docstring style conventions in PEP 257
[0.377s] -- Added test 'xmllint' to check XML markup files
[0.379s] -- Configuring done
[0.385s] -- Generating done
[0.386s] -- Build files have been written to: /home/shubham/be_project_ws/build/robotic_arm_description
[0.403s] Invoked command in '/home/shubham/be_project_ws/build/robotic_arm_description' returned '0': CMAKE_PREFIX_PATH=${CMAKE_PREFIX_PATH}:/home/shubham/arduinobot_ws/install/arduinobot_py_examples:/opt/ros/humble /usr/bin/cmake --build /home/shubham/be_project_ws/build/robotic_arm_description -- -j16 -l16
[0.424s] Invoking command in '/home/shubham/be_project_ws/build/robotic_arm_description': CMAKE_PREFIX_PATH=${CMAKE_PREFIX_PATH}:/home/shubham/arduinobot_ws/install/arduinobot_py_examples:/opt/ros/humble /usr/bin/cmake --install /home/shubham/be_project_ws/build/robotic_arm_description
[0.430s] -- Install configuration: ""
[0.430s] -- Up-to-date: /home/shubham/be_project_ws/install/robotic_arm_description/share/robotic_arm_description/launch
[0.431s] -- Up-to-date: /home/shubham/be_project_ws/install/robotic_arm_description/share/robotic_arm_description/launch/gazebo.launch.py
[0.431s] -- Up-to-date: /home/shubham/be_project_ws/install/robotic_arm_description/share/robotic_arm_description/launch/display.launch.py
[0.431s] -- Up-to-date: /home/shubham/be_project_ws/install/robotic_arm_description/share/robotic_arm_description/meshes
[0.431s] -- Up-to-date: /home/shubham/be_project_ws/install/robotic_arm_description/share/robotic_arm_description/meshes/gripper_plate_1.stl
[0.431s] -- Up-to-date: /home/shubham/be_project_ws/install/robotic_arm_description/share/robotic_arm_description/meshes/servo_2_horn_2_1.stl
[0.431s] -- Up-to-date: /home/shubham/be_project_ws/install/robotic_arm_description/share/robotic_arm_description/meshes/wrist_servo_plate_1.stl
[0.431s] -- Up-to-date: /home/shubham/be_project_ws/install/robotic_arm_description/share/robotic_arm_description/meshes/base_horn_1.stl
[0.431s] -- Up-to-date: /home/shubham/be_project_ws/install/robotic_arm_description/share/robotic_arm_description/meshes/right_arm_1.stl
[0.431s] -- Up-to-date: /home/shubham/be_project_ws/install/robotic_arm_description/share/robotic_arm_description/meshes/right_gear_1.stl
[0.431s] -- Up-to-date: /home/shubham/be_project_ws/install/robotic_arm_description/share/robotic_arm_description/meshes/servo_1_horn_1_1.stl
[0.431s] -- Up-to-date: /home/shubham/be_project_ws/install/robotic_arm_description/share/robotic_arm_description/meshes/middle_servo_plate_1.stl
[0.431s] -- Up-to-date: /home/shubham/be_project_ws/install/robotic_arm_description/share/robotic_arm_description/meshes/base_servo_1.stl
[0.431s] -- Up-to-date: /home/shubham/be_project_ws/install/robotic_arm_description/share/robotic_arm_description/meshes/left_arm_1.stl
[0.431s] -- Up-to-date: /home/shubham/be_project_ws/install/robotic_arm_description/share/robotic_arm_description/meshes/gripper_servo_1.stl
[0.431s] -- Up-to-date: /home/shubham/be_project_ws/install/robotic_arm_description/share/robotic_arm_description/meshes/servo_3_horn_1_1.stl
[0.431s] -- Up-to-date: /home/shubham/be_project_ws/install/robotic_arm_description/share/robotic_arm_description/meshes/middle_plate_upper_1.stl
[0.431s] -- Up-to-date: /home/shubham/be_project_ws/install/robotic_arm_description/share/robotic_arm_description/meshes/servo_2_horn_1_1.stl
[0.432s] -- Up-to-date: /home/shubham/be_project_ws/install/robotic_arm_description/share/robotic_arm_description/meshes/servo_3_horn_2_1.stl
[0.432s] -- Up-to-date: /home/shubham/be_project_ws/install/robotic_arm_description/share/robotic_arm_description/meshes/servo_2_1.stl
[0.432s] -- Up-to-date: /home/shubham/be_project_ws/install/robotic_arm_description/share/robotic_arm_description/meshes/camera_1.stl
[0.432s] -- Up-to-date: /home/shubham/be_project_ws/install/robotic_arm_description/share/robotic_arm_description/meshes/upper_arm_1.stl
[0.432s] -- Up-to-date: /home/shubham/be_project_ws/install/robotic_arm_description/share/robotic_arm_description/meshes/wrist_end_plate_1.stl
[0.432s] -- Up-to-date: /home/shubham/be_project_ws/install/robotic_arm_description/share/robotic_arm_description/meshes/servo_1_horn_2_1.stl
[0.432s] -- Up-to-date: /home/shubham/be_project_ws/install/robotic_arm_description/share/robotic_arm_description/meshes/base_link.stl
[0.432s] -- Up-to-date: /home/shubham/be_project_ws/install/robotic_arm_description/share/robotic_arm_description/meshes/servo_3_1.stl
[0.432s] -- Up-to-date: /home/shubham/be_project_ws/install/robotic_arm_description/share/robotic_arm_description/meshes/left_gear_1.stl
[0.432s] -- Up-to-date: /home/shubham/be_project_ws/install/robotic_arm_description/share/robotic_arm_description/meshes/servo_1_1.stl
[0.432s] -- Up-to-date: /home/shubham/be_project_ws/install/robotic_arm_description/share/robotic_arm_description/meshes/base_servo_rotate_plate_1.stl
[0.432s] -- Up-to-date: /home/shubham/be_project_ws/install/robotic_arm_description/share/robotic_arm_description/urdf
[0.432s] -- Up-to-date: /home/shubham/be_project_ws/install/robotic_arm_description/share/robotic_arm_description/urdf/robotic_arm.xacro
[0.432s] -- Up-to-date: /home/shubham/be_project_ws/install/robotic_arm_description/share/robotic_arm_description/urdf/materials.xacro
[0.432s] -- Up-to-date: /home/shubham/be_project_ws/install/robotic_arm_description/share/robotic_arm_description/rviz
[0.432s] -- Up-to-date: /home/shubham/be_project_ws/install/robotic_arm_description/share/robotic_arm_description/rviz/display.rviz
[0.433s] -- Up-to-date: /home/shubham/be_project_ws/install/robotic_arm_description/share/ament_index/resource_index/package_run_dependencies/robotic_arm_description
[0.433s] -- Installing: /home/shubham/be_project_ws/install/robotic_arm_description/share/ament_index/resource_index/parent_prefix_path/robotic_arm_description
[0.433s] -- Up-to-date: /home/shubham/be_project_ws/install/robotic_arm_description/share/robotic_arm_description/environment/ament_prefix_path.sh
[0.433s] -- Installing: /home/shubham/be_project_ws/install/robotic_arm_description/share/robotic_arm_description/environment/ament_prefix_path.dsv
[0.433s] -- Up-to-date: /home/shubham/be_project_ws/install/robotic_arm_description/share/robotic_arm_description/environment/path.sh
[0.433s] -- Installing: /home/shubham/be_project_ws/install/robotic_arm_description/share/robotic_arm_description/environment/path.dsv
[0.433s] -- Up-to-date: /home/shubham/be_project_ws/install/robotic_arm_description/share/robotic_arm_description/local_setup.bash
[0.433s] -- Up-to-date: /home/shubham/be_project_ws/install/robotic_arm_description/share/robotic_arm_description/local_setup.sh
[0.433s] -- Up-to-date: /home/shubham/be_project_ws/install/robotic_arm_description/share/robotic_arm_description/local_setup.zsh
[0.433s] -- Installing: /home/shubham/be_project_ws/install/robotic_arm_description/share/robotic_arm_description/local_setup.dsv
[0.433s] -- Installing: /home/shubham/be_project_ws/install/robotic_arm_description/share/robotic_arm_description/package.dsv
[0.433s] -- Up-to-date: /home/shubham/be_project_ws/install/robotic_arm_description/share/ament_index/resource_index/packages/robotic_arm_description
[0.433s] -- Up-to-date: /home/shubham/be_project_ws/install/robotic_arm_description/share/robotic_arm_description/cmake/robotic_arm_descriptionConfig.cmake
[0.433s] -- Up-to-date: /home/shubham/be_project_ws/install/robotic_arm_description/share/robotic_arm_description/cmake/robotic_arm_descriptionConfig-version.cmake
[0.433s] -- Installing: /home/shubham/be_project_ws/install/robotic_arm_description/share/robotic_arm_description/package.xml
[0.434s] Invoked command in '/home/shubham/be_project_ws/build/robotic_arm_description' returned '0': CMAKE_PREFIX_PATH=${CMAKE_PREFIX_PATH}:/home/shubham/arduinobot_ws/install/arduinobot_py_examples:/opt/ros/humble /usr/bin/cmake --install /home/shubham/be_project_ws/build/robotic_arm_description
