[1.055s] DEBUG:colcon:Command line arguments: ['/usr/bin/colcon', 'build']
[1.055s] DEBUG:colcon:Parsed command line arguments: Namespace(log_base=None, log_level=None, verb_name='build', build_base='build', install_base='install', merge_install=False, symlink_install=False, test_result_base=None, continue_on_error=False, executor='parallel', parallel_workers=16, event_handlers=None, ignore_user_meta=False, metas=['./colcon.meta'], base_paths=['.'], packages_ignore=None, packages_ignore_regex=None, paths=None, packages_up_to=None, packages_up_to_regex=None, packages_above=None, packages_above_and_dependencies=None, packages_above_depth=None, packages_select_by_dep=None, packages_skip_by_dep=None, packages_skip_up_to=None, packages_select_build_failed=False, packages_skip_build_finished=False, packages_select_test_failures=False, packages_skip_test_passed=False, packages_select=None, packages_skip=None, packages_select_regex=None, packages_skip_regex=None, packages_start=None, packages_end=None, allow_overriding=[], cmake_args=None, cmake_target=None, cmake_target_skip_unavailable=False, cmake_clean_cache=False, cmake_clean_first=False, cmake_force_configure=False, ament_cmake_args=None, catkin_cmake_args=None, catkin_skip_building_tests=False, verb_parser=<colcon_defaults.argument_parser.defaults.DefaultArgumentsDecorator object at 0x7f243e1af520>, verb_extension=<colcon_core.verb.build.BuildVerb object at 0x7f243e1ad8a0>, main=<bound method BuildVerb.main of <colcon_core.verb.build.BuildVerb object at 0x7f243e1ad8a0>>)
[1.096s] Level 1:colcon.colcon_core.package_discovery:discover_packages(colcon_meta) check parameters
[1.096s] Level 1:colcon.colcon_core.package_discovery:discover_packages(recursive) check parameters
[1.096s] Level 1:colcon.colcon_core.package_discovery:discover_packages(ignore) check parameters
[1.096s] Level 1:colcon.colcon_core.package_discovery:discover_packages(path) check parameters
[1.096s] Level 1:colcon.colcon_core.package_discovery:discover_packages(colcon_meta) discover
[1.097s] Level 1:colcon.colcon_core.package_discovery:discover_packages(recursive) discover
[1.097s] INFO:colcon.colcon_core.package_discovery:Crawling recursively for packages in '/home/shubham/be_project_ws'
[1.097s] Level 1:colcon.colcon_core.package_identification:_identify(.) by extensions ['ignore', 'ignore_ament_install']
[1.097s] Level 1:colcon.colcon_core.package_identification:_identify(.) by extension 'ignore'
[1.097s] Level 1:colcon.colcon_core.package_identification:_identify(.) by extension 'ignore_ament_install'
[1.097s] Level 1:colcon.colcon_core.package_identification:_identify(.) by extensions ['colcon_pkg']
[1.097s] Level 1:colcon.colcon_core.package_identification:_identify(.) by extension 'colcon_pkg'
[1.097s] Level 1:colcon.colcon_core.package_identification:_identify(.) by extensions ['colcon_meta']
[1.097s] Level 1:colcon.colcon_core.package_identification:_identify(.) by extension 'colcon_meta'
[1.097s] Level 1:colcon.colcon_core.package_identification:_identify(.) by extensions ['ros']
[1.097s] Level 1:colcon.colcon_core.package_identification:_identify(.) by extension 'ros'
[1.110s] Level 1:colcon.colcon_core.package_identification:_identify(.) by extensions ['cmake', 'python']
[1.110s] Level 1:colcon.colcon_core.package_identification:_identify(.) by extension 'cmake'
[1.110s] Level 1:colcon.colcon_core.package_identification:_identify(.) by extension 'python'
[1.110s] Level 1:colcon.colcon_core.package_identification:_identify(.) by extensions ['python_setup_py']
[1.110s] Level 1:colcon.colcon_core.package_identification:_identify(.) by extension 'python_setup_py'
[1.110s] Level 1:colcon.colcon_core.package_identification:_identify(build) by extensions ['ignore', 'ignore_ament_install']
[1.110s] Level 1:colcon.colcon_core.package_identification:_identify(build) by extension 'ignore'
[1.110s] Level 1:colcon.colcon_core.package_identification:_identify(build) ignored
[1.110s] Level 1:colcon.colcon_core.package_identification:_identify(install) by extensions ['ignore', 'ignore_ament_install']
[1.110s] Level 1:colcon.colcon_core.package_identification:_identify(install) by extension 'ignore'
[1.111s] Level 1:colcon.colcon_core.package_identification:_identify(install) ignored
[1.111s] Level 1:colcon.colcon_core.package_identification:_identify(log) by extensions ['ignore', 'ignore_ament_install']
[1.111s] Level 1:colcon.colcon_core.package_identification:_identify(log) by extension 'ignore'
[1.111s] Level 1:colcon.colcon_core.package_identification:_identify(log) ignored
[1.111s] Level 1:colcon.colcon_core.package_identification:_identify(src) by extensions ['ignore', 'ignore_ament_install']
[1.111s] Level 1:colcon.colcon_core.package_identification:_identify(src) by extension 'ignore'
[1.111s] Level 1:colcon.colcon_core.package_identification:_identify(src) by extension 'ignore_ament_install'
[1.111s] Level 1:colcon.colcon_core.package_identification:_identify(src) by extensions ['colcon_pkg']
[1.111s] Level 1:colcon.colcon_core.package_identification:_identify(src) by extension 'colcon_pkg'
[1.111s] Level 1:colcon.colcon_core.package_identification:_identify(src) by extensions ['colcon_meta']
[1.111s] Level 1:colcon.colcon_core.package_identification:_identify(src) by extension 'colcon_meta'
[1.111s] Level 1:colcon.colcon_core.package_identification:_identify(src) by extensions ['ros']
[1.111s] Level 1:colcon.colcon_core.package_identification:_identify(src) by extension 'ros'
[1.111s] Level 1:colcon.colcon_core.package_identification:_identify(src) by extensions ['cmake', 'python']
[1.111s] Level 1:colcon.colcon_core.package_identification:_identify(src) by extension 'cmake'
[1.111s] Level 1:colcon.colcon_core.package_identification:_identify(src) by extension 'python'
[1.111s] Level 1:colcon.colcon_core.package_identification:_identify(src) by extensions ['python_setup_py']
[1.111s] Level 1:colcon.colcon_core.package_identification:_identify(src) by extension 'python_setup_py'
[1.111s] Level 1:colcon.colcon_core.package_identification:_identify(src/robotic_arm_controller) by extensions ['ignore', 'ignore_ament_install']
[1.111s] Level 1:colcon.colcon_core.package_identification:_identify(src/robotic_arm_controller) by extension 'ignore'
[1.112s] Level 1:colcon.colcon_core.package_identification:_identify(src/robotic_arm_controller) by extension 'ignore_ament_install'
[1.112s] Level 1:colcon.colcon_core.package_identification:_identify(src/robotic_arm_controller) by extensions ['colcon_pkg']
[1.112s] Level 1:colcon.colcon_core.package_identification:_identify(src/robotic_arm_controller) by extension 'colcon_pkg'
[1.112s] Level 1:colcon.colcon_core.package_identification:_identify(src/robotic_arm_controller) by extensions ['colcon_meta']
[1.112s] Level 1:colcon.colcon_core.package_identification:_identify(src/robotic_arm_controller) by extension 'colcon_meta'
[1.112s] Level 1:colcon.colcon_core.package_identification:_identify(src/robotic_arm_controller) by extensions ['ros']
[1.112s] Level 1:colcon.colcon_core.package_identification:_identify(src/robotic_arm_controller) by extension 'ros'
[1.113s] DEBUG:colcon.colcon_core.package_identification:Package 'src/robotic_arm_controller' with type 'ros.ament_cmake' and name 'robotic_arm_controller'
[1.114s] Level 1:colcon.colcon_core.package_identification:_identify(src/robotic_arm_description) by extensions ['ignore', 'ignore_ament_install']
[1.114s] Level 1:colcon.colcon_core.package_identification:_identify(src/robotic_arm_description) by extension 'ignore'
[1.114s] Level 1:colcon.colcon_core.package_identification:_identify(src/robotic_arm_description) by extension 'ignore_ament_install'
[1.114s] Level 1:colcon.colcon_core.package_identification:_identify(src/robotic_arm_description) by extensions ['colcon_pkg']
[1.114s] Level 1:colcon.colcon_core.package_identification:_identify(src/robotic_arm_description) by extension 'colcon_pkg'
[1.114s] Level 1:colcon.colcon_core.package_identification:_identify(src/robotic_arm_description) by extensions ['colcon_meta']
[1.114s] Level 1:colcon.colcon_core.package_identification:_identify(src/robotic_arm_description) by extension 'colcon_meta'
[1.114s] Level 1:colcon.colcon_core.package_identification:_identify(src/robotic_arm_description) by extensions ['ros']
[1.114s] Level 1:colcon.colcon_core.package_identification:_identify(src/robotic_arm_description) by extension 'ros'
[1.114s] DEBUG:colcon.colcon_core.package_identification:Package 'src/robotic_arm_description' with type 'ros.ament_cmake' and name 'robotic_arm_description'
[1.114s] Level 1:colcon.colcon_core.package_identification:_identify(src/ros_robot_controller) by extensions ['ignore', 'ignore_ament_install']
[1.115s] Level 1:colcon.colcon_core.package_identification:_identify(src/ros_robot_controller) by extension 'ignore'
[1.115s] Level 1:colcon.colcon_core.package_identification:_identify(src/ros_robot_controller) by extension 'ignore_ament_install'
[1.115s] Level 1:colcon.colcon_core.package_identification:_identify(src/ros_robot_controller) by extensions ['colcon_pkg']
[1.115s] Level 1:colcon.colcon_core.package_identification:_identify(src/ros_robot_controller) by extension 'colcon_pkg'
[1.115s] Level 1:colcon.colcon_core.package_identification:_identify(src/ros_robot_controller) by extensions ['colcon_meta']
[1.115s] Level 1:colcon.colcon_core.package_identification:_identify(src/ros_robot_controller) by extension 'colcon_meta'
[1.115s] Level 1:colcon.colcon_core.package_identification:_identify(src/ros_robot_controller) by extensions ['ros']
[1.115s] Level 1:colcon.colcon_core.package_identification:_identify(src/ros_robot_controller) by extension 'ros'
[1.115s] DEBUG:colcon.colcon_core.package_identification:Package 'src/ros_robot_controller' with type 'ros.ament_cmake' and name 'ros_robot_controller'
[1.115s] Level 1:colcon.colcon_core.package_identification:_identify(src/ros_robot_description) by extensions ['ignore', 'ignore_ament_install']
[1.115s] Level 1:colcon.colcon_core.package_identification:_identify(src/ros_robot_description) by extension 'ignore'
[1.115s] Level 1:colcon.colcon_core.package_identification:_identify(src/ros_robot_description) by extension 'ignore_ament_install'
[1.115s] Level 1:colcon.colcon_core.package_identification:_identify(src/ros_robot_description) by extensions ['colcon_pkg']
[1.115s] Level 1:colcon.colcon_core.package_identification:_identify(src/ros_robot_description) by extension 'colcon_pkg'
[1.115s] Level 1:colcon.colcon_core.package_identification:_identify(src/ros_robot_description) by extensions ['colcon_meta']
[1.115s] Level 1:colcon.colcon_core.package_identification:_identify(src/ros_robot_description) by extension 'colcon_meta'
[1.116s] Level 1:colcon.colcon_core.package_identification:_identify(src/ros_robot_description) by extensions ['ros']
[1.116s] Level 1:colcon.colcon_core.package_identification:_identify(src/ros_robot_description) by extension 'ros'
[1.116s] DEBUG:colcon.colcon_core.package_identification:Package 'src/ros_robot_description' with type 'ros.ament_cmake' and name 'ros_robot_description'
[1.116s] Level 1:colcon.colcon_core.package_discovery:discover_packages(recursive) using defaults
[1.116s] Level 1:colcon.colcon_core.package_discovery:discover_packages(ignore) discover
[1.116s] Level 1:colcon.colcon_core.package_discovery:discover_packages(ignore) using defaults
[1.116s] Level 1:colcon.colcon_core.package_discovery:discover_packages(path) discover
[1.116s] Level 1:colcon.colcon_core.package_discovery:discover_packages(path) using defaults
[1.203s] Level 1:colcon.colcon_core.package_discovery:discover_packages(prefix_path) check parameters
[1.203s] Level 1:colcon.colcon_core.package_discovery:discover_packages(prefix_path) discover
[1.233s] DEBUG:colcon.colcon_installed_package_information.package_discovery:Found 4 installed packages in /home/shubham/be_project_ws/install
[1.254s] DEBUG:colcon.colcon_installed_package_information.package_discovery:Found 4 installed packages in /home/shubham/arduinobot_ws/install
[1.269s] DEBUG:colcon.colcon_installed_package_information.package_discovery:Found 409 installed packages in /opt/ros/humble
[1.271s] Level 1:colcon.colcon_core.package_discovery:discover_packages(prefix_path) using defaults
[1.369s] Level 5:colcon.colcon_core.verb:set package 'robotic_arm_controller' build argument 'cmake_args' from command line to 'None'
[1.369s] Level 5:colcon.colcon_core.verb:set package 'robotic_arm_controller' build argument 'cmake_target' from command line to 'None'
[1.369s] Level 5:colcon.colcon_core.verb:set package 'robotic_arm_controller' build argument 'cmake_target_skip_unavailable' from command line to 'False'
[1.369s] Level 5:colcon.colcon_core.verb:set package 'robotic_arm_controller' build argument 'cmake_clean_cache' from command line to 'False'
[1.369s] Level 5:colcon.colcon_core.verb:set package 'robotic_arm_controller' build argument 'cmake_clean_first' from command line to 'False'
[1.369s] Level 5:colcon.colcon_core.verb:set package 'robotic_arm_controller' build argument 'cmake_force_configure' from command line to 'False'
[1.370s] Level 5:colcon.colcon_core.verb:set package 'robotic_arm_controller' build argument 'ament_cmake_args' from command line to 'None'
[1.370s] Level 5:colcon.colcon_core.verb:set package 'robotic_arm_controller' build argument 'catkin_cmake_args' from command line to 'None'
[1.370s] Level 5:colcon.colcon_core.verb:set package 'robotic_arm_controller' build argument 'catkin_skip_building_tests' from command line to 'False'
[1.370s] DEBUG:colcon.colcon_core.verb:Building package 'robotic_arm_controller' with the following arguments: {'ament_cmake_args': None, 'build_base': '/home/shubham/be_project_ws/build/robotic_arm_controller', 'catkin_cmake_args': None, 'catkin_skip_building_tests': False, 'cmake_args': None, 'cmake_clean_cache': False, 'cmake_clean_first': False, 'cmake_force_configure': False, 'cmake_target': None, 'cmake_target_skip_unavailable': False, 'install_base': '/home/shubham/be_project_ws/install/robotic_arm_controller', 'merge_install': False, 'path': '/home/shubham/be_project_ws/src/robotic_arm_controller', 'symlink_install': False, 'test_result_base': None}
[1.384s] Level 5:colcon.colcon_core.verb:set package 'robotic_arm_description' build argument 'cmake_args' from command line to 'None'
[1.384s] Level 5:colcon.colcon_core.verb:set package 'robotic_arm_description' build argument 'cmake_target' from command line to 'None'
[1.384s] Level 5:colcon.colcon_core.verb:set package 'robotic_arm_description' build argument 'cmake_target_skip_unavailable' from command line to 'False'
[1.384s] Level 5:colcon.colcon_core.verb:set package 'robotic_arm_description' build argument 'cmake_clean_cache' from command line to 'False'
[1.384s] Level 5:colcon.colcon_core.verb:set package 'robotic_arm_description' build argument 'cmake_clean_first' from command line to 'False'
[1.384s] Level 5:colcon.colcon_core.verb:set package 'robotic_arm_description' build argument 'cmake_force_configure' from command line to 'False'
[1.384s] Level 5:colcon.colcon_core.verb:set package 'robotic_arm_description' build argument 'ament_cmake_args' from command line to 'None'
[1.384s] Level 5:colcon.colcon_core.verb:set package 'robotic_arm_description' build argument 'catkin_cmake_args' from command line to 'None'
[1.384s] Level 5:colcon.colcon_core.verb:set package 'robotic_arm_description' build argument 'catkin_skip_building_tests' from command line to 'False'
[1.384s] DEBUG:colcon.colcon_core.verb:Building package 'robotic_arm_description' with the following arguments: {'ament_cmake_args': None, 'build_base': '/home/shubham/be_project_ws/build/robotic_arm_description', 'catkin_cmake_args': None, 'catkin_skip_building_tests': False, 'cmake_args': None, 'cmake_clean_cache': False, 'cmake_clean_first': False, 'cmake_force_configure': False, 'cmake_target': None, 'cmake_target_skip_unavailable': False, 'install_base': '/home/shubham/be_project_ws/install/robotic_arm_description', 'merge_install': False, 'path': '/home/shubham/be_project_ws/src/robotic_arm_description', 'symlink_install': False, 'test_result_base': None}
[1.399s] Level 5:colcon.colcon_core.verb:set package 'ros_robot_controller' build argument 'cmake_args' from command line to 'None'
[1.399s] Level 5:colcon.colcon_core.verb:set package 'ros_robot_controller' build argument 'cmake_target' from command line to 'None'
[1.399s] Level 5:colcon.colcon_core.verb:set package 'ros_robot_controller' build argument 'cmake_target_skip_unavailable' from command line to 'False'
[1.399s] Level 5:colcon.colcon_core.verb:set package 'ros_robot_controller' build argument 'cmake_clean_cache' from command line to 'False'
[1.399s] Level 5:colcon.colcon_core.verb:set package 'ros_robot_controller' build argument 'cmake_clean_first' from command line to 'False'
[1.399s] Level 5:colcon.colcon_core.verb:set package 'ros_robot_controller' build argument 'cmake_force_configure' from command line to 'False'
[1.399s] Level 5:colcon.colcon_core.verb:set package 'ros_robot_controller' build argument 'ament_cmake_args' from command line to 'None'
[1.399s] Level 5:colcon.colcon_core.verb:set package 'ros_robot_controller' build argument 'catkin_cmake_args' from command line to 'None'
[1.399s] Level 5:colcon.colcon_core.verb:set package 'ros_robot_controller' build argument 'catkin_skip_building_tests' from command line to 'False'
[1.399s] DEBUG:colcon.colcon_core.verb:Building package 'ros_robot_controller' with the following arguments: {'ament_cmake_args': None, 'build_base': '/home/shubham/be_project_ws/build/ros_robot_controller', 'catkin_cmake_args': None, 'catkin_skip_building_tests': False, 'cmake_args': None, 'cmake_clean_cache': False, 'cmake_clean_first': False, 'cmake_force_configure': False, 'cmake_target': None, 'cmake_target_skip_unavailable': False, 'install_base': '/home/shubham/be_project_ws/install/ros_robot_controller', 'merge_install': False, 'path': '/home/shubham/be_project_ws/src/ros_robot_controller', 'symlink_install': False, 'test_result_base': None}
[1.413s] Level 5:colcon.colcon_core.verb:set package 'ros_robot_description' build argument 'cmake_args' from command line to 'None'
[1.414s] Level 5:colcon.colcon_core.verb:set package 'ros_robot_description' build argument 'cmake_target' from command line to 'None'
[1.414s] Level 5:colcon.colcon_core.verb:set package 'ros_robot_description' build argument 'cmake_target_skip_unavailable' from command line to 'False'
[1.414s] Level 5:colcon.colcon_core.verb:set package 'ros_robot_description' build argument 'cmake_clean_cache' from command line to 'False'
[1.414s] Level 5:colcon.colcon_core.verb:set package 'ros_robot_description' build argument 'cmake_clean_first' from command line to 'False'
[1.414s] Level 5:colcon.colcon_core.verb:set package 'ros_robot_description' build argument 'cmake_force_configure' from command line to 'False'
[1.414s] Level 5:colcon.colcon_core.verb:set package 'ros_robot_description' build argument 'ament_cmake_args' from command line to 'None'
[1.414s] Level 5:colcon.colcon_core.verb:set package 'ros_robot_description' build argument 'catkin_cmake_args' from command line to 'None'
[1.414s] Level 5:colcon.colcon_core.verb:set package 'ros_robot_description' build argument 'catkin_skip_building_tests' from command line to 'False'
[1.414s] DEBUG:colcon.colcon_core.verb:Building package 'ros_robot_description' with the following arguments: {'ament_cmake_args': None, 'build_base': '/home/shubham/be_project_ws/build/ros_robot_description', 'catkin_cmake_args': None, 'catkin_skip_building_tests': False, 'cmake_args': None, 'cmake_clean_cache': False, 'cmake_clean_first': False, 'cmake_force_configure': False, 'cmake_target': None, 'cmake_target_skip_unavailable': False, 'install_base': '/home/shubham/be_project_ws/install/ros_robot_description', 'merge_install': False, 'path': '/home/shubham/be_project_ws/src/ros_robot_description', 'symlink_install': False, 'test_result_base': None}
[1.427s] INFO:colcon.colcon_core.executor:Executing jobs using 'parallel' executor
[1.442s] DEBUG:colcon.colcon_parallel_executor.executor.parallel:run_until_complete
[1.442s] INFO:colcon.colcon_ros.task.ament_cmake.build:Building ROS package in '/home/shubham/be_project_ws/src/robotic_arm_controller' with build type 'ament_cmake'
[1.443s] INFO:colcon.colcon_cmake.task.cmake.build:Building CMake package in '/home/shubham/be_project_ws/src/robotic_arm_controller'
[1.460s] INFO:colcon.colcon_core.plugin_system:Skipping extension 'colcon_core.shell.bat': Not used on non-Windows systems
[1.460s] INFO:colcon.colcon_core.shell:Skip shell extension 'powershell' for command environment: Not usable outside of PowerShell
[1.460s] DEBUG:colcon.colcon_core.shell:Skip shell extension 'dsv' for command environment
[1.520s] INFO:colcon.colcon_ros.task.ament_cmake.build:Building ROS package in '/home/shubham/be_project_ws/src/robotic_arm_description' with build type 'ament_cmake'
[1.520s] INFO:colcon.colcon_cmake.task.cmake.build:Building CMake package in '/home/shubham/be_project_ws/src/robotic_arm_description'
[1.536s] INFO:colcon.colcon_core.shell:Skip shell extension 'powershell' for command environment: Not usable outside of PowerShell
[1.536s] DEBUG:colcon.colcon_core.shell:Skip shell extension 'dsv' for command environment
[1.596s] INFO:colcon.colcon_ros.task.ament_cmake.build:Building ROS package in '/home/shubham/be_project_ws/src/ros_robot_controller' with build type 'ament_cmake'
[1.596s] INFO:colcon.colcon_cmake.task.cmake.build:Building CMake package in '/home/shubham/be_project_ws/src/ros_robot_controller'
[1.610s] INFO:colcon.colcon_core.shell:Skip shell extension 'powershell' for command environment: Not usable outside of PowerShell
[1.611s] DEBUG:colcon.colcon_core.shell:Skip shell extension 'dsv' for command environment
[1.670s] INFO:colcon.colcon_ros.task.ament_cmake.build:Building ROS package in '/home/shubham/be_project_ws/src/ros_robot_description' with build type 'ament_cmake'
[1.670s] INFO:colcon.colcon_cmake.task.cmake.build:Building CMake package in '/home/shubham/be_project_ws/src/ros_robot_description'
[1.685s] INFO:colcon.colcon_core.shell:Skip shell extension 'powershell' for command environment: Not usable outside of PowerShell
[1.685s] DEBUG:colcon.colcon_core.shell:Skip shell extension 'dsv' for command environment
[1.750s] DEBUG:colcon.colcon_core.event_handler.log_command:Invoking command in '/home/shubham/be_project_ws/build/robotic_arm_controller': CMAKE_PREFIX_PATH=${CMAKE_PREFIX_PATH}:/home/shubham/arduinobot_ws/install/arduinobot_py_examples:/opt/ros/humble /usr/bin/cmake --build /home/shubham/be_project_ws/build/robotic_arm_controller -- -j16 -l16
[1.754s] DEBUG:colcon.colcon_core.event_handler.log_command:Invoking command in '/home/shubham/be_project_ws/build/robotic_arm_description': CMAKE_PREFIX_PATH=${CMAKE_PREFIX_PATH}:/home/shubham/arduinobot_ws/install/arduinobot_py_examples:/opt/ros/humble /usr/bin/cmake --build /home/shubham/be_project_ws/build/robotic_arm_description -- -j16 -l16
[1.757s] DEBUG:colcon.colcon_core.event_handler.log_command:Invoking command in '/home/shubham/be_project_ws/build/ros_robot_controller': CMAKE_PREFIX_PATH=${CMAKE_PREFIX_PATH}:/home/shubham/arduinobot_ws/install/arduinobot_py_examples:/opt/ros/humble /usr/bin/cmake --build /home/shubham/be_project_ws/build/ros_robot_controller -- -j16 -l16
[1.761s] DEBUG:colcon.colcon_core.event_handler.log_command:Invoking command in '/home/shubham/be_project_ws/build/ros_robot_description': CMAKE_PREFIX_PATH=${CMAKE_PREFIX_PATH}:/home/shubham/arduinobot_ws/install/arduinobot_py_examples:/opt/ros/humble /usr/bin/cmake --build /home/shubham/be_project_ws/build/ros_robot_description -- -j16 -l16
[1.809s] DEBUG:colcon.colcon_core.event_handler.log_command:Invoked command in '/home/shubham/be_project_ws/build/robotic_arm_controller' returned '0': CMAKE_PREFIX_PATH=${CMAKE_PREFIX_PATH}:/home/shubham/arduinobot_ws/install/arduinobot_py_examples:/opt/ros/humble /usr/bin/cmake --build /home/shubham/be_project_ws/build/robotic_arm_controller -- -j16 -l16
[1.810s] DEBUG:colcon.colcon_core.event_handler.log_command:Invoked command in '/home/shubham/be_project_ws/build/ros_robot_controller' returned '0': CMAKE_PREFIX_PATH=${CMAKE_PREFIX_PATH}:/home/shubham/arduinobot_ws/install/arduinobot_py_examples:/opt/ros/humble /usr/bin/cmake --build /home/shubham/be_project_ws/build/ros_robot_controller -- -j16 -l16
[1.811s] DEBUG:colcon.colcon_core.event_handler.log_command:Invoked command in '/home/shubham/be_project_ws/build/ros_robot_description' returned '0': CMAKE_PREFIX_PATH=${CMAKE_PREFIX_PATH}:/home/shubham/arduinobot_ws/install/arduinobot_py_examples:/opt/ros/humble /usr/bin/cmake --build /home/shubham/be_project_ws/build/ros_robot_description -- -j16 -l16
[1.812s] DEBUG:colcon.colcon_core.event_handler.log_command:Invoked command in '/home/shubham/be_project_ws/build/robotic_arm_description' returned '0': CMAKE_PREFIX_PATH=${CMAKE_PREFIX_PATH}:/home/shubham/arduinobot_ws/install/arduinobot_py_examples:/opt/ros/humble /usr/bin/cmake --build /home/shubham/be_project_ws/build/robotic_arm_description -- -j16 -l16
[1.833s] DEBUG:colcon.colcon_core.event_handler.log_command:Invoking command in '/home/shubham/be_project_ws/build/robotic_arm_controller': CMAKE_PREFIX_PATH=${CMAKE_PREFIX_PATH}:/home/shubham/arduinobot_ws/install/arduinobot_py_examples:/opt/ros/humble /usr/bin/cmake --install /home/shubham/be_project_ws/build/robotic_arm_controller
[1.834s] DEBUG:colcon.colcon_core.event_handler.log_command:Invoking command in '/home/shubham/be_project_ws/build/ros_robot_controller': CMAKE_PREFIX_PATH=${CMAKE_PREFIX_PATH}:/home/shubham/arduinobot_ws/install/arduinobot_py_examples:/opt/ros/humble /usr/bin/cmake --install /home/shubham/be_project_ws/build/ros_robot_controller
[1.836s] DEBUG:colcon.colcon_core.event_handler.log_command:Invoking command in '/home/shubham/be_project_ws/build/ros_robot_description': CMAKE_PREFIX_PATH=${CMAKE_PREFIX_PATH}:/home/shubham/arduinobot_ws/install/arduinobot_py_examples:/opt/ros/humble /usr/bin/cmake --install /home/shubham/be_project_ws/build/ros_robot_description
[1.837s] DEBUG:colcon.colcon_core.event_handler.log_command:Invoking command in '/home/shubham/be_project_ws/build/robotic_arm_description': CMAKE_PREFIX_PATH=${CMAKE_PREFIX_PATH}:/home/shubham/arduinobot_ws/install/arduinobot_py_examples:/opt/ros/humble /usr/bin/cmake --install /home/shubham/be_project_ws/build/robotic_arm_description
[1.843s] Level 1:colcon.colcon_core.environment:create_environment_scripts_only(ros_robot_controller)
[1.853s] DEBUG:colcon.colcon_core.event_handler.log_command:Invoked command in '/home/shubham/be_project_ws/build/ros_robot_controller' returned '0': CMAKE_PREFIX_PATH=${CMAKE_PREFIX_PATH}:/home/shubham/arduinobot_ws/install/arduinobot_py_examples:/opt/ros/humble /usr/bin/cmake --install /home/shubham/be_project_ws/build/ros_robot_controller
[1.872s] Level 1:colcon.colcon_core.environment:checking '/home/shubham/be_project_ws/install/ros_robot_controller' for CMake module files
[1.873s] Level 1:colcon.colcon_core.environment:checking '/home/shubham/be_project_ws/install/ros_robot_controller' for CMake config files
[1.874s] Level 1:colcon.colcon_core.shell:create_environment_hook('ros_robot_controller', 'cmake_prefix_path')
[1.889s] INFO:colcon.colcon_core.shell:Creating environment hook '/home/shubham/be_project_ws/install/ros_robot_controller/share/ros_robot_controller/hook/cmake_prefix_path.ps1'
[1.890s] INFO:colcon.colcon_core.shell:Creating environment descriptor '/home/shubham/be_project_ws/install/ros_robot_controller/share/ros_robot_controller/hook/cmake_prefix_path.dsv'
[1.890s] INFO:colcon.colcon_core.shell:Creating environment hook '/home/shubham/be_project_ws/install/ros_robot_controller/share/ros_robot_controller/hook/cmake_prefix_path.sh'
[1.891s] Level 1:colcon.colcon_core.environment:checking '/home/shubham/be_project_ws/install/ros_robot_controller/bin'
[1.891s] Level 1:colcon.colcon_core.environment:checking '/home/shubham/be_project_ws/install/ros_robot_controller/lib/pkgconfig/ros_robot_controller.pc'
[1.891s] Level 1:colcon.colcon_core.environment:checking '/home/shubham/be_project_ws/install/ros_robot_controller/lib/python3.10/site-packages'
[1.891s] Level 1:colcon.colcon_core.environment:checking '/home/shubham/be_project_ws/install/ros_robot_controller/bin'
[1.905s] INFO:colcon.colcon_core.shell:Creating package script '/home/shubham/be_project_ws/install/ros_robot_controller/share/ros_robot_controller/package.ps1'
[1.906s] INFO:colcon.colcon_core.shell:Creating package descriptor '/home/shubham/be_project_ws/install/ros_robot_controller/share/ros_robot_controller/package.dsv'
[1.907s] INFO:colcon.colcon_core.shell:Creating package script '/home/shubham/be_project_ws/install/ros_robot_controller/share/ros_robot_controller/package.sh'
[1.907s] INFO:colcon.colcon_core.shell:Creating package script '/home/shubham/be_project_ws/install/ros_robot_controller/share/ros_robot_controller/package.bash'
[1.908s] INFO:colcon.colcon_core.shell:Creating package script '/home/shubham/be_project_ws/install/ros_robot_controller/share/ros_robot_controller/package.zsh'
[1.909s] Level 1:colcon.colcon_core.environment:create_file_with_runtime_dependencies(/home/shubham/be_project_ws/install/ros_robot_controller/share/colcon-core/packages/ros_robot_controller)
[1.910s] Level 1:colcon.colcon_core.environment:create_environment_scripts_only(robotic_arm_controller)
[1.911s] DEBUG:colcon.colcon_core.event_handler.log_command:Invoked command in '/home/shubham/be_project_ws/build/robotic_arm_controller' returned '0': CMAKE_PREFIX_PATH=${CMAKE_PREFIX_PATH}:/home/shubham/arduinobot_ws/install/arduinobot_py_examples:/opt/ros/humble /usr/bin/cmake --install /home/shubham/be_project_ws/build/robotic_arm_controller
[1.925s] Level 1:colcon.colcon_core.environment:checking '/home/shubham/be_project_ws/install/robotic_arm_controller' for CMake module files
[1.926s] Level 1:colcon.colcon_core.environment:checking '/home/shubham/be_project_ws/install/robotic_arm_controller' for CMake config files
[1.926s] Level 1:colcon.colcon_core.shell:create_environment_hook('robotic_arm_controller', 'cmake_prefix_path')
[1.941s] INFO:colcon.colcon_core.shell:Creating environment hook '/home/shubham/be_project_ws/install/robotic_arm_controller/share/robotic_arm_controller/hook/cmake_prefix_path.ps1'
[1.941s] INFO:colcon.colcon_core.shell:Creating environment descriptor '/home/shubham/be_project_ws/install/robotic_arm_controller/share/robotic_arm_controller/hook/cmake_prefix_path.dsv'
[1.941s] INFO:colcon.colcon_core.shell:Creating environment hook '/home/shubham/be_project_ws/install/robotic_arm_controller/share/robotic_arm_controller/hook/cmake_prefix_path.sh'
[1.942s] Level 1:colcon.colcon_core.environment:checking '/home/shubham/be_project_ws/install/robotic_arm_controller/bin'
[1.942s] Level 1:colcon.colcon_core.environment:checking '/home/shubham/be_project_ws/install/robotic_arm_controller/lib/pkgconfig/robotic_arm_controller.pc'
[1.942s] Level 1:colcon.colcon_core.environment:checking '/home/shubham/be_project_ws/install/robotic_arm_controller/lib/python3.10/site-packages'
[1.942s] Level 1:colcon.colcon_core.environment:checking '/home/shubham/be_project_ws/install/robotic_arm_controller/bin'
[1.957s] INFO:colcon.colcon_core.shell:Creating package script '/home/shubham/be_project_ws/install/robotic_arm_controller/share/robotic_arm_controller/package.ps1'
[1.957s] INFO:colcon.colcon_core.shell:Creating package descriptor '/home/shubham/be_project_ws/install/robotic_arm_controller/share/robotic_arm_controller/package.dsv'
[1.957s] INFO:colcon.colcon_core.shell:Creating package script '/home/shubham/be_project_ws/install/robotic_arm_controller/share/robotic_arm_controller/package.sh'
[1.957s] INFO:colcon.colcon_core.shell:Creating package script '/home/shubham/be_project_ws/install/robotic_arm_controller/share/robotic_arm_controller/package.bash'
[1.958s] INFO:colcon.colcon_core.shell:Creating package script '/home/shubham/be_project_ws/install/robotic_arm_controller/share/robotic_arm_controller/package.zsh'
[1.958s] Level 1:colcon.colcon_core.environment:create_file_with_runtime_dependencies(/home/shubham/be_project_ws/install/robotic_arm_controller/share/colcon-core/packages/robotic_arm_controller)
[1.960s] Level 1:colcon.colcon_core.environment:create_environment_scripts_only(ros_robot_description)
[1.960s] DEBUG:colcon.colcon_core.event_handler.log_command:Invoked command in '/home/shubham/be_project_ws/build/ros_robot_description' returned '0': CMAKE_PREFIX_PATH=${CMAKE_PREFIX_PATH}:/home/shubham/arduinobot_ws/install/arduinobot_py_examples:/opt/ros/humble /usr/bin/cmake --install /home/shubham/be_project_ws/build/ros_robot_description
[1.975s] Level 1:colcon.colcon_core.environment:checking '/home/shubham/be_project_ws/install/ros_robot_description' for CMake module files
[1.976s] Level 1:colcon.colcon_core.environment:checking '/home/shubham/be_project_ws/install/ros_robot_description' for CMake config files
[1.977s] Level 1:colcon.colcon_core.shell:create_environment_hook('ros_robot_description', 'cmake_prefix_path')
[1.992s] INFO:colcon.colcon_core.shell:Creating environment hook '/home/shubham/be_project_ws/install/ros_robot_description/share/ros_robot_description/hook/cmake_prefix_path.ps1'
[1.992s] INFO:colcon.colcon_core.shell:Creating environment descriptor '/home/shubham/be_project_ws/install/ros_robot_description/share/ros_robot_description/hook/cmake_prefix_path.dsv'
[1.992s] INFO:colcon.colcon_core.shell:Creating environment hook '/home/shubham/be_project_ws/install/ros_robot_description/share/ros_robot_description/hook/cmake_prefix_path.sh'
[1.993s] Level 1:colcon.colcon_core.environment:checking '/home/shubham/be_project_ws/install/ros_robot_description/bin'
[1.993s] Level 1:colcon.colcon_core.environment:checking '/home/shubham/be_project_ws/install/ros_robot_description/lib/pkgconfig/ros_robot_description.pc'
[1.993s] Level 1:colcon.colcon_core.environment:checking '/home/shubham/be_project_ws/install/ros_robot_description/lib/python3.10/site-packages'
[1.993s] Level 1:colcon.colcon_core.environment:checking '/home/shubham/be_project_ws/install/ros_robot_description/bin'
[2.007s] INFO:colcon.colcon_core.shell:Creating package script '/home/shubham/be_project_ws/install/ros_robot_description/share/ros_robot_description/package.ps1'
[2.008s] INFO:colcon.colcon_core.shell:Creating package descriptor '/home/shubham/be_project_ws/install/ros_robot_description/share/ros_robot_description/package.dsv'
[2.008s] INFO:colcon.colcon_core.shell:Creating package script '/home/shubham/be_project_ws/install/ros_robot_description/share/ros_robot_description/package.sh'
[2.008s] INFO:colcon.colcon_core.shell:Creating package script '/home/shubham/be_project_ws/install/ros_robot_description/share/ros_robot_description/package.bash'
[2.008s] INFO:colcon.colcon_core.shell:Creating package script '/home/shubham/be_project_ws/install/ros_robot_description/share/ros_robot_description/package.zsh'
[2.009s] Level 1:colcon.colcon_core.environment:create_file_with_runtime_dependencies(/home/shubham/be_project_ws/install/ros_robot_description/share/colcon-core/packages/ros_robot_description)
[2.009s] Level 1:colcon.colcon_core.environment:create_environment_scripts_only(robotic_arm_description)
[2.010s] DEBUG:colcon.colcon_core.event_handler.log_command:Invoked command in '/home/shubham/be_project_ws/build/robotic_arm_description' returned '0': CMAKE_PREFIX_PATH=${CMAKE_PREFIX_PATH}:/home/shubham/arduinobot_ws/install/arduinobot_py_examples:/opt/ros/humble /usr/bin/cmake --install /home/shubham/be_project_ws/build/robotic_arm_description
[2.024s] Level 1:colcon.colcon_core.environment:checking '/home/shubham/be_project_ws/install/robotic_arm_description' for CMake module files
[2.025s] Level 1:colcon.colcon_core.environment:checking '/home/shubham/be_project_ws/install/robotic_arm_description' for CMake config files
[2.025s] Level 1:colcon.colcon_core.shell:create_environment_hook('robotic_arm_description', 'cmake_prefix_path')
[2.039s] INFO:colcon.colcon_core.shell:Creating environment hook '/home/shubham/be_project_ws/install/robotic_arm_description/share/robotic_arm_description/hook/cmake_prefix_path.ps1'
[2.039s] INFO:colcon.colcon_core.shell:Creating environment descriptor '/home/shubham/be_project_ws/install/robotic_arm_description/share/robotic_arm_description/hook/cmake_prefix_path.dsv'
[2.040s] INFO:colcon.colcon_core.shell:Creating environment hook '/home/shubham/be_project_ws/install/robotic_arm_description/share/robotic_arm_description/hook/cmake_prefix_path.sh'
[2.040s] Level 1:colcon.colcon_core.environment:checking '/home/shubham/be_project_ws/install/robotic_arm_description/bin'
[2.040s] Level 1:colcon.colcon_core.environment:checking '/home/shubham/be_project_ws/install/robotic_arm_description/lib/pkgconfig/robotic_arm_description.pc'
[2.040s] Level 1:colcon.colcon_core.environment:checking '/home/shubham/be_project_ws/install/robotic_arm_description/lib/python3.10/site-packages'
[2.040s] Level 1:colcon.colcon_core.environment:checking '/home/shubham/be_project_ws/install/robotic_arm_description/bin'
[2.054s] INFO:colcon.colcon_core.shell:Creating package script '/home/shubham/be_project_ws/install/robotic_arm_description/share/robotic_arm_description/package.ps1'
[2.055s] INFO:colcon.colcon_core.shell:Creating package descriptor '/home/shubham/be_project_ws/install/robotic_arm_description/share/robotic_arm_description/package.dsv'
[2.055s] INFO:colcon.colcon_core.shell:Creating package script '/home/shubham/be_project_ws/install/robotic_arm_description/share/robotic_arm_description/package.sh'
[2.055s] INFO:colcon.colcon_core.shell:Creating package script '/home/shubham/be_project_ws/install/robotic_arm_description/share/robotic_arm_description/package.bash'
[2.056s] INFO:colcon.colcon_core.shell:Creating package script '/home/shubham/be_project_ws/install/robotic_arm_description/share/robotic_arm_description/package.zsh'
[2.056s] Level 1:colcon.colcon_core.environment:create_file_with_runtime_dependencies(/home/shubham/be_project_ws/install/robotic_arm_description/share/colcon-core/packages/robotic_arm_description)
[2.072s] Level 1:colcon.colcon_core.environment:create_environment_scripts_only(ros_robot_controller)
[2.087s] Level 1:colcon.colcon_core.environment:checking '/home/shubham/be_project_ws/install/ros_robot_controller' for CMake module files
[2.087s] Level 1:colcon.colcon_core.environment:checking '/home/shubham/be_project_ws/install/ros_robot_controller' for CMake config files
[2.087s] Level 1:colcon.colcon_core.shell:create_environment_hook('ros_robot_controller', 'cmake_prefix_path')
[2.101s] INFO:colcon.colcon_core.shell:Creating environment hook '/home/shubham/be_project_ws/install/ros_robot_controller/share/ros_robot_controller/hook/cmake_prefix_path.ps1'
[2.101s] INFO:colcon.colcon_core.shell:Creating environment descriptor '/home/shubham/be_project_ws/install/ros_robot_controller/share/ros_robot_controller/hook/cmake_prefix_path.dsv'
[2.102s] INFO:colcon.colcon_core.shell:Creating environment hook '/home/shubham/be_project_ws/install/ros_robot_controller/share/ros_robot_controller/hook/cmake_prefix_path.sh'
[2.102s] Level 1:colcon.colcon_core.environment:checking '/home/shubham/be_project_ws/install/ros_robot_controller/bin'
[2.102s] Level 1:colcon.colcon_core.environment:checking '/home/shubham/be_project_ws/install/ros_robot_controller/lib/pkgconfig/ros_robot_controller.pc'
[2.102s] Level 1:colcon.colcon_core.environment:checking '/home/shubham/be_project_ws/install/ros_robot_controller/lib/python3.10/site-packages'
[2.102s] Level 1:colcon.colcon_core.environment:checking '/home/shubham/be_project_ws/install/ros_robot_controller/bin'
[2.116s] INFO:colcon.colcon_core.shell:Creating package script '/home/shubham/be_project_ws/install/ros_robot_controller/share/ros_robot_controller/package.ps1'
[2.116s] INFO:colcon.colcon_core.shell:Creating package descriptor '/home/shubham/be_project_ws/install/ros_robot_controller/share/ros_robot_controller/package.dsv'
[2.117s] INFO:colcon.colcon_core.shell:Creating package script '/home/shubham/be_project_ws/install/ros_robot_controller/share/ros_robot_controller/package.sh'
[2.117s] INFO:colcon.colcon_core.shell:Creating package script '/home/shubham/be_project_ws/install/ros_robot_controller/share/ros_robot_controller/package.bash'
[2.117s] INFO:colcon.colcon_core.shell:Creating package script '/home/shubham/be_project_ws/install/ros_robot_controller/share/ros_robot_controller/package.zsh'
[2.118s] Level 1:colcon.colcon_core.environment:create_file_with_runtime_dependencies(/home/shubham/be_project_ws/install/ros_robot_controller/share/colcon-core/packages/ros_robot_controller)
[2.133s] Level 1:colcon.colcon_core.environment:create_environment_scripts_only(robotic_arm_controller)
[2.148s] Level 1:colcon.colcon_core.environment:checking '/home/shubham/be_project_ws/install/robotic_arm_controller' for CMake module files
[2.148s] Level 1:colcon.colcon_core.environment:checking '/home/shubham/be_project_ws/install/robotic_arm_controller' for CMake config files
[2.148s] Level 1:colcon.colcon_core.shell:create_environment_hook('robotic_arm_controller', 'cmake_prefix_path')
[2.162s] INFO:colcon.colcon_core.shell:Creating environment hook '/home/shubham/be_project_ws/install/robotic_arm_controller/share/robotic_arm_controller/hook/cmake_prefix_path.ps1'
[2.163s] INFO:colcon.colcon_core.shell:Creating environment descriptor '/home/shubham/be_project_ws/install/robotic_arm_controller/share/robotic_arm_controller/hook/cmake_prefix_path.dsv'
[2.163s] INFO:colcon.colcon_core.shell:Creating environment hook '/home/shubham/be_project_ws/install/robotic_arm_controller/share/robotic_arm_controller/hook/cmake_prefix_path.sh'
[2.163s] Level 1:colcon.colcon_core.environment:checking '/home/shubham/be_project_ws/install/robotic_arm_controller/bin'
[2.163s] Level 1:colcon.colcon_core.environment:checking '/home/shubham/be_project_ws/install/robotic_arm_controller/lib/pkgconfig/robotic_arm_controller.pc'
[2.164s] Level 1:colcon.colcon_core.environment:checking '/home/shubham/be_project_ws/install/robotic_arm_controller/lib/python3.10/site-packages'
[2.164s] Level 1:colcon.colcon_core.environment:checking '/home/shubham/be_project_ws/install/robotic_arm_controller/bin'
[2.178s] INFO:colcon.colcon_core.shell:Creating package script '/home/shubham/be_project_ws/install/robotic_arm_controller/share/robotic_arm_controller/package.ps1'
[2.179s] INFO:colcon.colcon_core.shell:Creating package descriptor '/home/shubham/be_project_ws/install/robotic_arm_controller/share/robotic_arm_controller/package.dsv'
[2.179s] INFO:colcon.colcon_core.shell:Creating package script '/home/shubham/be_project_ws/install/robotic_arm_controller/share/robotic_arm_controller/package.sh'
[2.179s] INFO:colcon.colcon_core.shell:Creating package script '/home/shubham/be_project_ws/install/robotic_arm_controller/share/robotic_arm_controller/package.bash'
[2.180s] INFO:colcon.colcon_core.shell:Creating package script '/home/shubham/be_project_ws/install/robotic_arm_controller/share/robotic_arm_controller/package.zsh'
[2.180s] Level 1:colcon.colcon_core.environment:create_file_with_runtime_dependencies(/home/shubham/be_project_ws/install/robotic_arm_controller/share/colcon-core/packages/robotic_arm_controller)
[2.202s] Level 1:colcon.colcon_core.environment:create_environment_scripts_only(ros_robot_description)
[2.216s] Level 1:colcon.colcon_core.environment:checking '/home/shubham/be_project_ws/install/ros_robot_description' for CMake module files
[2.216s] Level 1:colcon.colcon_core.environment:checking '/home/shubham/be_project_ws/install/ros_robot_description' for CMake config files
[2.217s] Level 1:colcon.colcon_core.shell:create_environment_hook('ros_robot_description', 'cmake_prefix_path')
[2.231s] INFO:colcon.colcon_core.shell:Creating environment hook '/home/shubham/be_project_ws/install/ros_robot_description/share/ros_robot_description/hook/cmake_prefix_path.ps1'
[2.231s] INFO:colcon.colcon_core.shell:Creating environment descriptor '/home/shubham/be_project_ws/install/ros_robot_description/share/ros_robot_description/hook/cmake_prefix_path.dsv'
[2.231s] INFO:colcon.colcon_core.shell:Creating environment hook '/home/shubham/be_project_ws/install/ros_robot_description/share/ros_robot_description/hook/cmake_prefix_path.sh'
[2.231s] Level 1:colcon.colcon_core.environment:checking '/home/shubham/be_project_ws/install/ros_robot_description/bin'
[2.231s] Level 1:colcon.colcon_core.environment:checking '/home/shubham/be_project_ws/install/ros_robot_description/lib/pkgconfig/ros_robot_description.pc'
[2.232s] Level 1:colcon.colcon_core.environment:checking '/home/shubham/be_project_ws/install/ros_robot_description/lib/python3.10/site-packages'
[2.232s] Level 1:colcon.colcon_core.environment:checking '/home/shubham/be_project_ws/install/ros_robot_description/bin'
[2.246s] INFO:colcon.colcon_core.shell:Creating package script '/home/shubham/be_project_ws/install/ros_robot_description/share/ros_robot_description/package.ps1'
[2.247s] INFO:colcon.colcon_core.shell:Creating package descriptor '/home/shubham/be_project_ws/install/ros_robot_description/share/ros_robot_description/package.dsv'
[2.247s] INFO:colcon.colcon_core.shell:Creating package script '/home/shubham/be_project_ws/install/ros_robot_description/share/ros_robot_description/package.sh'
[2.247s] INFO:colcon.colcon_core.shell:Creating package script '/home/shubham/be_project_ws/install/ros_robot_description/share/ros_robot_description/package.bash'
[2.248s] INFO:colcon.colcon_core.shell:Creating package script '/home/shubham/be_project_ws/install/ros_robot_description/share/ros_robot_description/package.zsh'
[2.248s] Level 1:colcon.colcon_core.environment:create_file_with_runtime_dependencies(/home/shubham/be_project_ws/install/ros_robot_description/share/colcon-core/packages/ros_robot_description)
[2.264s] Level 1:colcon.colcon_core.environment:create_environment_scripts_only(robotic_arm_description)
[2.278s] Level 1:colcon.colcon_core.environment:checking '/home/shubham/be_project_ws/install/robotic_arm_description' for CMake module files
[2.279s] Level 1:colcon.colcon_core.environment:checking '/home/shubham/be_project_ws/install/robotic_arm_description' for CMake config files
[2.279s] Level 1:colcon.colcon_core.shell:create_environment_hook('robotic_arm_description', 'cmake_prefix_path')
[2.293s] INFO:colcon.colcon_core.shell:Creating environment hook '/home/shubham/be_project_ws/install/robotic_arm_description/share/robotic_arm_description/hook/cmake_prefix_path.ps1'
[2.293s] INFO:colcon.colcon_core.shell:Creating environment descriptor '/home/shubham/be_project_ws/install/robotic_arm_description/share/robotic_arm_description/hook/cmake_prefix_path.dsv'
[2.294s] INFO:colcon.colcon_core.shell:Creating environment hook '/home/shubham/be_project_ws/install/robotic_arm_description/share/robotic_arm_description/hook/cmake_prefix_path.sh'
[2.294s] Level 1:colcon.colcon_core.environment:checking '/home/shubham/be_project_ws/install/robotic_arm_description/bin'
[2.294s] Level 1:colcon.colcon_core.environment:checking '/home/shubham/be_project_ws/install/robotic_arm_description/lib/pkgconfig/robotic_arm_description.pc'
[2.294s] Level 1:colcon.colcon_core.environment:checking '/home/shubham/be_project_ws/install/robotic_arm_description/lib/python3.10/site-packages'
[2.295s] Level 1:colcon.colcon_core.environment:checking '/home/shubham/be_project_ws/install/robotic_arm_description/bin'
[2.309s] INFO:colcon.colcon_core.shell:Creating package script '/home/shubham/be_project_ws/install/robotic_arm_description/share/robotic_arm_description/package.ps1'
[2.309s] INFO:colcon.colcon_core.shell:Creating package descriptor '/home/shubham/be_project_ws/install/robotic_arm_description/share/robotic_arm_description/package.dsv'
[2.310s] INFO:colcon.colcon_core.shell:Creating package script '/home/shubham/be_project_ws/install/robotic_arm_description/share/robotic_arm_description/package.sh'
[2.310s] INFO:colcon.colcon_core.shell:Creating package script '/home/shubham/be_project_ws/install/robotic_arm_description/share/robotic_arm_description/package.bash'
[2.310s] INFO:colcon.colcon_core.shell:Creating package script '/home/shubham/be_project_ws/install/robotic_arm_description/share/robotic_arm_description/package.zsh'
[2.311s] Level 1:colcon.colcon_core.environment:create_file_with_runtime_dependencies(/home/shubham/be_project_ws/install/robotic_arm_description/share/colcon-core/packages/robotic_arm_description)
[2.311s] DEBUG:colcon.colcon_parallel_executor.executor.parallel:closing loop
[2.311s] DEBUG:colcon.colcon_parallel_executor.executor.parallel:loop closed
[2.312s] DEBUG:colcon.colcon_parallel_executor.executor.parallel:run_until_complete finished with '0'
[2.312s] DEBUG:colcon.colcon_core.event_reactor:joining thread
[2.337s] INFO:colcon.colcon_core.plugin_system:Skipping extension 'colcon_notification.desktop_notification.terminal_notifier': Not used on non-Darwin systems
[2.338s] INFO:colcon.colcon_core.plugin_system:Skipping extension 'colcon_notification.desktop_notification.win32': Not used on non-Windows systems
[2.338s] INFO:colcon.colcon_notification.desktop_notification:Sending desktop notification using 'notify2'
[2.353s] DEBUG:colcon.colcon_core.event_reactor:joined thread
[2.367s] INFO:colcon.colcon_core.shell:Creating prefix script '/home/shubham/be_project_ws/install/local_setup.ps1'
[2.368s] INFO:colcon.colcon_core.shell:Creating prefix util module '/home/shubham/be_project_ws/install/_local_setup_util_ps1.py'
[2.369s] INFO:colcon.colcon_core.shell:Creating prefix chain script '/home/shubham/be_project_ws/install/setup.ps1'
[2.385s] INFO:colcon.colcon_core.shell:Creating prefix script '/home/shubham/be_project_ws/install/local_setup.sh'
[2.385s] INFO:colcon.colcon_core.shell:Creating prefix util module '/home/shubham/be_project_ws/install/_local_setup_util_sh.py'
[2.386s] INFO:colcon.colcon_core.shell:Creating prefix chain script '/home/shubham/be_project_ws/install/setup.sh'
[2.401s] INFO:colcon.colcon_core.shell:Creating prefix script '/home/shubham/be_project_ws/install/local_setup.bash'
[2.401s] INFO:colcon.colcon_core.shell:Creating prefix chain script '/home/shubham/be_project_ws/install/setup.bash'
[2.417s] INFO:colcon.colcon_core.shell:Creating prefix script '/home/shubham/be_project_ws/install/local_setup.zsh'
[2.417s] INFO:colcon.colcon_core.shell:Creating prefix chain script '/home/shubham/be_project_ws/install/setup.zsh'
