[0.961s] DEBUG:colcon:Command line arguments: ['/usr/bin/colcon', 'build']
[0.961s] DEBUG:colcon:Parsed command line arguments: Namespace(log_base=None, log_level=None, verb_name='build', build_base='build', install_base='install', merge_install=False, symlink_install=False, test_result_base=None, continue_on_error=False, executor='parallel', parallel_workers=16, event_handlers=None, ignore_user_meta=False, metas=['./colcon.meta'], base_paths=['.'], packages_ignore=None, packages_ignore_regex=None, paths=None, packages_up_to=None, packages_up_to_regex=None, packages_above=None, packages_above_and_dependencies=None, packages_above_depth=None, packages_select_by_dep=None, packages_skip_by_dep=None, packages_skip_up_to=None, packages_select_build_failed=False, packages_skip_build_finished=False, packages_select_test_failures=False, packages_skip_test_passed=False, packages_select=None, packages_skip=None, packages_select_regex=None, packages_skip_regex=None, packages_start=None, packages_end=None, allow_overriding=[], cmake_args=None, cmake_target=None, cmake_target_skip_unavailable=False, cmake_clean_cache=False, cmake_clean_first=False, cmake_force_configure=False, ament_cmake_args=None, catkin_cmake_args=None, catkin_skip_building_tests=False, verb_parser=<colcon_defaults.argument_parser.defaults.DefaultArgumentsDecorator object at 0x7f58d38bc6a0>, verb_extension=<colcon_core.verb.build.BuildVerb object at 0x7f58d38bf700>, main=<bound method BuildVerb.main of <colcon_core.verb.build.BuildVerb object at 0x7f58d38bf700>>)
[1.003s] Level 1:colcon.colcon_core.package_discovery:discover_packages(colcon_meta) check parameters
[1.003s] Level 1:colcon.colcon_core.package_discovery:discover_packages(recursive) check parameters
[1.003s] Level 1:colcon.colcon_core.package_discovery:discover_packages(ignore) check parameters
[1.003s] Level 1:colcon.colcon_core.package_discovery:discover_packages(path) check parameters
[1.003s] Level 1:colcon.colcon_core.package_discovery:discover_packages(colcon_meta) discover
[1.003s] Level 1:colcon.colcon_core.package_discovery:discover_packages(recursive) discover
[1.003s] INFO:colcon.colcon_core.package_discovery:Crawling recursively for packages in '/home/shubham/be_project_ws'
[1.003s] Level 1:colcon.colcon_core.package_identification:_identify(.) by extensions ['ignore', 'ignore_ament_install']
[1.003s] Level 1:colcon.colcon_core.package_identification:_identify(.) by extension 'ignore'
[1.003s] Level 1:colcon.colcon_core.package_identification:_identify(.) by extension 'ignore_ament_install'
[1.003s] Level 1:colcon.colcon_core.package_identification:_identify(.) by extensions ['colcon_pkg']
[1.003s] Level 1:colcon.colcon_core.package_identification:_identify(.) by extension 'colcon_pkg'
[1.003s] Level 1:colcon.colcon_core.package_identification:_identify(.) by extensions ['colcon_meta']
[1.003s] Level 1:colcon.colcon_core.package_identification:_identify(.) by extension 'colcon_meta'
[1.003s] Level 1:colcon.colcon_core.package_identification:_identify(.) by extensions ['ros']
[1.003s] Level 1:colcon.colcon_core.package_identification:_identify(.) by extension 'ros'
[1.014s] Level 1:colcon.colcon_core.package_identification:_identify(.) by extensions ['cmake', 'python']
[1.014s] Level 1:colcon.colcon_core.package_identification:_identify(.) by extension 'cmake'
[1.014s] Level 1:colcon.colcon_core.package_identification:_identify(.) by extension 'python'
[1.014s] Level 1:colcon.colcon_core.package_identification:_identify(.) by extensions ['python_setup_py']
[1.014s] Level 1:colcon.colcon_core.package_identification:_identify(.) by extension 'python_setup_py'
[1.014s] Level 1:colcon.colcon_core.package_identification:_identify(build) by extensions ['ignore', 'ignore_ament_install']
[1.014s] Level 1:colcon.colcon_core.package_identification:_identify(build) by extension 'ignore'
[1.015s] Level 1:colcon.colcon_core.package_identification:_identify(build) ignored
[1.015s] Level 1:colcon.colcon_core.package_identification:_identify(install) by extensions ['ignore', 'ignore_ament_install']
[1.015s] Level 1:colcon.colcon_core.package_identification:_identify(install) by extension 'ignore'
[1.015s] Level 1:colcon.colcon_core.package_identification:_identify(install) ignored
[1.015s] Level 1:colcon.colcon_core.package_identification:_identify(log) by extensions ['ignore', 'ignore_ament_install']
[1.015s] Level 1:colcon.colcon_core.package_identification:_identify(log) by extension 'ignore'
[1.015s] Level 1:colcon.colcon_core.package_identification:_identify(log) ignored
[1.015s] Level 1:colcon.colcon_core.package_identification:_identify(src) by extensions ['ignore', 'ignore_ament_install']
[1.015s] Level 1:colcon.colcon_core.package_identification:_identify(src) by extension 'ignore'
[1.015s] Level 1:colcon.colcon_core.package_identification:_identify(src) by extension 'ignore_ament_install'
[1.015s] Level 1:colcon.colcon_core.package_identification:_identify(src) by extensions ['colcon_pkg']
[1.015s] Level 1:colcon.colcon_core.package_identification:_identify(src) by extension 'colcon_pkg'
[1.015s] Level 1:colcon.colcon_core.package_identification:_identify(src) by extensions ['colcon_meta']
[1.015s] Level 1:colcon.colcon_core.package_identification:_identify(src) by extension 'colcon_meta'
[1.015s] Level 1:colcon.colcon_core.package_identification:_identify(src) by extensions ['ros']
[1.016s] Level 1:colcon.colcon_core.package_identification:_identify(src) by extension 'ros'
[1.016s] Level 1:colcon.colcon_core.package_identification:_identify(src) by extensions ['cmake', 'python']
[1.016s] Level 1:colcon.colcon_core.package_identification:_identify(src) by extension 'cmake'
[1.016s] Level 1:colcon.colcon_core.package_identification:_identify(src) by extension 'python'
[1.016s] Level 1:colcon.colcon_core.package_identification:_identify(src) by extensions ['python_setup_py']
[1.016s] Level 1:colcon.colcon_core.package_identification:_identify(src) by extension 'python_setup_py'
[1.016s] Level 1:colcon.colcon_core.package_identification:_identify(src/robotic_arm_controller) by extensions ['ignore', 'ignore_ament_install']
[1.016s] Level 1:colcon.colcon_core.package_identification:_identify(src/robotic_arm_controller) by extension 'ignore'
[1.016s] Level 1:colcon.colcon_core.package_identification:_identify(src/robotic_arm_controller) by extension 'ignore_ament_install'
[1.016s] Level 1:colcon.colcon_core.package_identification:_identify(src/robotic_arm_controller) by extensions ['colcon_pkg']
[1.016s] Level 1:colcon.colcon_core.package_identification:_identify(src/robotic_arm_controller) by extension 'colcon_pkg'
[1.016s] Level 1:colcon.colcon_core.package_identification:_identify(src/robotic_arm_controller) by extensions ['colcon_meta']
[1.016s] Level 1:colcon.colcon_core.package_identification:_identify(src/robotic_arm_controller) by extension 'colcon_meta'
[1.016s] Level 1:colcon.colcon_core.package_identification:_identify(src/robotic_arm_controller) by extensions ['ros']
[1.016s] Level 1:colcon.colcon_core.package_identification:_identify(src/robotic_arm_controller) by extension 'ros'
[1.018s] DEBUG:colcon.colcon_core.package_identification:Package 'src/robotic_arm_controller' with type 'ros.ament_cmake' and name 'robotic_arm_controller'
[1.018s] Level 1:colcon.colcon_core.package_identification:_identify(src/robotic_arm_description) by extensions ['ignore', 'ignore_ament_install']
[1.018s] Level 1:colcon.colcon_core.package_identification:_identify(src/robotic_arm_description) by extension 'ignore'
[1.018s] Level 1:colcon.colcon_core.package_identification:_identify(src/robotic_arm_description) by extension 'ignore_ament_install'
[1.018s] Level 1:colcon.colcon_core.package_identification:_identify(src/robotic_arm_description) by extensions ['colcon_pkg']
[1.018s] Level 1:colcon.colcon_core.package_identification:_identify(src/robotic_arm_description) by extension 'colcon_pkg'
[1.018s] Level 1:colcon.colcon_core.package_identification:_identify(src/robotic_arm_description) by extensions ['colcon_meta']
[1.018s] Level 1:colcon.colcon_core.package_identification:_identify(src/robotic_arm_description) by extension 'colcon_meta'
[1.018s] Level 1:colcon.colcon_core.package_identification:_identify(src/robotic_arm_description) by extensions ['ros']
[1.018s] Level 1:colcon.colcon_core.package_identification:_identify(src/robotic_arm_description) by extension 'ros'
[1.019s] DEBUG:colcon.colcon_core.package_identification:Package 'src/robotic_arm_description' with type 'ros.ament_cmake' and name 'robotic_arm_description'
[1.019s] Level 1:colcon.colcon_core.package_identification:_identify(src/ros_robot_controller) by extensions ['ignore', 'ignore_ament_install']
[1.019s] Level 1:colcon.colcon_core.package_identification:_identify(src/ros_robot_controller) by extension 'ignore'
[1.019s] Level 1:colcon.colcon_core.package_identification:_identify(src/ros_robot_controller) by extension 'ignore_ament_install'
[1.019s] Level 1:colcon.colcon_core.package_identification:_identify(src/ros_robot_controller) by extensions ['colcon_pkg']
[1.019s] Level 1:colcon.colcon_core.package_identification:_identify(src/ros_robot_controller) by extension 'colcon_pkg'
[1.019s] Level 1:colcon.colcon_core.package_identification:_identify(src/ros_robot_controller) by extensions ['colcon_meta']
[1.019s] Level 1:colcon.colcon_core.package_identification:_identify(src/ros_robot_controller) by extension 'colcon_meta'
[1.019s] Level 1:colcon.colcon_core.package_identification:_identify(src/ros_robot_controller) by extensions ['ros']
[1.019s] Level 1:colcon.colcon_core.package_identification:_identify(src/ros_robot_controller) by extension 'ros'
[1.019s] DEBUG:colcon.colcon_core.package_identification:Package 'src/ros_robot_controller' with type 'ros.ament_cmake' and name 'ros_robot_controller'
[1.019s] Level 1:colcon.colcon_core.package_identification:_identify(src/ros_robot_description) by extensions ['ignore', 'ignore_ament_install']
[1.020s] Level 1:colcon.colcon_core.package_identification:_identify(src/ros_robot_description) by extension 'ignore'
[1.020s] Level 1:colcon.colcon_core.package_identification:_identify(src/ros_robot_description) by extension 'ignore_ament_install'
[1.020s] Level 1:colcon.colcon_core.package_identification:_identify(src/ros_robot_description) by extensions ['colcon_pkg']
[1.020s] Level 1:colcon.colcon_core.package_identification:_identify(src/ros_robot_description) by extension 'colcon_pkg'
[1.020s] Level 1:colcon.colcon_core.package_identification:_identify(src/ros_robot_description) by extensions ['colcon_meta']
[1.020s] Level 1:colcon.colcon_core.package_identification:_identify(src/ros_robot_description) by extension 'colcon_meta'
[1.020s] Level 1:colcon.colcon_core.package_identification:_identify(src/ros_robot_description) by extensions ['ros']
[1.020s] Level 1:colcon.colcon_core.package_identification:_identify(src/ros_robot_description) by extension 'ros'
[1.020s] DEBUG:colcon.colcon_core.package_identification:Package 'src/ros_robot_description' with type 'ros.ament_cmake' and name 'ros_robot_description'
[1.020s] Level 1:colcon.colcon_core.package_discovery:discover_packages(recursive) using defaults
[1.020s] Level 1:colcon.colcon_core.package_discovery:discover_packages(ignore) discover
[1.020s] Level 1:colcon.colcon_core.package_discovery:discover_packages(ignore) using defaults
[1.020s] Level 1:colcon.colcon_core.package_discovery:discover_packages(path) discover
[1.020s] Level 1:colcon.colcon_core.package_discovery:discover_packages(path) using defaults
[1.105s] Level 1:colcon.colcon_core.package_discovery:discover_packages(prefix_path) check parameters
[1.105s] Level 1:colcon.colcon_core.package_discovery:discover_packages(prefix_path) discover
[1.135s] DEBUG:colcon.colcon_installed_package_information.package_discovery:Found 4 installed packages in /home/shubham/be_project_ws/install
[1.157s] DEBUG:colcon.colcon_installed_package_information.package_discovery:Found 4 installed packages in /home/shubham/arduinobot_ws/install
[1.174s] DEBUG:colcon.colcon_installed_package_information.package_discovery:Found 413 installed packages in /opt/ros/humble
[1.175s] Level 1:colcon.colcon_core.package_discovery:discover_packages(prefix_path) using defaults
[1.272s] Level 5:colcon.colcon_core.verb:set package 'robotic_arm_controller' build argument 'cmake_args' from command line to 'None'
[1.272s] Level 5:colcon.colcon_core.verb:set package 'robotic_arm_controller' build argument 'cmake_target' from command line to 'None'
[1.272s] Level 5:colcon.colcon_core.verb:set package 'robotic_arm_controller' build argument 'cmake_target_skip_unavailable' from command line to 'False'
[1.272s] Level 5:colcon.colcon_core.verb:set package 'robotic_arm_controller' build argument 'cmake_clean_cache' from command line to 'False'
[1.272s] Level 5:colcon.colcon_core.verb:set package 'robotic_arm_controller' build argument 'cmake_clean_first' from command line to 'False'
[1.272s] Level 5:colcon.colcon_core.verb:set package 'robotic_arm_controller' build argument 'cmake_force_configure' from command line to 'False'
[1.272s] Level 5:colcon.colcon_core.verb:set package 'robotic_arm_controller' build argument 'ament_cmake_args' from command line to 'None'
[1.272s] Level 5:colcon.colcon_core.verb:set package 'robotic_arm_controller' build argument 'catkin_cmake_args' from command line to 'None'
[1.272s] Level 5:colcon.colcon_core.verb:set package 'robotic_arm_controller' build argument 'catkin_skip_building_tests' from command line to 'False'
[1.272s] DEBUG:colcon.colcon_core.verb:Building package 'robotic_arm_controller' with the following arguments: {'ament_cmake_args': None, 'build_base': '/home/shubham/be_project_ws/build/robotic_arm_controller', 'catkin_cmake_args': None, 'catkin_skip_building_tests': False, 'cmake_args': None, 'cmake_clean_cache': False, 'cmake_clean_first': False, 'cmake_force_configure': False, 'cmake_target': None, 'cmake_target_skip_unavailable': False, 'install_base': '/home/shubham/be_project_ws/install/robotic_arm_controller', 'merge_install': False, 'path': '/home/shubham/be_project_ws/src/robotic_arm_controller', 'symlink_install': False, 'test_result_base': None}
[1.286s] Level 5:colcon.colcon_core.verb:set package 'robotic_arm_description' build argument 'cmake_args' from command line to 'None'
[1.286s] Level 5:colcon.colcon_core.verb:set package 'robotic_arm_description' build argument 'cmake_target' from command line to 'None'
[1.286s] Level 5:colcon.colcon_core.verb:set package 'robotic_arm_description' build argument 'cmake_target_skip_unavailable' from command line to 'False'
[1.286s] Level 5:colcon.colcon_core.verb:set package 'robotic_arm_description' build argument 'cmake_clean_cache' from command line to 'False'
[1.286s] Level 5:colcon.colcon_core.verb:set package 'robotic_arm_description' build argument 'cmake_clean_first' from command line to 'False'
[1.286s] Level 5:colcon.colcon_core.verb:set package 'robotic_arm_description' build argument 'cmake_force_configure' from command line to 'False'
[1.286s] Level 5:colcon.colcon_core.verb:set package 'robotic_arm_description' build argument 'ament_cmake_args' from command line to 'None'
[1.286s] Level 5:colcon.colcon_core.verb:set package 'robotic_arm_description' build argument 'catkin_cmake_args' from command line to 'None'
[1.286s] Level 5:colcon.colcon_core.verb:set package 'robotic_arm_description' build argument 'catkin_skip_building_tests' from command line to 'False'
[1.286s] DEBUG:colcon.colcon_core.verb:Building package 'robotic_arm_description' with the following arguments: {'ament_cmake_args': None, 'build_base': '/home/shubham/be_project_ws/build/robotic_arm_description', 'catkin_cmake_args': None, 'catkin_skip_building_tests': False, 'cmake_args': None, 'cmake_clean_cache': False, 'cmake_clean_first': False, 'cmake_force_configure': False, 'cmake_target': None, 'cmake_target_skip_unavailable': False, 'install_base': '/home/shubham/be_project_ws/install/robotic_arm_description', 'merge_install': False, 'path': '/home/shubham/be_project_ws/src/robotic_arm_description', 'symlink_install': False, 'test_result_base': None}
[1.300s] Level 5:colcon.colcon_core.verb:set package 'ros_robot_controller' build argument 'cmake_args' from command line to 'None'
[1.300s] Level 5:colcon.colcon_core.verb:set package 'ros_robot_controller' build argument 'cmake_target' from command line to 'None'
[1.300s] Level 5:colcon.colcon_core.verb:set package 'ros_robot_controller' build argument 'cmake_target_skip_unavailable' from command line to 'False'
[1.300s] Level 5:colcon.colcon_core.verb:set package 'ros_robot_controller' build argument 'cmake_clean_cache' from command line to 'False'
[1.300s] Level 5:colcon.colcon_core.verb:set package 'ros_robot_controller' build argument 'cmake_clean_first' from command line to 'False'
[1.300s] Level 5:colcon.colcon_core.verb:set package 'ros_robot_controller' build argument 'cmake_force_configure' from command line to 'False'
[1.300s] Level 5:colcon.colcon_core.verb:set package 'ros_robot_controller' build argument 'ament_cmake_args' from command line to 'None'
[1.300s] Level 5:colcon.colcon_core.verb:set package 'ros_robot_controller' build argument 'catkin_cmake_args' from command line to 'None'
[1.300s] Level 5:colcon.colcon_core.verb:set package 'ros_robot_controller' build argument 'catkin_skip_building_tests' from command line to 'False'
[1.300s] DEBUG:colcon.colcon_core.verb:Building package 'ros_robot_controller' with the following arguments: {'ament_cmake_args': None, 'build_base': '/home/shubham/be_project_ws/build/ros_robot_controller', 'catkin_cmake_args': None, 'catkin_skip_building_tests': False, 'cmake_args': None, 'cmake_clean_cache': False, 'cmake_clean_first': False, 'cmake_force_configure': False, 'cmake_target': None, 'cmake_target_skip_unavailable': False, 'install_base': '/home/shubham/be_project_ws/install/ros_robot_controller', 'merge_install': False, 'path': '/home/shubham/be_project_ws/src/ros_robot_controller', 'symlink_install': False, 'test_result_base': None}
[1.314s] Level 5:colcon.colcon_core.verb:set package 'ros_robot_description' build argument 'cmake_args' from command line to 'None'
[1.314s] Level 5:colcon.colcon_core.verb:set package 'ros_robot_description' build argument 'cmake_target' from command line to 'None'
[1.314s] Level 5:colcon.colcon_core.verb:set package 'ros_robot_description' build argument 'cmake_target_skip_unavailable' from command line to 'False'
[1.315s] Level 5:colcon.colcon_core.verb:set package 'ros_robot_description' build argument 'cmake_clean_cache' from command line to 'False'
[1.315s] Level 5:colcon.colcon_core.verb:set package 'ros_robot_description' build argument 'cmake_clean_first' from command line to 'False'
[1.315s] Level 5:colcon.colcon_core.verb:set package 'ros_robot_description' build argument 'cmake_force_configure' from command line to 'False'
[1.315s] Level 5:colcon.colcon_core.verb:set package 'ros_robot_description' build argument 'ament_cmake_args' from command line to 'None'
[1.315s] Level 5:colcon.colcon_core.verb:set package 'ros_robot_description' build argument 'catkin_cmake_args' from command line to 'None'
[1.315s] Level 5:colcon.colcon_core.verb:set package 'ros_robot_description' build argument 'catkin_skip_building_tests' from command line to 'False'
[1.315s] DEBUG:colcon.colcon_core.verb:Building package 'ros_robot_description' with the following arguments: {'ament_cmake_args': None, 'build_base': '/home/shubham/be_project_ws/build/ros_robot_description', 'catkin_cmake_args': None, 'catkin_skip_building_tests': False, 'cmake_args': None, 'cmake_clean_cache': False, 'cmake_clean_first': False, 'cmake_force_configure': False, 'cmake_target': None, 'cmake_target_skip_unavailable': False, 'install_base': '/home/shubham/be_project_ws/install/ros_robot_description', 'merge_install': False, 'path': '/home/shubham/be_project_ws/src/ros_robot_description', 'symlink_install': False, 'test_result_base': None}
[1.329s] INFO:colcon.colcon_core.executor:Executing jobs using 'parallel' executor
[1.343s] DEBUG:colcon.colcon_parallel_executor.executor.parallel:run_until_complete
[1.343s] INFO:colcon.colcon_ros.task.ament_cmake.build:Building ROS package in '/home/shubham/be_project_ws/src/robotic_arm_controller' with build type 'ament_cmake'
[1.343s] INFO:colcon.colcon_cmake.task.cmake.build:Building CMake package in '/home/shubham/be_project_ws/src/robotic_arm_controller'
[1.360s] INFO:colcon.colcon_core.plugin_system:Skipping extension 'colcon_core.shell.bat': Not used on non-Windows systems
[1.360s] INFO:colcon.colcon_core.shell:Skip shell extension 'powershell' for command environment: Not usable outside of PowerShell
[1.360s] DEBUG:colcon.colcon_core.shell:Skip shell extension 'dsv' for command environment
[1.418s] INFO:colcon.colcon_ros.task.ament_cmake.build:Building ROS package in '/home/shubham/be_project_ws/src/robotic_arm_description' with build type 'ament_cmake'
[1.418s] INFO:colcon.colcon_cmake.task.cmake.build:Building CMake package in '/home/shubham/be_project_ws/src/robotic_arm_description'
[1.433s] INFO:colcon.colcon_core.shell:Skip shell extension 'powershell' for command environment: Not usable outside of PowerShell
[1.433s] DEBUG:colcon.colcon_core.shell:Skip shell extension 'dsv' for command environment
[1.493s] INFO:colcon.colcon_ros.task.ament_cmake.build:Building ROS package in '/home/shubham/be_project_ws/src/ros_robot_controller' with build type 'ament_cmake'
[1.493s] INFO:colcon.colcon_cmake.task.cmake.build:Building CMake package in '/home/shubham/be_project_ws/src/ros_robot_controller'
[1.508s] INFO:colcon.colcon_core.shell:Skip shell extension 'powershell' for command environment: Not usable outside of PowerShell
[1.508s] DEBUG:colcon.colcon_core.shell:Skip shell extension 'dsv' for command environment
[1.566s] INFO:colcon.colcon_ros.task.ament_cmake.build:Building ROS package in '/home/shubham/be_project_ws/src/ros_robot_description' with build type 'ament_cmake'
[1.566s] INFO:colcon.colcon_cmake.task.cmake.build:Building CMake package in '/home/shubham/be_project_ws/src/ros_robot_description'
[1.580s] INFO:colcon.colcon_core.shell:Skip shell extension 'powershell' for command environment: Not usable outside of PowerShell
[1.581s] DEBUG:colcon.colcon_core.shell:Skip shell extension 'dsv' for command environment
[1.642s] DEBUG:colcon.colcon_core.event_handler.log_command:Invoking command in '/home/shubham/be_project_ws/build/robotic_arm_controller': CMAKE_PREFIX_PATH=${CMAKE_PREFIX_PATH}:/home/shubham/arduinobot_ws/install/arduinobot_py_examples:/opt/ros/humble /usr/bin/cmake --build /home/shubham/be_project_ws/build/robotic_arm_controller -- -j16 -l16
[1.645s] DEBUG:colcon.colcon_core.event_handler.log_command:Invoking command in '/home/shubham/be_project_ws/build/robotic_arm_description': CMAKE_PREFIX_PATH=${CMAKE_PREFIX_PATH}:/home/shubham/arduinobot_ws/install/arduinobot_py_examples:/opt/ros/humble /usr/bin/cmake --build /home/shubham/be_project_ws/build/robotic_arm_description -- -j16 -l16
[1.648s] DEBUG:colcon.colcon_core.event_handler.log_command:Invoking command in '/home/shubham/be_project_ws/build/ros_robot_controller': CMAKE_PREFIX_PATH=${CMAKE_PREFIX_PATH}:/home/shubham/arduinobot_ws/install/arduinobot_py_examples:/opt/ros/humble /usr/bin/cmake --build /home/shubham/be_project_ws/build/ros_robot_controller -- -j16 -l16
[1.651s] DEBUG:colcon.colcon_core.event_handler.log_command:Invoking command in '/home/shubham/be_project_ws/build/ros_robot_description': CMAKE_PREFIX_PATH=${CMAKE_PREFIX_PATH}:/home/shubham/arduinobot_ws/install/arduinobot_py_examples:/opt/ros/humble /usr/bin/cmake --build /home/shubham/be_project_ws/build/ros_robot_description -- -j16 -l16
[1.682s] DEBUG:colcon.colcon_core.event_handler.log_command:Invoked command in '/home/shubham/be_project_ws/build/ros_robot_description' returned '0': CMAKE_PREFIX_PATH=${CMAKE_PREFIX_PATH}:/home/shubham/arduinobot_ws/install/arduinobot_py_examples:/opt/ros/humble /usr/bin/cmake --build /home/shubham/be_project_ws/build/ros_robot_description -- -j16 -l16
[1.683s] DEBUG:colcon.colcon_core.event_handler.log_command:Invoked command in '/home/shubham/be_project_ws/build/robotic_arm_controller' returned '0': CMAKE_PREFIX_PATH=${CMAKE_PREFIX_PATH}:/home/shubham/arduinobot_ws/install/arduinobot_py_examples:/opt/ros/humble /usr/bin/cmake --build /home/shubham/be_project_ws/build/robotic_arm_controller -- -j16 -l16
[1.683s] DEBUG:colcon.colcon_core.event_handler.log_command:Invoked command in '/home/shubham/be_project_ws/build/ros_robot_controller' returned '0': CMAKE_PREFIX_PATH=${CMAKE_PREFIX_PATH}:/home/shubham/arduinobot_ws/install/arduinobot_py_examples:/opt/ros/humble /usr/bin/cmake --build /home/shubham/be_project_ws/build/ros_robot_controller -- -j16 -l16
[1.684s] DEBUG:colcon.colcon_core.event_handler.log_command:Invoked command in '/home/shubham/be_project_ws/build/robotic_arm_description' returned '0': CMAKE_PREFIX_PATH=${CMAKE_PREFIX_PATH}:/home/shubham/arduinobot_ws/install/arduinobot_py_examples:/opt/ros/humble /usr/bin/cmake --build /home/shubham/be_project_ws/build/robotic_arm_description -- -j16 -l16
[1.707s] DEBUG:colcon.colcon_core.event_handler.log_command:Invoking command in '/home/shubham/be_project_ws/build/robotic_arm_controller': CMAKE_PREFIX_PATH=${CMAKE_PREFIX_PATH}:/home/shubham/arduinobot_ws/install/arduinobot_py_examples:/opt/ros/humble /usr/bin/cmake --install /home/shubham/be_project_ws/build/robotic_arm_controller
[1.709s] DEBUG:colcon.colcon_core.event_handler.log_command:Invoking command in '/home/shubham/be_project_ws/build/ros_robot_description': CMAKE_PREFIX_PATH=${CMAKE_PREFIX_PATH}:/home/shubham/arduinobot_ws/install/arduinobot_py_examples:/opt/ros/humble /usr/bin/cmake --install /home/shubham/be_project_ws/build/ros_robot_description
[1.711s] DEBUG:colcon.colcon_core.event_handler.log_command:Invoking command in '/home/shubham/be_project_ws/build/ros_robot_controller': CMAKE_PREFIX_PATH=${CMAKE_PREFIX_PATH}:/home/shubham/arduinobot_ws/install/arduinobot_py_examples:/opt/ros/humble /usr/bin/cmake --install /home/shubham/be_project_ws/build/ros_robot_controller
[1.712s] DEBUG:colcon.colcon_core.event_handler.log_command:Invoking command in '/home/shubham/be_project_ws/build/robotic_arm_description': CMAKE_PREFIX_PATH=${CMAKE_PREFIX_PATH}:/home/shubham/arduinobot_ws/install/arduinobot_py_examples:/opt/ros/humble /usr/bin/cmake --install /home/shubham/be_project_ws/build/robotic_arm_description
[1.717s] Level 1:colcon.colcon_core.environment:create_environment_scripts_only(robotic_arm_controller)
[1.719s] DEBUG:colcon.colcon_core.event_handler.log_command:Invoked command in '/home/shubham/be_project_ws/build/robotic_arm_controller' returned '0': CMAKE_PREFIX_PATH=${CMAKE_PREFIX_PATH}:/home/shubham/arduinobot_ws/install/arduinobot_py_examples:/opt/ros/humble /usr/bin/cmake --install /home/shubham/be_project_ws/build/robotic_arm_controller
[1.745s] Level 1:colcon.colcon_core.environment:checking '/home/shubham/be_project_ws/install/robotic_arm_controller' for CMake module files
[1.746s] Level 1:colcon.colcon_core.environment:checking '/home/shubham/be_project_ws/install/robotic_arm_controller' for CMake config files
[1.746s] Level 1:colcon.colcon_core.shell:create_environment_hook('robotic_arm_controller', 'cmake_prefix_path')
[1.760s] INFO:colcon.colcon_core.shell:Creating environment hook '/home/shubham/be_project_ws/install/robotic_arm_controller/share/robotic_arm_controller/hook/cmake_prefix_path.ps1'
[1.761s] INFO:colcon.colcon_core.shell:Creating environment descriptor '/home/shubham/be_project_ws/install/robotic_arm_controller/share/robotic_arm_controller/hook/cmake_prefix_path.dsv'
[1.761s] INFO:colcon.colcon_core.shell:Creating environment hook '/home/shubham/be_project_ws/install/robotic_arm_controller/share/robotic_arm_controller/hook/cmake_prefix_path.sh'
[1.762s] Level 1:colcon.colcon_core.environment:checking '/home/shubham/be_project_ws/install/robotic_arm_controller/bin'
[1.762s] Level 1:colcon.colcon_core.environment:checking '/home/shubham/be_project_ws/install/robotic_arm_controller/lib/pkgconfig/robotic_arm_controller.pc'
[1.762s] Level 1:colcon.colcon_core.environment:checking '/home/shubham/be_project_ws/install/robotic_arm_controller/lib/python3.10/site-packages'
[1.762s] Level 1:colcon.colcon_core.environment:checking '/home/shubham/be_project_ws/install/robotic_arm_controller/bin'
[1.777s] INFO:colcon.colcon_core.shell:Creating package script '/home/shubham/be_project_ws/install/robotic_arm_controller/share/robotic_arm_controller/package.ps1'
[1.777s] INFO:colcon.colcon_core.shell:Creating package descriptor '/home/shubham/be_project_ws/install/robotic_arm_controller/share/robotic_arm_controller/package.dsv'
[1.777s] INFO:colcon.colcon_core.shell:Creating package script '/home/shubham/be_project_ws/install/robotic_arm_controller/share/robotic_arm_controller/package.sh'
[1.778s] INFO:colcon.colcon_core.shell:Creating package script '/home/shubham/be_project_ws/install/robotic_arm_controller/share/robotic_arm_controller/package.bash'
[1.779s] INFO:colcon.colcon_core.shell:Creating package script '/home/shubham/be_project_ws/install/robotic_arm_controller/share/robotic_arm_controller/package.zsh'
[1.779s] Level 1:colcon.colcon_core.environment:create_file_with_runtime_dependencies(/home/shubham/be_project_ws/install/robotic_arm_controller/share/colcon-core/packages/robotic_arm_controller)
[1.781s] Level 1:colcon.colcon_core.environment:create_environment_scripts_only(ros_robot_description)
[1.781s] DEBUG:colcon.colcon_core.event_handler.log_command:Invoked command in '/home/shubham/be_project_ws/build/ros_robot_description' returned '0': CMAKE_PREFIX_PATH=${CMAKE_PREFIX_PATH}:/home/shubham/arduinobot_ws/install/arduinobot_py_examples:/opt/ros/humble /usr/bin/cmake --install /home/shubham/be_project_ws/build/ros_robot_description
[1.796s] Level 1:colcon.colcon_core.environment:checking '/home/shubham/be_project_ws/install/ros_robot_description' for CMake module files
[1.797s] Level 1:colcon.colcon_core.environment:checking '/home/shubham/be_project_ws/install/ros_robot_description' for CMake config files
[1.797s] Level 1:colcon.colcon_core.shell:create_environment_hook('ros_robot_description', 'cmake_prefix_path')
[1.811s] INFO:colcon.colcon_core.shell:Creating environment hook '/home/shubham/be_project_ws/install/ros_robot_description/share/ros_robot_description/hook/cmake_prefix_path.ps1'
[1.812s] INFO:colcon.colcon_core.shell:Creating environment descriptor '/home/shubham/be_project_ws/install/ros_robot_description/share/ros_robot_description/hook/cmake_prefix_path.dsv'
[1.812s] INFO:colcon.colcon_core.shell:Creating environment hook '/home/shubham/be_project_ws/install/ros_robot_description/share/ros_robot_description/hook/cmake_prefix_path.sh'
[1.812s] Level 1:colcon.colcon_core.environment:checking '/home/shubham/be_project_ws/install/ros_robot_description/bin'
[1.812s] Level 1:colcon.colcon_core.environment:checking '/home/shubham/be_project_ws/install/ros_robot_description/lib/pkgconfig/ros_robot_description.pc'
[1.813s] Level 1:colcon.colcon_core.environment:checking '/home/shubham/be_project_ws/install/ros_robot_description/lib/python3.10/site-packages'
[1.813s] Level 1:colcon.colcon_core.environment:checking '/home/shubham/be_project_ws/install/ros_robot_description/bin'
[1.827s] INFO:colcon.colcon_core.shell:Creating package script '/home/shubham/be_project_ws/install/ros_robot_description/share/ros_robot_description/package.ps1'
[1.827s] INFO:colcon.colcon_core.shell:Creating package descriptor '/home/shubham/be_project_ws/install/ros_robot_description/share/ros_robot_description/package.dsv'
[1.827s] INFO:colcon.colcon_core.shell:Creating package script '/home/shubham/be_project_ws/install/ros_robot_description/share/ros_robot_description/package.sh'
[1.828s] INFO:colcon.colcon_core.shell:Creating package script '/home/shubham/be_project_ws/install/ros_robot_description/share/ros_robot_description/package.bash'
[1.828s] INFO:colcon.colcon_core.shell:Creating package script '/home/shubham/be_project_ws/install/ros_robot_description/share/ros_robot_description/package.zsh'
[1.828s] Level 1:colcon.colcon_core.environment:create_file_with_runtime_dependencies(/home/shubham/be_project_ws/install/ros_robot_description/share/colcon-core/packages/ros_robot_description)
[1.829s] Level 1:colcon.colcon_core.environment:create_environment_scripts_only(robotic_arm_description)
[1.830s] DEBUG:colcon.colcon_core.event_handler.log_command:Invoked command in '/home/shubham/be_project_ws/build/robotic_arm_description' returned '0': CMAKE_PREFIX_PATH=${CMAKE_PREFIX_PATH}:/home/shubham/arduinobot_ws/install/arduinobot_py_examples:/opt/ros/humble /usr/bin/cmake --install /home/shubham/be_project_ws/build/robotic_arm_description
[1.845s] Level 1:colcon.colcon_core.environment:checking '/home/shubham/be_project_ws/install/robotic_arm_description' for CMake module files
[1.845s] Level 1:colcon.colcon_core.environment:checking '/home/shubham/be_project_ws/install/robotic_arm_description' for CMake config files
[1.845s] Level 1:colcon.colcon_core.shell:create_environment_hook('robotic_arm_description', 'cmake_prefix_path')
[1.860s] INFO:colcon.colcon_core.shell:Creating environment hook '/home/shubham/be_project_ws/install/robotic_arm_description/share/robotic_arm_description/hook/cmake_prefix_path.ps1'
[1.860s] INFO:colcon.colcon_core.shell:Creating environment descriptor '/home/shubham/be_project_ws/install/robotic_arm_description/share/robotic_arm_description/hook/cmake_prefix_path.dsv'
[1.861s] INFO:colcon.colcon_core.shell:Creating environment hook '/home/shubham/be_project_ws/install/robotic_arm_description/share/robotic_arm_description/hook/cmake_prefix_path.sh'
[1.861s] Level 1:colcon.colcon_core.environment:checking '/home/shubham/be_project_ws/install/robotic_arm_description/bin'
[1.861s] Level 1:colcon.colcon_core.environment:checking '/home/shubham/be_project_ws/install/robotic_arm_description/lib/pkgconfig/robotic_arm_description.pc'
[1.861s] Level 1:colcon.colcon_core.environment:checking '/home/shubham/be_project_ws/install/robotic_arm_description/lib/python3.10/site-packages'
[1.861s] Level 1:colcon.colcon_core.environment:checking '/home/shubham/be_project_ws/install/robotic_arm_description/bin'
[1.876s] INFO:colcon.colcon_core.shell:Creating package script '/home/shubham/be_project_ws/install/robotic_arm_description/share/robotic_arm_description/package.ps1'
[1.876s] INFO:colcon.colcon_core.shell:Creating package descriptor '/home/shubham/be_project_ws/install/robotic_arm_description/share/robotic_arm_description/package.dsv'
[1.876s] INFO:colcon.colcon_core.shell:Creating package script '/home/shubham/be_project_ws/install/robotic_arm_description/share/robotic_arm_description/package.sh'
[1.876s] INFO:colcon.colcon_core.shell:Creating package script '/home/shubham/be_project_ws/install/robotic_arm_description/share/robotic_arm_description/package.bash'
[1.877s] INFO:colcon.colcon_core.shell:Creating package script '/home/shubham/be_project_ws/install/robotic_arm_description/share/robotic_arm_description/package.zsh'
[1.877s] Level 1:colcon.colcon_core.environment:create_file_with_runtime_dependencies(/home/shubham/be_project_ws/install/robotic_arm_description/share/colcon-core/packages/robotic_arm_description)
[1.878s] Level 1:colcon.colcon_core.environment:create_environment_scripts_only(ros_robot_controller)
[1.878s] DEBUG:colcon.colcon_core.event_handler.log_command:Invoked command in '/home/shubham/be_project_ws/build/ros_robot_controller' returned '0': CMAKE_PREFIX_PATH=${CMAKE_PREFIX_PATH}:/home/shubham/arduinobot_ws/install/arduinobot_py_examples:/opt/ros/humble /usr/bin/cmake --install /home/shubham/be_project_ws/build/ros_robot_controller
[1.893s] Level 1:colcon.colcon_core.environment:checking '/home/shubham/be_project_ws/install/ros_robot_controller' for CMake module files
[1.894s] Level 1:colcon.colcon_core.environment:checking '/home/shubham/be_project_ws/install/ros_robot_controller' for CMake config files
[1.894s] Level 1:colcon.colcon_core.shell:create_environment_hook('ros_robot_controller', 'cmake_prefix_path')
[1.908s] INFO:colcon.colcon_core.shell:Creating environment hook '/home/shubham/be_project_ws/install/ros_robot_controller/share/ros_robot_controller/hook/cmake_prefix_path.ps1'
[1.909s] INFO:colcon.colcon_core.shell:Creating environment descriptor '/home/shubham/be_project_ws/install/ros_robot_controller/share/ros_robot_controller/hook/cmake_prefix_path.dsv'
[1.909s] INFO:colcon.colcon_core.shell:Creating environment hook '/home/shubham/be_project_ws/install/ros_robot_controller/share/ros_robot_controller/hook/cmake_prefix_path.sh'
[1.909s] Level 1:colcon.colcon_core.environment:checking '/home/shubham/be_project_ws/install/ros_robot_controller/bin'
[1.909s] Level 1:colcon.colcon_core.environment:checking '/home/shubham/be_project_ws/install/ros_robot_controller/lib/pkgconfig/ros_robot_controller.pc'
[1.909s] Level 1:colcon.colcon_core.environment:checking '/home/shubham/be_project_ws/install/ros_robot_controller/lib/python3.10/site-packages'
[1.910s] Level 1:colcon.colcon_core.environment:checking '/home/shubham/be_project_ws/install/ros_robot_controller/bin'
[1.924s] INFO:colcon.colcon_core.shell:Creating package script '/home/shubham/be_project_ws/install/ros_robot_controller/share/ros_robot_controller/package.ps1'
[1.924s] INFO:colcon.colcon_core.shell:Creating package descriptor '/home/shubham/be_project_ws/install/ros_robot_controller/share/ros_robot_controller/package.dsv'
[1.924s] INFO:colcon.colcon_core.shell:Creating package script '/home/shubham/be_project_ws/install/ros_robot_controller/share/ros_robot_controller/package.sh'
[1.925s] INFO:colcon.colcon_core.shell:Creating package script '/home/shubham/be_project_ws/install/ros_robot_controller/share/ros_robot_controller/package.bash'
[1.925s] INFO:colcon.colcon_core.shell:Creating package script '/home/shubham/be_project_ws/install/ros_robot_controller/share/ros_robot_controller/package.zsh'
[1.925s] Level 1:colcon.colcon_core.environment:create_file_with_runtime_dependencies(/home/shubham/be_project_ws/install/ros_robot_controller/share/colcon-core/packages/ros_robot_controller)
[1.941s] Level 1:colcon.colcon_core.environment:create_environment_scripts_only(robotic_arm_controller)
[1.955s] Level 1:colcon.colcon_core.environment:checking '/home/shubham/be_project_ws/install/robotic_arm_controller' for CMake module files
[1.955s] Level 1:colcon.colcon_core.environment:checking '/home/shubham/be_project_ws/install/robotic_arm_controller' for CMake config files
[1.956s] Level 1:colcon.colcon_core.shell:create_environment_hook('robotic_arm_controller', 'cmake_prefix_path')
[1.970s] INFO:colcon.colcon_core.shell:Creating environment hook '/home/shubham/be_project_ws/install/robotic_arm_controller/share/robotic_arm_controller/hook/cmake_prefix_path.ps1'
[1.970s] INFO:colcon.colcon_core.shell:Creating environment descriptor '/home/shubham/be_project_ws/install/robotic_arm_controller/share/robotic_arm_controller/hook/cmake_prefix_path.dsv'
[1.970s] INFO:colcon.colcon_core.shell:Creating environment hook '/home/shubham/be_project_ws/install/robotic_arm_controller/share/robotic_arm_controller/hook/cmake_prefix_path.sh'
[1.971s] Level 1:colcon.colcon_core.environment:checking '/home/shubham/be_project_ws/install/robotic_arm_controller/bin'
[1.971s] Level 1:colcon.colcon_core.environment:checking '/home/shubham/be_project_ws/install/robotic_arm_controller/lib/pkgconfig/robotic_arm_controller.pc'
[1.971s] Level 1:colcon.colcon_core.environment:checking '/home/shubham/be_project_ws/install/robotic_arm_controller/lib/python3.10/site-packages'
[1.971s] Level 1:colcon.colcon_core.environment:checking '/home/shubham/be_project_ws/install/robotic_arm_controller/bin'
[1.985s] INFO:colcon.colcon_core.shell:Creating package script '/home/shubham/be_project_ws/install/robotic_arm_controller/share/robotic_arm_controller/package.ps1'
[1.985s] INFO:colcon.colcon_core.shell:Creating package descriptor '/home/shubham/be_project_ws/install/robotic_arm_controller/share/robotic_arm_controller/package.dsv'
[1.986s] INFO:colcon.colcon_core.shell:Creating package script '/home/shubham/be_project_ws/install/robotic_arm_controller/share/robotic_arm_controller/package.sh'
[1.986s] INFO:colcon.colcon_core.shell:Creating package script '/home/shubham/be_project_ws/install/robotic_arm_controller/share/robotic_arm_controller/package.bash'
[1.986s] INFO:colcon.colcon_core.shell:Creating package script '/home/shubham/be_project_ws/install/robotic_arm_controller/share/robotic_arm_controller/package.zsh'
[1.987s] Level 1:colcon.colcon_core.environment:create_file_with_runtime_dependencies(/home/shubham/be_project_ws/install/robotic_arm_controller/share/colcon-core/packages/robotic_arm_controller)
[2.002s] Level 1:colcon.colcon_core.environment:create_environment_scripts_only(ros_robot_description)
[2.015s] Level 1:colcon.colcon_core.environment:checking '/home/shubham/be_project_ws/install/ros_robot_description' for CMake module files
[2.016s] Level 1:colcon.colcon_core.environment:checking '/home/shubham/be_project_ws/install/ros_robot_description' for CMake config files
[2.016s] Level 1:colcon.colcon_core.shell:create_environment_hook('ros_robot_description', 'cmake_prefix_path')
[2.030s] INFO:colcon.colcon_core.shell:Creating environment hook '/home/shubham/be_project_ws/install/ros_robot_description/share/ros_robot_description/hook/cmake_prefix_path.ps1'
[2.030s] INFO:colcon.colcon_core.shell:Creating environment descriptor '/home/shubham/be_project_ws/install/ros_robot_description/share/ros_robot_description/hook/cmake_prefix_path.dsv'
[2.030s] INFO:colcon.colcon_core.shell:Creating environment hook '/home/shubham/be_project_ws/install/ros_robot_description/share/ros_robot_description/hook/cmake_prefix_path.sh'
[2.031s] Level 1:colcon.colcon_core.environment:checking '/home/shubham/be_project_ws/install/ros_robot_description/bin'
[2.031s] Level 1:colcon.colcon_core.environment:checking '/home/shubham/be_project_ws/install/ros_robot_description/lib/pkgconfig/ros_robot_description.pc'
[2.031s] Level 1:colcon.colcon_core.environment:checking '/home/shubham/be_project_ws/install/ros_robot_description/lib/python3.10/site-packages'
[2.031s] Level 1:colcon.colcon_core.environment:checking '/home/shubham/be_project_ws/install/ros_robot_description/bin'
[2.045s] INFO:colcon.colcon_core.shell:Creating package script '/home/shubham/be_project_ws/install/ros_robot_description/share/ros_robot_description/package.ps1'
[2.046s] INFO:colcon.colcon_core.shell:Creating package descriptor '/home/shubham/be_project_ws/install/ros_robot_description/share/ros_robot_description/package.dsv'
[2.046s] INFO:colcon.colcon_core.shell:Creating package script '/home/shubham/be_project_ws/install/ros_robot_description/share/ros_robot_description/package.sh'
[2.047s] INFO:colcon.colcon_core.shell:Creating package script '/home/shubham/be_project_ws/install/ros_robot_description/share/ros_robot_description/package.bash'
[2.047s] INFO:colcon.colcon_core.shell:Creating package script '/home/shubham/be_project_ws/install/ros_robot_description/share/ros_robot_description/package.zsh'
[2.047s] Level 1:colcon.colcon_core.environment:create_file_with_runtime_dependencies(/home/shubham/be_project_ws/install/ros_robot_description/share/colcon-core/packages/ros_robot_description)
[2.069s] Level 1:colcon.colcon_core.environment:create_environment_scripts_only(robotic_arm_description)
[2.083s] Level 1:colcon.colcon_core.environment:checking '/home/shubham/be_project_ws/install/robotic_arm_description' for CMake module files
[2.084s] Level 1:colcon.colcon_core.environment:checking '/home/shubham/be_project_ws/install/robotic_arm_description' for CMake config files
[2.084s] Level 1:colcon.colcon_core.shell:create_environment_hook('robotic_arm_description', 'cmake_prefix_path')
[2.098s] INFO:colcon.colcon_core.shell:Creating environment hook '/home/shubham/be_project_ws/install/robotic_arm_description/share/robotic_arm_description/hook/cmake_prefix_path.ps1'
[2.098s] INFO:colcon.colcon_core.shell:Creating environment descriptor '/home/shubham/be_project_ws/install/robotic_arm_description/share/robotic_arm_description/hook/cmake_prefix_path.dsv'
[2.098s] INFO:colcon.colcon_core.shell:Creating environment hook '/home/shubham/be_project_ws/install/robotic_arm_description/share/robotic_arm_description/hook/cmake_prefix_path.sh'
[2.099s] Level 1:colcon.colcon_core.environment:checking '/home/shubham/be_project_ws/install/robotic_arm_description/bin'
[2.099s] Level 1:colcon.colcon_core.environment:checking '/home/shubham/be_project_ws/install/robotic_arm_description/lib/pkgconfig/robotic_arm_description.pc'
[2.099s] Level 1:colcon.colcon_core.environment:checking '/home/shubham/be_project_ws/install/robotic_arm_description/lib/python3.10/site-packages'
[2.099s] Level 1:colcon.colcon_core.environment:checking '/home/shubham/be_project_ws/install/robotic_arm_description/bin'
[2.113s] INFO:colcon.colcon_core.shell:Creating package script '/home/shubham/be_project_ws/install/robotic_arm_description/share/robotic_arm_description/package.ps1'
[2.113s] INFO:colcon.colcon_core.shell:Creating package descriptor '/home/shubham/be_project_ws/install/robotic_arm_description/share/robotic_arm_description/package.dsv'
[2.114s] INFO:colcon.colcon_core.shell:Creating package script '/home/shubham/be_project_ws/install/robotic_arm_description/share/robotic_arm_description/package.sh'
[2.114s] INFO:colcon.colcon_core.shell:Creating package script '/home/shubham/be_project_ws/install/robotic_arm_description/share/robotic_arm_description/package.bash'
[2.114s] INFO:colcon.colcon_core.shell:Creating package script '/home/shubham/be_project_ws/install/robotic_arm_description/share/robotic_arm_description/package.zsh'
[2.115s] Level 1:colcon.colcon_core.environment:create_file_with_runtime_dependencies(/home/shubham/be_project_ws/install/robotic_arm_description/share/colcon-core/packages/robotic_arm_description)
[2.130s] Level 1:colcon.colcon_core.environment:create_environment_scripts_only(ros_robot_controller)
[2.144s] Level 1:colcon.colcon_core.environment:checking '/home/shubham/be_project_ws/install/ros_robot_controller' for CMake module files
[2.145s] Level 1:colcon.colcon_core.environment:checking '/home/shubham/be_project_ws/install/ros_robot_controller' for CMake config files
[2.145s] Level 1:colcon.colcon_core.shell:create_environment_hook('ros_robot_controller', 'cmake_prefix_path')
[2.159s] INFO:colcon.colcon_core.shell:Creating environment hook '/home/shubham/be_project_ws/install/ros_robot_controller/share/ros_robot_controller/hook/cmake_prefix_path.ps1'
[2.160s] INFO:colcon.colcon_core.shell:Creating environment descriptor '/home/shubham/be_project_ws/install/ros_robot_controller/share/ros_robot_controller/hook/cmake_prefix_path.dsv'
[2.160s] INFO:colcon.colcon_core.shell:Creating environment hook '/home/shubham/be_project_ws/install/ros_robot_controller/share/ros_robot_controller/hook/cmake_prefix_path.sh'
[2.161s] Level 1:colcon.colcon_core.environment:checking '/home/shubham/be_project_ws/install/ros_robot_controller/bin'
[2.161s] Level 1:colcon.colcon_core.environment:checking '/home/shubham/be_project_ws/install/ros_robot_controller/lib/pkgconfig/ros_robot_controller.pc'
[2.161s] Level 1:colcon.colcon_core.environment:checking '/home/shubham/be_project_ws/install/ros_robot_controller/lib/python3.10/site-packages'
[2.161s] Level 1:colcon.colcon_core.environment:checking '/home/shubham/be_project_ws/install/ros_robot_controller/bin'
[2.176s] INFO:colcon.colcon_core.shell:Creating package script '/home/shubham/be_project_ws/install/ros_robot_controller/share/ros_robot_controller/package.ps1'
[2.177s] INFO:colcon.colcon_core.shell:Creating package descriptor '/home/shubham/be_project_ws/install/ros_robot_controller/share/ros_robot_controller/package.dsv'
[2.177s] INFO:colcon.colcon_core.shell:Creating package script '/home/shubham/be_project_ws/install/ros_robot_controller/share/ros_robot_controller/package.sh'
[2.178s] INFO:colcon.colcon_core.shell:Creating package script '/home/shubham/be_project_ws/install/ros_robot_controller/share/ros_robot_controller/package.bash'
[2.178s] INFO:colcon.colcon_core.shell:Creating package script '/home/shubham/be_project_ws/install/ros_robot_controller/share/ros_robot_controller/package.zsh'
[2.179s] Level 1:colcon.colcon_core.environment:create_file_with_runtime_dependencies(/home/shubham/be_project_ws/install/ros_robot_controller/share/colcon-core/packages/ros_robot_controller)
[2.179s] DEBUG:colcon.colcon_parallel_executor.executor.parallel:closing loop
[2.179s] DEBUG:colcon.colcon_parallel_executor.executor.parallel:loop closed
[2.179s] DEBUG:colcon.colcon_parallel_executor.executor.parallel:run_until_complete finished with '0'
[2.179s] DEBUG:colcon.colcon_core.event_reactor:joining thread
[2.199s] INFO:colcon.colcon_core.plugin_system:Skipping extension 'colcon_notification.desktop_notification.terminal_notifier': Not used on non-Darwin systems
[2.199s] INFO:colcon.colcon_core.plugin_system:Skipping extension 'colcon_notification.desktop_notification.win32': Not used on non-Windows systems
[2.199s] INFO:colcon.colcon_notification.desktop_notification:Sending desktop notification using 'notify2'
[2.209s] DEBUG:colcon.colcon_core.event_reactor:joined thread
[2.223s] INFO:colcon.colcon_core.shell:Creating prefix script '/home/shubham/be_project_ws/install/local_setup.ps1'
[2.224s] INFO:colcon.colcon_core.shell:Creating prefix util module '/home/shubham/be_project_ws/install/_local_setup_util_ps1.py'
[2.226s] INFO:colcon.colcon_core.shell:Creating prefix chain script '/home/shubham/be_project_ws/install/setup.ps1'
[2.243s] INFO:colcon.colcon_core.shell:Creating prefix script '/home/shubham/be_project_ws/install/local_setup.sh'
[2.244s] INFO:colcon.colcon_core.shell:Creating prefix util module '/home/shubham/be_project_ws/install/_local_setup_util_sh.py'
[2.244s] INFO:colcon.colcon_core.shell:Creating prefix chain script '/home/shubham/be_project_ws/install/setup.sh'
[2.260s] INFO:colcon.colcon_core.shell:Creating prefix script '/home/shubham/be_project_ws/install/local_setup.bash'
[2.261s] INFO:colcon.colcon_core.shell:Creating prefix chain script '/home/shubham/be_project_ws/install/setup.bash'
[2.276s] INFO:colcon.colcon_core.shell:Creating prefix script '/home/shubham/be_project_ws/install/local_setup.zsh'
[2.277s] INFO:colcon.colcon_core.shell:Creating prefix chain script '/home/shubham/be_project_ws/install/setup.zsh'
