[0.094s] Invoking command in '/home/shubham/be_project_ws/build/rplidar_ros': CMAKE_PREFIX_PATH=${CMAKE_PREFIX_PATH}:/home/shubham/arduinobot_ws/install/arduinobot_py_examples:/opt/ros/humble /usr/bin/cmake --build /home/shubham/be_project_ws/build/rplidar_ros -- -j16 -l16
[0.128s] [35m[1mConsolidate compiler generated dependencies of target rplidar_client[0m
[0.131s] [35m[1mConsolidate compiler generated dependencies of target rplidar_node[0m
[0.131s] [35m[1mConsolidate compiler generated dependencies of target rplidar_composition[0m
[0.141s] [  5%] Built target rplidar_client
[0.167s] [ 89%] Built target rplidar_composition
[0.167s] [100%] Built target rplidar_node
[0.439s] Invoked command in '/home/shubham/be_project_ws/build/rplidar_ros' returned '0': CMAKE_PREFIX_PATH=${CMAKE_PREFIX_PATH}:/home/shubham/arduinobot_ws/install/arduinobot_py_examples:/opt/ros/humble /usr/bin/cmake --build /home/shubham/be_project_ws/build/rplidar_ros -- -j16 -l16
[0.640s] Invoking command in '/home/shubham/be_project_ws/build/rplidar_ros': CMAKE_PREFIX_PATH=${CMAKE_PREFIX_PATH}:/home/shubham/arduinobot_ws/install/arduinobot_py_examples:/opt/ros/humble /usr/bin/cmake --install /home/shubham/be_project_ws/build/rplidar_ros
[0.645s] -- Install configuration: ""
[0.645s] -- Up-to-date: /home/shubham/be_project_ws/install/rplidar_ros/share/rplidar_ros/launch
[0.645s] -- Up-to-date: /home/shubham/be_project_ws/install/rplidar_ros/share/rplidar_ros/launch/view_rplidar_s3_launch.py
[0.645s] -- Up-to-date: /home/shubham/be_project_ws/install/rplidar_ros/share/rplidar_ros/launch/rplidar_s2e_launch.py
[0.645s] -- Up-to-date: /home/shubham/be_project_ws/install/rplidar_ros/share/rplidar_ros/launch/view_rplidar_a3_launch.py
[0.645s] -- Up-to-date: /home/shubham/be_project_ws/install/rplidar_ros/share/rplidar_ros/launch/view_rplidar_s2e_launch.py
[0.645s] -- Up-to-date: /home/shubham/be_project_ws/install/rplidar_ros/share/rplidar_ros/launch/rplidar_a1_launch.py
[0.646s] -- Up-to-date: /home/shubham/be_project_ws/install/rplidar_ros/share/rplidar_ros/launch/rplidar_a2m7_launch.py
[0.646s] -- Up-to-date: /home/shubham/be_project_ws/install/rplidar_ros/share/rplidar_ros/launch/view_rplidar_t1_launch.py
[0.646s] -- Up-to-date: /home/shubham/be_project_ws/install/rplidar_ros/share/rplidar_ros/launch/rplidar_s1_tcp_launch.py
[0.646s] -- Up-to-date: /home/shubham/be_project_ws/install/rplidar_ros/share/rplidar_ros/launch/view_rplidar_s1_launch.py
[0.646s] -- Up-to-date: /home/shubham/be_project_ws/install/rplidar_ros/share/rplidar_ros/launch/rplidar_s2_launch.py
[0.646s] -- Up-to-date: /home/shubham/be_project_ws/install/rplidar_ros/share/rplidar_ros/launch/view_rplidar_a2m12_launch.py
[0.646s] -- Up-to-date: /home/shubham/be_project_ws/install/rplidar_ros/share/rplidar_ros/launch/view_rplidar_s2_launch.py
[0.646s] -- Up-to-date: /home/shubham/be_project_ws/install/rplidar_ros/share/rplidar_ros/launch/view_rplidar_a2m8_launch.py
[0.646s] -- Up-to-date: /home/shubham/be_project_ws/install/rplidar_ros/share/rplidar_ros/launch/rplidar_c1_launch.py
[0.646s] -- Up-to-date: /home/shubham/be_project_ws/install/rplidar_ros/share/rplidar_ros/launch/rplidar_s1_launch.py
[0.646s] -- Up-to-date: /home/shubham/be_project_ws/install/rplidar_ros/share/rplidar_ros/launch/rplidar_a2m12_launch.py
[0.646s] -- Up-to-date: /home/shubham/be_project_ws/install/rplidar_ros/share/rplidar_ros/launch/view_rplidar_a1_launch.py
[0.646s] -- Up-to-date: /home/shubham/be_project_ws/install/rplidar_ros/share/rplidar_ros/launch/view_rplidar_c1_launch.py
[0.646s] -- Up-to-date: /home/shubham/be_project_ws/install/rplidar_ros/share/rplidar_ros/launch/view_rplidar_s1_tcp_launch.py
[0.646s] -- Up-to-date: /home/shubham/be_project_ws/install/rplidar_ros/share/rplidar_ros/launch/rplidar_a3_launch.py
[0.646s] -- Up-to-date: /home/shubham/be_project_ws/install/rplidar_ros/share/rplidar_ros/launch/view_rplidar_a2m7_launch.py
[0.646s] -- Up-to-date: /home/shubham/be_project_ws/install/rplidar_ros/share/rplidar_ros/launch/rplidar_a2m8_launch.py
[0.647s] -- Up-to-date: /home/shubham/be_project_ws/install/rplidar_ros/share/rplidar_ros/launch/rplidar_t1_launch.py
[0.647s] -- Up-to-date: /home/shubham/be_project_ws/install/rplidar_ros/share/rplidar_ros/launch/rplidar_s3_launch.py
[0.647s] -- Up-to-date: /home/shubham/be_project_ws/install/rplidar_ros/share/rplidar_ros/rviz
[0.647s] -- Up-to-date: /home/shubham/be_project_ws/install/rplidar_ros/share/rplidar_ros/rviz/rplidar_ros.rviz
[0.647s] -- Up-to-date: /home/shubham/be_project_ws/install/rplidar_ros/lib/rplidar_ros/rplidar_node
[0.647s] -- Up-to-date: /home/shubham/be_project_ws/install/rplidar_ros/lib/rplidar_ros/rplidar_composition
[0.647s] -- Up-to-date: /home/shubham/be_project_ws/install/rplidar_ros/lib/rplidar_ros/rplidar_client
[0.647s] -- Up-to-date: /home/shubham/be_project_ws/install/rplidar_ros/share/ament_index/resource_index/package_run_dependencies/rplidar_ros
[0.647s] -- Up-to-date: /home/shubham/be_project_ws/install/rplidar_ros/share/ament_index/resource_index/parent_prefix_path/rplidar_ros
[0.647s] -- Up-to-date: /home/shubham/be_project_ws/install/rplidar_ros/share/rplidar_ros/environment/ament_prefix_path.sh
[0.647s] -- Up-to-date: /home/shubham/be_project_ws/install/rplidar_ros/share/rplidar_ros/environment/ament_prefix_path.dsv
[0.647s] -- Up-to-date: /home/shubham/be_project_ws/install/rplidar_ros/share/rplidar_ros/environment/path.sh
[0.647s] -- Up-to-date: /home/shubham/be_project_ws/install/rplidar_ros/share/rplidar_ros/environment/path.dsv
[0.647s] -- Up-to-date: /home/shubham/be_project_ws/install/rplidar_ros/share/rplidar_ros/local_setup.bash
[0.647s] -- Up-to-date: /home/shubham/be_project_ws/install/rplidar_ros/share/rplidar_ros/local_setup.sh
[0.647s] -- Up-to-date: /home/shubham/be_project_ws/install/rplidar_ros/share/rplidar_ros/local_setup.zsh
[0.647s] -- Up-to-date: /home/shubham/be_project_ws/install/rplidar_ros/share/rplidar_ros/local_setup.dsv
[0.647s] -- Installing: /home/shubham/be_project_ws/install/rplidar_ros/share/rplidar_ros/package.dsv
[0.648s] -- Up-to-date: /home/shubham/be_project_ws/install/rplidar_ros/share/ament_index/resource_index/packages/rplidar_ros
[0.648s] -- Up-to-date: /home/shubham/be_project_ws/install/rplidar_ros/share/rplidar_ros/cmake/ament_cmake_export_dependencies-extras.cmake
[0.648s] -- Up-to-date: /home/shubham/be_project_ws/install/rplidar_ros/share/rplidar_ros/cmake/ament_cmake_export_include_directories-extras.cmake
[0.648s] -- Up-to-date: /home/shubham/be_project_ws/install/rplidar_ros/share/rplidar_ros/cmake/rplidar_rosConfig.cmake
[0.648s] -- Up-to-date: /home/shubham/be_project_ws/install/rplidar_ros/share/rplidar_ros/cmake/rplidar_rosConfig-version.cmake
[0.648s] -- Up-to-date: /home/shubham/be_project_ws/install/rplidar_ros/share/rplidar_ros/package.xml
[0.648s] Invoked command in '/home/shubham/be_project_ws/build/rplidar_ros' returned '0': CMAKE_PREFIX_PATH=${CMAKE_PREFIX_PATH}:/home/shubham/arduinobot_ws/install/arduinobot_py_examples:/opt/ros/humble /usr/bin/cmake --install /home/shubham/be_project_ws/build/rplidar_ros
