[0.491s] Invoking command in '/home/shubham/be_project_ws/build/ros_robot_description': CMAKE_PREFIX_PATH=${CMAKE_PREFIX_PATH}:/home/shubham/arduinobot_ws/install/arduinobot_py_examples:/opt/ros/humble /usr/bin/cmake --build /home/shubham/be_project_ws/build/ros_robot_description -- -j16 -l16
[0.656s] Invoked command in '/home/shubham/be_project_ws/build/ros_robot_description' returned '0': CMAKE_PREFIX_PATH=${CMAKE_PREFIX_PATH}:/home/shubham/arduinobot_ws/install/arduinobot_py_examples:/opt/ros/humble /usr/bin/cmake --build /home/shubham/be_project_ws/build/ros_robot_description -- -j16 -l16
[0.753s] Invoking command in '/home/shubham/be_project_ws/build/ros_robot_description': CMAKE_PREFIX_PATH=${CMAKE_PREFIX_PATH}:/home/shubham/arduinobot_ws/install/arduinobot_py_examples:/opt/ros/humble /usr/bin/cmake --install /home/shubham/be_project_ws/build/ros_robot_description
[0.838s] -- Install configuration: ""
[0.839s] -- Up-to-date: /home/shubham/be_project_ws/install/ros_robot_description/share/ros_robot_description/launch
[0.840s] -- Up-to-date: /home/shubham/be_project_ws/install/ros_robot_description/share/ros_robot_description/launch/gazebo.launch.py
[0.841s] -- Up-to-date: /home/shubham/be_project_ws/install/ros_robot_description/share/ros_robot_description/launch/display.launch.py
[0.842s] -- Up-to-date: /home/shubham/be_project_ws/install/ros_robot_description/share/ros_robot_description/meshes
[0.842s] -- Up-to-date: /home/shubham/be_project_ws/install/ros_robot_description/share/ros_robot_description/meshes/lidar_base_1.stl
[0.843s] -- Up-to-date: /home/shubham/be_project_ws/install/ros_robot_description/share/ros_robot_description/meshes/gripper_plate_1.stl
[0.851s] -- Up-to-date: /home/shubham/be_project_ws/install/ros_robot_description/share/ros_robot_description/meshes/servo_2_horn_2_1.stl
[0.852s] -- Up-to-date: /home/shubham/be_project_ws/install/ros_robot_description/share/ros_robot_description/meshes/coupling_1_1.stl
[0.852s] -- Up-to-date: /home/shubham/be_project_ws/install/ros_robot_description/share/ros_robot_description/meshes/wrist_servo_plate_1.stl
[0.853s] -- Up-to-date: /home/shubham/be_project_ws/install/ros_robot_description/share/ros_robot_description/meshes/end_effector_left_1.stl
[0.854s] -- Up-to-date: /home/shubham/be_project_ws/install/ros_robot_description/share/ros_robot_description/meshes/motor_1_1.stl
[0.855s] -- Up-to-date: /home/shubham/be_project_ws/install/ros_robot_description/share/ros_robot_description/meshes/base_horn_1.stl
[0.856s] -- Up-to-date: /home/shubham/be_project_ws/install/ros_robot_description/share/ros_robot_description/meshes/end_effector_right_1.stl
[0.857s] -- Up-to-date: /home/shubham/be_project_ws/install/ros_robot_description/share/ros_robot_description/meshes/right_gripper_gear_1.stl
[0.857s] -- Up-to-date: /home/shubham/be_project_ws/install/ros_robot_description/share/ros_robot_description/meshes/wheel_4_1.stl
[0.858s] -- Up-to-date: /home/shubham/be_project_ws/install/ros_robot_description/share/ros_robot_description/meshes/servo_base_plate_1.stl
[0.858s] -- Up-to-date: /home/shubham/be_project_ws/install/ros_robot_description/share/ros_robot_description/meshes/servo_1_horn_1_1.stl
[0.858s] -- Up-to-date: /home/shubham/be_project_ws/install/ros_robot_description/share/ros_robot_description/meshes/base_servo_1.stl
[0.859s] -- Up-to-date: /home/shubham/be_project_ws/install/ros_robot_description/share/ros_robot_description/meshes/middle_plate_lower_1.stl
[0.860s] -- Up-to-date: /home/shubham/be_project_ws/install/ros_robot_description/share/ros_robot_description/meshes/gripper_servo_1.stl
[0.861s] -- Up-to-date: /home/shubham/be_project_ws/install/ros_robot_description/share/ros_robot_description/meshes/servo_3_horn_1_1.stl
[0.861s] -- Up-to-date: /home/shubham/be_project_ws/install/ros_robot_description/share/ros_robot_description/meshes/coupling_2_1.stl
[0.863s] -- Up-to-date: /home/shubham/be_project_ws/install/ros_robot_description/share/ros_robot_description/meshes/motor_2_1.stl
[0.865s] -- Up-to-date: /home/shubham/be_project_ws/install/ros_robot_description/share/ros_robot_description/meshes/middle_plate_upper_1.stl
[0.867s] -- Up-to-date: /home/shubham/be_project_ws/install/ros_robot_description/share/ros_robot_description/meshes/servo_2_horn_1_1.stl
[0.868s] -- Up-to-date: /home/shubham/be_project_ws/install/ros_robot_description/share/ros_robot_description/meshes/servo_3_horn_2_1.stl
[0.869s] -- Up-to-date: /home/shubham/be_project_ws/install/ros_robot_description/share/ros_robot_description/meshes/servo_2_1.stl
[0.869s] -- Up-to-date: /home/shubham/be_project_ws/install/ros_robot_description/share/ros_robot_description/meshes/coupling_4_1.stl
[0.870s] -- Up-to-date: /home/shubham/be_project_ws/install/ros_robot_description/share/ros_robot_description/meshes/camera_1.stl
[0.871s] -- Up-to-date: /home/shubham/be_project_ws/install/ros_robot_description/share/ros_robot_description/meshes/motor_4_1.stl
[0.872s] -- Up-to-date: /home/shubham/be_project_ws/install/ros_robot_description/share/ros_robot_description/meshes/motor_3_1.stl
[0.872s] -- Up-to-date: /home/shubham/be_project_ws/install/ros_robot_description/share/ros_robot_description/meshes/tf_luna_1.stl
[0.873s] -- Up-to-date: /home/shubham/be_project_ws/install/ros_robot_description/share/ros_robot_description/meshes/upper_arm_1.stl
[0.874s] -- Up-to-date: /home/shubham/be_project_ws/install/ros_robot_description/share/ros_robot_description/meshes/coupling_3_1.stl
[0.875s] -- Up-to-date: /home/shubham/be_project_ws/install/ros_robot_description/share/ros_robot_description/meshes/wheel_3_1.stl
[0.875s] -- Up-to-date: /home/shubham/be_project_ws/install/ros_robot_description/share/ros_robot_description/meshes/wrist_end_plate_1.stl
[0.875s] -- Up-to-date: /home/shubham/be_project_ws/install/ros_robot_description/share/ros_robot_description/meshes/left_gripper_gear_1.stl
[0.876s] -- Up-to-date: /home/shubham/be_project_ws/install/ros_robot_description/share/ros_robot_description/meshes/servo_1_horn_2_1.stl
[0.877s] -- Up-to-date: /home/shubham/be_project_ws/install/ros_robot_description/share/ros_robot_description/meshes/wheel_1_1.stl
[0.879s] -- Up-to-date: /home/shubham/be_project_ws/install/ros_robot_description/share/ros_robot_description/meshes/base_link.stl
[0.880s] -- Up-to-date: /home/shubham/be_project_ws/install/ros_robot_description/share/ros_robot_description/meshes/servo_3_1.stl
[0.880s] -- Up-to-date: /home/shubham/be_project_ws/install/ros_robot_description/share/ros_robot_description/meshes/wheel_2_1.stl
[0.881s] -- Up-to-date: /home/shubham/be_project_ws/install/ros_robot_description/share/ros_robot_description/meshes/servo_1_1.stl
[0.881s] -- Up-to-date: /home/shubham/be_project_ws/install/ros_robot_description/share/ros_robot_description/meshes/lidar_scan_1.stl
[0.882s] -- Up-to-date: /home/shubham/be_project_ws/install/ros_robot_description/share/ros_robot_description/meshes/base_servo_rotate_plate_1.stl
[0.882s] -- Up-to-date: /home/shubham/be_project_ws/install/ros_robot_description/share/ros_robot_description/urdf
[0.883s] -- Up-to-date: /home/shubham/be_project_ws/install/ros_robot_description/share/ros_robot_description/urdf/ros_robot_gazebo.xacro
[0.883s] -- Up-to-date: /home/shubham/be_project_ws/install/ros_robot_description/share/ros_robot_description/urdf/materials.xacro
[0.884s] -- Installing: /home/shubham/be_project_ws/install/ros_robot_description/share/ros_robot_description/urdf/ros_robot.xacro
[0.885s] -- Up-to-date: /home/shubham/be_project_ws/install/ros_robot_description/share/ros_robot_description/urdf/ros_robot_ros2_control.xacro
[0.885s] -- Up-to-date: /home/shubham/be_project_ws/install/ros_robot_description/share/ros_robot_description/rviz
[0.886s] -- Up-to-date: /home/shubham/be_project_ws/install/ros_robot_description/share/ros_robot_description/rviz/display.rviz
[0.888s] -- Up-to-date: /home/shubham/be_project_ws/install/ros_robot_description/share/ament_index/resource_index/package_run_dependencies/ros_robot_description
[0.888s] -- Up-to-date: /home/shubham/be_project_ws/install/ros_robot_description/share/ament_index/resource_index/parent_prefix_path/ros_robot_description
[0.889s] -- Up-to-date: /home/shubham/be_project_ws/install/ros_robot_description/share/ros_robot_description/environment/ament_prefix_path.sh
[0.889s] -- Up-to-date: /home/shubham/be_project_ws/install/ros_robot_description/share/ros_robot_description/environment/ament_prefix_path.dsv
[0.889s] -- Up-to-date: /home/shubham/be_project_ws/install/ros_robot_description/share/ros_robot_description/environment/path.sh
[0.890s] -- Up-to-date: /home/shubham/be_project_ws/install/ros_robot_description/share/ros_robot_description/environment/path.dsv
[0.890s] -- Up-to-date: /home/shubham/be_project_ws/install/ros_robot_description/share/ros_robot_description/local_setup.bash
[0.891s] -- Up-to-date: /home/shubham/be_project_ws/install/ros_robot_description/share/ros_robot_description/local_setup.sh
[0.892s] -- Up-to-date: /home/shubham/be_project_ws/install/ros_robot_description/share/ros_robot_description/local_setup.zsh
[0.893s] -- Up-to-date: /home/shubham/be_project_ws/install/ros_robot_description/share/ros_robot_description/local_setup.dsv
[0.893s] -- Installing: /home/shubham/be_project_ws/install/ros_robot_description/share/ros_robot_description/package.dsv
[0.895s] -- Up-to-date: /home/shubham/be_project_ws/install/ros_robot_description/share/ament_index/resource_index/packages/ros_robot_description
[0.896s] -- Up-to-date: /home/shubham/be_project_ws/install/ros_robot_description/share/ros_robot_description/cmake/ros_robot_descriptionConfig.cmake
[0.896s] -- Up-to-date: /home/shubham/be_project_ws/install/ros_robot_description/share/ros_robot_description/cmake/ros_robot_descriptionConfig-version.cmake
[0.897s] -- Up-to-date: /home/shubham/be_project_ws/install/ros_robot_description/share/ros_robot_description/package.xml
[1.778s] Invoked command in '/home/shubham/be_project_ws/build/ros_robot_description' returned '0': CMAKE_PREFIX_PATH=${CMAKE_PREFIX_PATH}:/home/shubham/arduinobot_ws/install/arduinobot_py_examples:/opt/ros/humble /usr/bin/cmake --install /home/shubham/be_project_ws/build/ros_robot_description
